Using pre-set license
Built from '2020.3/staging' branch; Version is '2020.3.10f1 (297d780c91bc) revision 2719096'; Using compiler version '192528614'; Build Type 'Release'
OS: 'Windows 10 Pro; OS build 19041.1415; Version 2004; 64bit' Language: 'en' Physical Memory: 16315 MB
BatchMode: 1, IsHumanControllingUs: 0, StartBugReporterOnCrash: 0, Is64bit: 1, IsPro: 0

 COMMAND LINE ARGUMENTS:
S:\Unity Editor\2020.3.10f1\Editor\Unity.exe
-adb2
-batchMode
-noUpm
-name
AssetImportWorker0
-projectPath
I:/Github/Coin Game/Coin-Game-Ludificor/Coin Machine Game
-logFile
Logs/AssetImportWorker0.log
-srvPort
58426
Successfully changed project path to: I:/Github/Coin Game/Coin-Game-Ludificor/Coin Machine Game
I:/Github/Coin Game/Coin-Game-Ludificor/Coin Machine Game
Using Asset Import Pipeline V2.
Refreshing native plugins compatible for Editor in 51.03 ms, found 2 plugins.
Preloading 0 native plugins for Editor in 0.00 ms.
Initialize engine version: 2020.3.10f1 (297d780c91bc)
[Subsystems] Discovering subsystems at path S:/Unity Editor/2020.3.10f1/Editor/Data/Resources/UnitySubsystems
[Subsystems] Discovering subsystems at path I:/Github/Coin Game/Coin-Game-Ludificor/Coin Machine Game/Assets
GfxDevice: creating device client; threaded=0
Direct3D:
    Version:  Direct3D 11.0 [level 11.1]
    Renderer: Radeon RX 570 Series (ID=0x67df)
    Vendor:   
    VRAM:     8171 MB
    Driver:   30.0.13023.1012
Shader 'Universal Render Pipeline/Particles/Lit': fallback shader 'Universal Render Pipeline/Particles/SimpleLit' not found
Initialize mono
Mono path[0] = 'S:/Unity Editor/2020.3.10f1/Editor/Data/Managed'
Mono path[1] = 'S:/Unity Editor/2020.3.10f1/Editor/Data/MonoBleedingEdge/lib/mono/unityjit'
Mono config path = 'S:/Unity Editor/2020.3.10f1/Editor/Data/MonoBleedingEdge/etc'
Using monoOptions --debugger-agent=transport=dt_socket,embedding=1,server=y,suspend=n,address=127.0.0.1:56260
Begin MonoManager ReloadAssembly
Registering precompiled unity dll's ...
Register platform support module: S:/Unity Editor/2020.3.10f1/Editor/Data/PlaybackEngines/MacStandaloneSupport/UnityEditor.OSXStandalone.Extensions.dll
Register platform support module: S:/Unity Editor/2020.3.10f1/Editor/Data/PlaybackEngines/WindowsStandaloneSupport/UnityEditor.WindowsStandalone.Extensions.dll
Register platform support module: S:/Unity Editor/2020.3.10f1/Editor/Data/PlaybackEngines/LinuxStandaloneSupport/UnityEditor.LinuxStandalone.Extensions.dll
Registered in 0.001421 seconds.
Native extension for LinuxStandalone target not found
Native extension for WindowsStandalone target not found
Native extension for OSXStandalone target not found
Refreshing native plugins compatible for Editor in 50.28 ms, found 2 plugins.
Preloading 0 native plugins for Editor in 0.00 ms.
Mono: successfully reloaded assembly
- Completed reload, in  1.294 seconds
Platform modules already initialized, skipping
Registering precompiled user dll's ...
Registered in 0.005203 seconds.
Begin MonoManager ReloadAssembly
Native extension for LinuxStandalone target not found
Native extension for WindowsStandalone target not found
Native extension for OSXStandalone target not found
Refreshing native plugins compatible for Editor in 52.14 ms, found 2 plugins.
Preloading 0 native plugins for Editor in 0.00 ms.
Mono: successfully reloaded assembly
- Completed reload, in  1.535 seconds
Platform modules already initialized, skipping
========================================================================
Worker process is ready to serve import requests
Shader 'Universal Render Pipeline/Particles/Lit': fallback shader 'Universal Render Pipeline/Particles/SimpleLit' not found
Launched and connected shader compiler UnityShaderCompiler.exe after 0.11 seconds
Refreshing native plugins compatible for Editor in 0.79 ms, found 2 plugins.
Preloading 0 native plugins for Editor in 0.00 ms.
Unloading 2745 Unused Serialized files (Serialized files now loaded: 0)
System memory in use before: 207.1 MB.
System memory in use after: 207.3 MB.

Unloading 30 unused Assets to reduce memory usage. Loaded Objects now: 3230.
Total: 27.668700 ms (FindLiveObjects: 0.349900 ms CreateObjectMapping: 0.069600 ms MarkObjects: 27.108100 ms  DeleteObjects: 0.139000 ms)

========================================================================
Received Import Request.
  path: Assets/Scripts/Event/CoinBlitz/GlassRemover.cs
  artifactKey: Guid(1ccf21d9039c37b4284810c44228278d) Importer(815301076,1909f56bfc062723c751e8b465ee728b)
Start importing Assets/Scripts/Event/CoinBlitz/GlassRemover.cs using Guid(1ccf21d9039c37b4284810c44228278d) Importer(815301076,1909f56bfc062723c751e8b465ee728b)  -> (artifact id: 'f2463c610894a16e29db465e64434a54') in 0.118899 seconds
  Import took 0.123702 seconds .

========================================================================
Received Import Request.
  Time since last request: 465.786710 seconds.
  path: Assets/Scripts/Event/CoinBlitz/GlassRemover.cs
  artifactKey: Guid(1ccf21d9039c37b4284810c44228278d) Importer(815301076,1909f56bfc062723c751e8b465ee728b)
Start importing Assets/Scripts/Event/CoinBlitz/GlassRemover.cs using Guid(1ccf21d9039c37b4284810c44228278d) Importer(815301076,1909f56bfc062723c751e8b465ee728b)  -> (artifact id: '38b74a59a441198b3727577ff3fb5902') in 0.001715 seconds
  Import took 0.006314 seconds .

========================================================================
Received Import Request.
  Time since last request: 3.823481 seconds.
  path: Assets/Scripts/Event/CoinBlitz/GlassRemover.cs
  artifactKey: Guid(1ccf21d9039c37b4284810c44228278d) Importer(815301076,1909f56bfc062723c751e8b465ee728b)
Start importing Assets/Scripts/Event/CoinBlitz/GlassRemover.cs using Guid(1ccf21d9039c37b4284810c44228278d) Importer(815301076,1909f56bfc062723c751e8b465ee728b)  -> (artifact id: 'c25897fa013fb00db3af12f2c540c9cc') in 0.001966 seconds
  Import took 0.006305 seconds .

========================================================================
Received Import Request.
  Time since last request: 7.551712 seconds.
  path: Assets/Scripts/Event/CoinBlitz/GlassRemover.cs
  artifactKey: Guid(1ccf21d9039c37b4284810c44228278d) Importer(815301076,1909f56bfc062723c751e8b465ee728b)
Start importing Assets/Scripts/Event/CoinBlitz/GlassRemover.cs using Guid(1ccf21d9039c37b4284810c44228278d) Importer(815301076,1909f56bfc062723c751e8b465ee728b)  -> (artifact id: '357d7b2045b4aa386235c8d138db3d80') in 0.003666 seconds
  Import took 0.008770 seconds .

========================================================================
Received Import Request.
  Time since last request: 21.761385 seconds.
  path: Assets/Scripts/Event/CoinBlitz/GlassRemover.cs
  artifactKey: Guid(1ccf21d9039c37b4284810c44228278d) Importer(815301076,1909f56bfc062723c751e8b465ee728b)
Start importing Assets/Scripts/Event/CoinBlitz/GlassRemover.cs using Guid(1ccf21d9039c37b4284810c44228278d) Importer(815301076,1909f56bfc062723c751e8b465ee728b)  -> (artifact id: 'ceabdabde9efef31175f94049cc2dd48') in 0.003038 seconds
  Import took 0.008098 seconds .

========================================================================
Received Prepare
Registering precompiled user dll's ...
Registered in 0.004772 seconds.
Begin MonoManager ReloadAssembly
Native extension for LinuxStandalone target not found
Native extension for WindowsStandalone target not found
Native extension for OSXStandalone target not found
Refreshing native plugins compatible for Editor in 0.68 ms, found 2 plugins.
Preloading 0 native plugins for Editor in 0.00 ms.
Mono: successfully reloaded assembly
- Completed reload, in  1.333 seconds
Platform modules already initialized, skipping
Shader 'Universal Render Pipeline/Particles/Lit': fallback shader 'Universal Render Pipeline/Particles/SimpleLit' not found
Refreshing native plugins compatible for Editor in 0.68 ms, found 2 plugins.
Preloading 0 native plugins for Editor in 0.00 ms.
Unloading 2637 Unused Serialized files (Serialized files now loaded: 0)
System memory in use before: 214.5 MB.
System memory in use after: 214.7 MB.

Unloading 25 unused Assets to reduce memory usage. Loaded Objects now: 3233.
Total: 23.715800 ms (FindLiveObjects: 0.287700 ms CreateObjectMapping: 0.269600 ms MarkObjects: 23.071600 ms  DeleteObjects: 0.085100 ms)

========================================================================
Received Prepare
Registering precompiled user dll's ...
Registered in 0.005043 seconds.
Begin MonoManager ReloadAssembly
Native extension for LinuxStandalone target not found
Native extension for WindowsStandalone target not found
Native extension for OSXStandalone target not found
Refreshing native plugins compatible for Editor in 0.71 ms, found 2 plugins.
Preloading 0 native plugins for Editor in 0.00 ms.
Mono: successfully reloaded assembly
- Completed reload, in  1.413 seconds
Platform modules already initialized, skipping
Shader 'Universal Render Pipeline/Particles/Lit': fallback shader 'Universal Render Pipeline/Particles/SimpleLit' not found
Refreshing native plugins compatible for Editor in 0.69 ms, found 2 plugins.
Preloading 0 native plugins for Editor in 0.00 ms.
Unloading 2637 Unused Serialized files (Serialized files now loaded: 0)
System memory in use before: 214.6 MB.
System memory in use after: 214.7 MB.

Unloading 25 unused Assets to reduce memory usage. Loaded Objects now: 3236.
Total: 24.800400 ms (FindLiveObjects: 0.318000 ms CreateObjectMapping: 0.068300 ms MarkObjects: 24.324900 ms  DeleteObjects: 0.087200 ms)

========================================================================
Received Prepare
Registering precompiled user dll's ...
Registered in 0.005361 seconds.
Begin MonoManager ReloadAssembly
Native extension for LinuxStandalone target not found
Native extension for WindowsStandalone target not found
Native extension for OSXStandalone target not found
Refreshing native plugins compatible for Editor in 0.73 ms, found 2 plugins.
Preloading 0 native plugins for Editor in 0.00 ms.
Mono: successfully reloaded assembly
- Completed reload, in  1.465 seconds
Platform modules already initialized, skipping
Shader 'Universal Render Pipeline/Particles/Lit': fallback shader 'Universal Render Pipeline/Particles/SimpleLit' not found
Refreshing native plugins compatible for Editor in 0.70 ms, found 2 plugins.
Preloading 0 native plugins for Editor in 0.00 ms.
Unloading 2637 Unused Serialized files (Serialized files now loaded: 0)
System memory in use before: 214.6 MB.
System memory in use after: 214.8 MB.

Unloading 25 unused Assets to reduce memory usage. Loaded Objects now: 3239.
Total: 27.517800 ms (FindLiveObjects: 0.324300 ms CreateObjectMapping: 0.068800 ms MarkObjects: 27.025600 ms  DeleteObjects: 0.096900 ms)

========================================================================
Received Prepare
Registering precompiled user dll's ...
Registered in 0.004852 seconds.
Begin MonoManager ReloadAssembly
Native extension for LinuxStandalone target not found
Native extension for WindowsStandalone target not found
Native extension for OSXStandalone target not found
Refreshing native plugins compatible for Editor in 0.72 ms, found 2 plugins.
Preloading 0 native plugins for Editor in 0.00 ms.
Mono: successfully reloaded assembly
- Completed reload, in  1.422 seconds
Platform modules already initialized, skipping
Shader 'Universal Render Pipeline/Particles/Lit': fallback shader 'Universal Render Pipeline/Particles/SimpleLit' not found
Refreshing native plugins compatible for Editor in 0.55 ms, found 2 plugins.
Preloading 0 native plugins for Editor in 0.00 ms.
Unloading 2637 Unused Serialized files (Serialized files now loaded: 0)
System memory in use before: 214.6 MB.
System memory in use after: 214.8 MB.

Unloading 25 unused Assets to reduce memory usage. Loaded Objects now: 3242.
Total: 23.775700 ms (FindLiveObjects: 0.337700 ms CreateObjectMapping: 0.085500 ms MarkObjects: 23.262800 ms  DeleteObjects: 0.087800 ms)

========================================================================
Received Prepare
Registering precompiled user dll's ...
Registered in 0.006347 seconds.
Begin MonoManager ReloadAssembly
Native extension for LinuxStandalone target not found
Native extension for WindowsStandalone target not found
Native extension for OSXStandalone target not found
Refreshing native plugins compatible for Editor in 0.68 ms, found 2 plugins.
Preloading 0 native plugins for Editor in 0.00 ms.
Mono: successfully reloaded assembly
- Completed reload, in  1.328 seconds
Platform modules already initialized, skipping
Shader 'Universal Render Pipeline/Particles/Lit': fallback shader 'Universal Render Pipeline/Particles/SimpleLit' not found
Refreshing native plugins compatible for Editor in 0.84 ms, found 2 plugins.
Preloading 0 native plugins for Editor in 0.00 ms.
Unloading 2637 Unused Serialized files (Serialized files now loaded: 0)
System memory in use before: 214.6 MB.
System memory in use after: 214.8 MB.

Unloading 25 unused Assets to reduce memory usage. Loaded Objects now: 3245.
Total: 27.091100 ms (FindLiveObjects: 0.341100 ms CreateObjectMapping: 0.062800 ms MarkObjects: 26.573800 ms  DeleteObjects: 0.111500 ms)

========================================================================
Received Prepare
Registering precompiled user dll's ...
Registered in 0.018077 seconds.
Begin MonoManager ReloadAssembly
Native extension for LinuxStandalone target not found
Native extension for WindowsStandalone target not found
Native extension for OSXStandalone target not found
Refreshing native plugins compatible for Editor in 0.71 ms, found 2 plugins.
Preloading 0 native plugins for Editor in 0.00 ms.
Mono: successfully reloaded assembly
- Completed reload, in  1.357 seconds
Platform modules already initialized, skipping
Shader 'Universal Render Pipeline/Particles/Lit': fallback shader 'Universal Render Pipeline/Particles/SimpleLit' not found
Refreshing native plugins compatible for Editor in 0.68 ms, found 2 plugins.
Preloading 0 native plugins for Editor in 0.00 ms.
Unloading 2637 Unused Serialized files (Serialized files now loaded: 0)
System memory in use before: 214.6 MB.
System memory in use after: 214.8 MB.

Unloading 25 unused Assets to reduce memory usage. Loaded Objects now: 3248.
Total: 23.213700 ms (FindLiveObjects: 0.319200 ms CreateObjectMapping: 0.069200 ms MarkObjects: 22.734800 ms  DeleteObjects: 0.088600 ms)

========================================================================
Received Prepare
Registering precompiled user dll's ...
Registered in 0.005160 seconds.
Begin MonoManager ReloadAssembly
Native extension for LinuxStandalone target not found
Native extension for WindowsStandalone target not found
Native extension for OSXStandalone target not found
Refreshing native plugins compatible for Editor in 0.86 ms, found 2 plugins.
Preloading 0 native plugins for Editor in 0.00 ms.
Mono: successfully reloaded assembly
- Completed reload, in  1.316 seconds
Platform modules already initialized, skipping
Shader 'Universal Render Pipeline/Particles/Lit': fallback shader 'Universal Render Pipeline/Particles/SimpleLit' not found
Refreshing native plugins compatible for Editor in 0.71 ms, found 2 plugins.
Preloading 0 native plugins for Editor in 0.00 ms.
Unloading 2637 Unused Serialized files (Serialized files now loaded: 0)
System memory in use before: 214.6 MB.
System memory in use after: 214.8 MB.

Unloading 25 unused Assets to reduce memory usage. Loaded Objects now: 3251.
Total: 26.627300 ms (FindLiveObjects: 0.343000 ms CreateObjectMapping: 0.066200 ms MarkObjects: 26.124000 ms  DeleteObjects: 0.092400 ms)

========================================================================
Received Prepare
Registering precompiled user dll's ...
Registered in 0.004810 seconds.
Begin MonoManager ReloadAssembly
Native extension for LinuxStandalone target not found
Native extension for WindowsStandalone target not found
Native extension for OSXStandalone target not found
Refreshing native plugins compatible for Editor in 0.66 ms, found 2 plugins.
Preloading 0 native plugins for Editor in 0.00 ms.
Mono: successfully reloaded assembly
- Completed reload, in  1.322 seconds
Platform modules already initialized, skipping
Shader 'Universal Render Pipeline/Particles/Lit': fallback shader 'Universal Render Pipeline/Particles/SimpleLit' not found
Refreshing native plugins compatible for Editor in 0.65 ms, found 2 plugins.
Preloading 0 native plugins for Editor in 0.00 ms.
Unloading 2637 Unused Serialized files (Serialized files now loaded: 0)
System memory in use before: 214.6 MB.
System memory in use after: 214.8 MB.

Unloading 25 unused Assets to reduce memory usage. Loaded Objects now: 3254.
Total: 24.571900 ms (FindLiveObjects: 0.307800 ms CreateObjectMapping: 0.063600 ms MarkObjects: 24.110700 ms  DeleteObjects: 0.087300 ms)

========================================================================
Received Prepare
Registering precompiled user dll's ...
Registered in 0.004832 seconds.
Begin MonoManager ReloadAssembly
Native extension for LinuxStandalone target not found
Native extension for WindowsStandalone target not found
Native extension for OSXStandalone target not found
Refreshing native plugins compatible for Editor in 0.69 ms, found 2 plugins.
Preloading 0 native plugins for Editor in 0.00 ms.
Mono: successfully reloaded assembly
- Completed reload, in  1.335 seconds
Platform modules already initialized, skipping
Shader 'Universal Render Pipeline/Particles/Lit': fallback shader 'Universal Render Pipeline/Particles/SimpleLit' not found
Refreshing native plugins compatible for Editor in 0.66 ms, found 2 plugins.
Preloading 0 native plugins for Editor in 0.00 ms.
Unloading 2637 Unused Serialized files (Serialized files now loaded: 0)
System memory in use before: 214.7 MB.
System memory in use after: 214.8 MB.

Unloading 25 unused Assets to reduce memory usage. Loaded Objects now: 3257.
Total: 23.731200 ms (FindLiveObjects: 0.322600 ms CreateObjectMapping: 0.086000 ms MarkObjects: 23.234300 ms  DeleteObjects: 0.086600 ms)

========================================================================
Received Prepare
Registering precompiled user dll's ...
Registered in 0.005712 seconds.
Begin MonoManager ReloadAssembly
Native extension for LinuxStandalone target not found
Native extension for WindowsStandalone target not found
Native extension for OSXStandalone target not found
Refreshing native plugins compatible for Editor in 0.71 ms, found 2 plugins.
Preloading 0 native plugins for Editor in 0.00 ms.
Mono: successfully reloaded assembly
- Completed reload, in  1.308 seconds
Platform modules already initialized, skipping
Shader 'Universal Render Pipeline/Particles/Lit': fallback shader 'Universal Render Pipeline/Particles/SimpleLit' not found
Refreshing native plugins compatible for Editor in 0.69 ms, found 2 plugins.
Preloading 0 native plugins for Editor in 0.00 ms.
Unloading 2637 Unused Serialized files (Serialized files now loaded: 0)
System memory in use before: 214.7 MB.
System memory in use after: 214.9 MB.

Unloading 25 unused Assets to reduce memory usage. Loaded Objects now: 3260.
Total: 25.760400 ms (FindLiveObjects: 0.337000 ms CreateObjectMapping: 0.069000 ms MarkObjects: 25.245400 ms  DeleteObjects: 0.107300 ms)

========================================================================
Received Prepare
Registering precompiled user dll's ...
Registered in 0.004799 seconds.
Begin MonoManager ReloadAssembly
Native extension for LinuxStandalone target not found
Native extension for WindowsStandalone target not found
Native extension for OSXStandalone target not found
Refreshing native plugins compatible for Editor in 0.67 ms, found 2 plugins.
Preloading 0 native plugins for Editor in 0.00 ms.
Mono: successfully reloaded assembly
- Completed reload, in  1.342 seconds
Platform modules already initialized, skipping
Shader 'Universal Render Pipeline/Particles/Lit': fallback shader 'Universal Render Pipeline/Particles/SimpleLit' not found
Refreshing native plugins compatible for Editor in 0.67 ms, found 2 plugins.
Preloading 0 native plugins for Editor in 0.00 ms.
Unloading 2637 Unused Serialized files (Serialized files now loaded: 0)
System memory in use before: 214.7 MB.
System memory in use after: 214.9 MB.

Unloading 25 unused Assets to reduce memory usage. Loaded Objects now: 3263.
Total: 27.777600 ms (FindLiveObjects: 0.481200 ms CreateObjectMapping: 0.105000 ms MarkObjects: 27.043200 ms  DeleteObjects: 0.145900 ms)

========================================================================
Received Prepare
Registering precompiled user dll's ...
Registered in 0.004807 seconds.
Begin MonoManager ReloadAssembly
Native extension for LinuxStandalone target not found
Native extension for WindowsStandalone target not found
Native extension for OSXStandalone target not found
Refreshing native plugins compatible for Editor in 0.66 ms, found 2 plugins.
Preloading 0 native plugins for Editor in 0.00 ms.
Mono: successfully reloaded assembly
- Completed reload, in  1.325 seconds
Platform modules already initialized, skipping
Shader 'Universal Render Pipeline/Particles/Lit': fallback shader 'Universal Render Pipeline/Particles/SimpleLit' not found
Refreshing native plugins compatible for Editor in 0.68 ms, found 2 plugins.
Preloading 0 native plugins for Editor in 0.00 ms.
Unloading 2637 Unused Serialized files (Serialized files now loaded: 0)
System memory in use before: 214.7 MB.
System memory in use after: 214.9 MB.

Unloading 25 unused Assets to reduce memory usage. Loaded Objects now: 3266.
Total: 24.600800 ms (FindLiveObjects: 0.400100 ms CreateObjectMapping: 0.165500 ms MarkObjects: 23.939500 ms  DeleteObjects: 0.094300 ms)

========================================================================
Received Import Request.
  Time since last request: 1530.977423 seconds.
  path: Assets/Scripts/Pegs
  artifactKey: Guid(381b37e3cbd595c47b579d3eac48e303) Importer(815301076,1909f56bfc062723c751e8b465ee728b)
Start importing Assets/Scripts/Pegs using Guid(381b37e3cbd595c47b579d3eac48e303) Importer(815301076,1909f56bfc062723c751e8b465ee728b)  -> (artifact id: 'ad1cf31a39ece5e78e9734ba3d9ec009') in 0.012491 seconds
  Import took 0.018746 seconds .

========================================================================
Received Import Request.
  Time since last request: 6.711537 seconds.
  path: Assets/Scripts/Pegs/PegManager.cs
  artifactKey: Guid(e9d0fdb81765dd34f98cafac31754812) Importer(815301076,1909f56bfc062723c751e8b465ee728b)
Start importing Assets/Scripts/Pegs/PegManager.cs using Guid(e9d0fdb81765dd34f98cafac31754812) Importer(815301076,1909f56bfc062723c751e8b465ee728b)  -> (artifact id: 'a959aa9f3f175ae45dc33629eb5a9ab7') in 0.008146 seconds
  Import took 0.012581 seconds .

========================================================================
Received Prepare
Registering precompiled user dll's ...
Registered in 0.005057 seconds.
Begin MonoManager ReloadAssembly
Native extension for LinuxStandalone target not found
Native extension for WindowsStandalone target not found
Native extension for OSXStandalone target not found
Refreshing native plugins compatible for Editor in 0.67 ms, found 2 plugins.
Preloading 0 native plugins for Editor in 0.00 ms.
Mono: successfully reloaded assembly
- Completed reload, in  1.469 seconds
Platform modules already initialized, skipping
Shader 'Universal Render Pipeline/Particles/Lit': fallback shader 'Universal Render Pipeline/Particles/SimpleLit' not found
Refreshing native plugins compatible for Editor in 0.68 ms, found 2 plugins.
Preloading 0 native plugins for Editor in 0.00 ms.
Unloading 2638 Unused Serialized files (Serialized files now loaded: 0)
System memory in use before: 214.7 MB.
System memory in use after: 214.9 MB.

Unloading 25 unused Assets to reduce memory usage. Loaded Objects now: 3270.
Total: 29.570800 ms (FindLiveObjects: 0.330900 ms CreateObjectMapping: 0.072400 ms MarkObjects: 29.012800 ms  DeleteObjects: 0.152500 ms)

========================================================================
Received Prepare
Registering precompiled user dll's ...
Registered in 0.004950 seconds.
Begin MonoManager ReloadAssembly
Native extension for LinuxStandalone target not found
Native extension for WindowsStandalone target not found
Native extension for OSXStandalone target not found
Refreshing native plugins compatible for Editor in 0.67 ms, found 2 plugins.
Preloading 0 native plugins for Editor in 0.00 ms.
Mono: successfully reloaded assembly
- Completed reload, in  1.386 seconds
Platform modules already initialized, skipping
Shader 'Universal Render Pipeline/Particles/Lit': fallback shader 'Universal Render Pipeline/Particles/SimpleLit' not found
Refreshing native plugins compatible for Editor in 0.67 ms, found 2 plugins.
Preloading 0 native plugins for Editor in 0.00 ms.
Unloading 2638 Unused Serialized files (Serialized files now loaded: 0)
System memory in use before: 214.7 MB.
System memory in use after: 214.9 MB.

Unloading 25 unused Assets to reduce memory usage. Loaded Objects now: 3273.
Total: 26.800600 ms (FindLiveObjects: 0.334000 ms CreateObjectMapping: 0.075100 ms MarkObjects: 26.297700 ms  DeleteObjects: 0.092000 ms)

========================================================================
Received Prepare
Registering precompiled user dll's ...
Registered in 0.005596 seconds.
Begin MonoManager ReloadAssembly
Native extension for LinuxStandalone target not found
Native extension for WindowsStandalone target not found
Native extension for OSXStandalone target not found
Refreshing native plugins compatible for Editor in 0.70 ms, found 2 plugins.
Preloading 0 native plugins for Editor in 0.00 ms.
Mono: successfully reloaded assembly
- Completed reload, in  1.405 seconds
Platform modules already initialized, skipping
Shader 'Universal Render Pipeline/Particles/Lit': fallback shader 'Universal Render Pipeline/Particles/SimpleLit' not found
Refreshing native plugins compatible for Editor in 0.64 ms, found 2 plugins.
Preloading 0 native plugins for Editor in 0.00 ms.
Unloading 2638 Unused Serialized files (Serialized files now loaded: 0)
System memory in use before: 214.7 MB.
System memory in use after: 214.9 MB.

Unloading 25 unused Assets to reduce memory usage. Loaded Objects now: 3276.
Total: 23.674700 ms (FindLiveObjects: 0.273600 ms CreateObjectMapping: 0.069500 ms MarkObjects: 23.225600 ms  DeleteObjects: 0.104600 ms)

========================================================================
Received Prepare
Registering precompiled user dll's ...
Registered in 0.005138 seconds.
Begin MonoManager ReloadAssembly
Native extension for LinuxStandalone target not found
Native extension for WindowsStandalone target not found
Native extension for OSXStandalone target not found
Refreshing native plugins compatible for Editor in 0.66 ms, found 2 plugins.
Preloading 0 native plugins for Editor in 0.00 ms.
Mono: successfully reloaded assembly
- Completed reload, in  1.302 seconds
Platform modules already initialized, skipping
Shader 'Universal Render Pipeline/Particles/Lit': fallback shader 'Universal Render Pipeline/Particles/SimpleLit' not found
Refreshing native plugins compatible for Editor in 0.67 ms, found 2 plugins.
Preloading 0 native plugins for Editor in 0.00 ms.
Unloading 2638 Unused Serialized files (Serialized files now loaded: 0)
System memory in use before: 214.7 MB.
System memory in use after: 214.9 MB.

Unloading 25 unused Assets to reduce memory usage. Loaded Objects now: 3279.
Total: 25.159600 ms (FindLiveObjects: 0.280800 ms CreateObjectMapping: 0.063100 ms MarkObjects: 24.716500 ms  DeleteObjects: 0.097200 ms)

========================================================================
Received Prepare
Registering precompiled user dll's ...
Registered in 0.005300 seconds.
Begin MonoManager ReloadAssembly
Native extension for LinuxStandalone target not found
Native extension for WindowsStandalone target not found
Native extension for OSXStandalone target not found
Refreshing native plugins compatible for Editor in 0.72 ms, found 2 plugins.
Preloading 0 native plugins for Editor in 0.00 ms.
Mono: successfully reloaded assembly
- Completed reload, in  1.321 seconds
Platform modules already initialized, skipping
Shader 'Universal Render Pipeline/Particles/Lit': fallback shader 'Universal Render Pipeline/Particles/SimpleLit' not found
Refreshing native plugins compatible for Editor in 0.69 ms, found 2 plugins.
Preloading 0 native plugins for Editor in 0.00 ms.
Unloading 2638 Unused Serialized files (Serialized files now loaded: 0)
System memory in use before: 214.7 MB.
System memory in use after: 214.9 MB.

Unloading 25 unused Assets to reduce memory usage. Loaded Objects now: 3282.
Total: 24.883500 ms (FindLiveObjects: 0.334800 ms CreateObjectMapping: 0.081900 ms MarkObjects: 24.364700 ms  DeleteObjects: 0.100000 ms)

========================================================================
Received Prepare
Registering precompiled user dll's ...
Registered in 0.005012 seconds.
Begin MonoManager ReloadAssembly
Native extension for LinuxStandalone target not found
Native extension for WindowsStandalone target not found
Native extension for OSXStandalone target not found
Refreshing native plugins compatible for Editor in 0.67 ms, found 2 plugins.
Preloading 0 native plugins for Editor in 0.00 ms.
Mono: successfully reloaded assembly
- Completed reload, in  1.316 seconds
Platform modules already initialized, skipping
Shader 'Universal Render Pipeline/Particles/Lit': fallback shader 'Universal Render Pipeline/Particles/SimpleLit' not found
Refreshing native plugins compatible for Editor in 0.68 ms, found 2 plugins.
Preloading 0 native plugins for Editor in 0.00 ms.
Unloading 2638 Unused Serialized files (Serialized files now loaded: 0)
System memory in use before: 214.7 MB.
System memory in use after: 214.9 MB.

Unloading 25 unused Assets to reduce memory usage. Loaded Objects now: 3285.
Total: 28.290800 ms (FindLiveObjects: 0.679600 ms CreateObjectMapping: 0.093000 ms MarkObjects: 27.426900 ms  DeleteObjects: 0.089800 ms)

========================================================================
Received Prepare
Registering precompiled user dll's ...
Registered in 0.005136 seconds.
Begin MonoManager ReloadAssembly
Native extension for LinuxStandalone target not found
Native extension for WindowsStandalone target not found
Native extension for OSXStandalone target not found
Refreshing native plugins compatible for Editor in 0.66 ms, found 2 plugins.
Preloading 0 native plugins for Editor in 0.00 ms.
Mono: successfully reloaded assembly
- Completed reload, in  1.292 seconds
Platform modules already initialized, skipping
Shader 'Universal Render Pipeline/Particles/Lit': fallback shader 'Universal Render Pipeline/Particles/SimpleLit' not found
Refreshing native plugins compatible for Editor in 0.66 ms, found 2 plugins.
Preloading 0 native plugins for Editor in 0.00 ms.
Unloading 2638 Unused Serialized files (Serialized files now loaded: 0)
System memory in use before: 214.7 MB.
System memory in use after: 214.9 MB.

Unloading 25 unused Assets to reduce memory usage. Loaded Objects now: 3288.
Total: 24.265000 ms (FindLiveObjects: 0.290500 ms CreateObjectMapping: 0.068300 ms MarkObjects: 23.808300 ms  DeleteObjects: 0.096300 ms)

========================================================================
Received Prepare
Registering precompiled user dll's ...
Registered in 0.004803 seconds.
Begin MonoManager ReloadAssembly
Native extension for LinuxStandalone target not found
Native extension for WindowsStandalone target not found
Native extension for OSXStandalone target not found
Refreshing native plugins compatible for Editor in 0.69 ms, found 2 plugins.
Preloading 0 native plugins for Editor in 0.00 ms.
Mono: successfully reloaded assembly
- Completed reload, in  1.337 seconds
Platform modules already initialized, skipping
Shader 'Universal Render Pipeline/Particles/Lit': fallback shader 'Universal Render Pipeline/Particles/SimpleLit' not found
Refreshing native plugins compatible for Editor in 0.69 ms, found 2 plugins.
Preloading 0 native plugins for Editor in 0.00 ms.
Unloading 2638 Unused Serialized files (Serialized files now loaded: 0)
System memory in use before: 214.8 MB.
System memory in use after: 214.9 MB.

Unloading 25 unused Assets to reduce memory usage. Loaded Objects now: 3291.
Total: 24.881700 ms (FindLiveObjects: 0.314100 ms CreateObjectMapping: 0.069700 ms MarkObjects: 24.368400 ms  DeleteObjects: 0.127400 ms)

========================================================================
Received Import Request.
  Time since last request: 1411.543664 seconds.
  path: Assets/Scripts/Pegs/peg.cs
  artifactKey: Guid(26e9a4ec0a6c4a546bfb6e8a677df8ee) Importer(815301076,1909f56bfc062723c751e8b465ee728b)
Start importing Assets/Scripts/Pegs/peg.cs using Guid(26e9a4ec0a6c4a546bfb6e8a677df8ee) Importer(815301076,1909f56bfc062723c751e8b465ee728b)  -> (artifact id: '911e63f5bac851bcb99bfb1b06c49f40') in 0.011479 seconds
  Import took 0.017648 seconds .

========================================================================
Received Prepare
Registering precompiled user dll's ...
Registered in 0.005124 seconds.
Begin MonoManager ReloadAssembly
Native extension for LinuxStandalone target not found
Native extension for WindowsStandalone target not found
Native extension for OSXStandalone target not found
Refreshing native plugins compatible for Editor in 0.70 ms, found 2 plugins.
Preloading 0 native plugins for Editor in 0.00 ms.
Mono: successfully reloaded assembly
- Completed reload, in  1.329 seconds
Platform modules already initialized, skipping
Shader 'Universal Render Pipeline/Particles/Lit': fallback shader 'Universal Render Pipeline/Particles/SimpleLit' not found
Refreshing native plugins compatible for Editor in 0.67 ms, found 2 plugins.
Preloading 0 native plugins for Editor in 0.00 ms.
Unloading 2639 Unused Serialized files (Serialized files now loaded: 0)
System memory in use before: 214.8 MB.
System memory in use after: 215.0 MB.

Unloading 25 unused Assets to reduce memory usage. Loaded Objects now: 3295.
Total: 24.314900 ms (FindLiveObjects: 0.304000 ms CreateObjectMapping: 0.068900 ms MarkObjects: 23.835800 ms  DeleteObjects: 0.104500 ms)

========================================================================
Received Prepare
Registering precompiled user dll's ...
Registered in 0.005167 seconds.
Begin MonoManager ReloadAssembly
Native extension for LinuxStandalone target not found
Native extension for WindowsStandalone target not found
Native extension for OSXStandalone target not found
Refreshing native plugins compatible for Editor in 0.67 ms, found 2 plugins.
Preloading 0 native plugins for Editor in 0.00 ms.
Mono: successfully reloaded assembly
- Completed reload, in  1.386 seconds
Platform modules already initialized, skipping
Shader 'Universal Render Pipeline/Particles/Lit': fallback shader 'Universal Render Pipeline/Particles/SimpleLit' not found
Refreshing native plugins compatible for Editor in 0.68 ms, found 2 plugins.
Preloading 0 native plugins for Editor in 0.00 ms.
Unloading 2638 Unused Serialized files (Serialized files now loaded: 0)
System memory in use before: 214.8 MB.
System memory in use after: 215.0 MB.

Unloading 26 unused Assets to reduce memory usage. Loaded Objects now: 3297.
Total: 23.762000 ms (FindLiveObjects: 0.337600 ms CreateObjectMapping: 0.071500 ms MarkObjects: 23.244100 ms  DeleteObjects: 0.107000 ms)

========================================================================
Received Import Request.
  Time since last request: 21.623312 seconds.
  path: Assets/Scripts/Pegs/Peg.cs
  artifactKey: Guid(26e9a4ec0a6c4a546bfb6e8a677df8ee) Importer(815301076,1909f56bfc062723c751e8b465ee728b)
Start importing Assets/Scripts/Pegs/Peg.cs using Guid(26e9a4ec0a6c4a546bfb6e8a677df8ee) Importer(815301076,1909f56bfc062723c751e8b465ee728b)  -> (artifact id: '0bbe705c84d5cf75f2fac3e966aa3a34') in 0.009691 seconds
  Import took 0.082848 seconds .

========================================================================
Received Prepare
Registering precompiled user dll's ...
Registered in 0.005041 seconds.
Begin MonoManager ReloadAssembly
Native extension for LinuxStandalone target not found
Native extension for WindowsStandalone target not found
Native extension for OSXStandalone target not found
Refreshing native plugins compatible for Editor in 0.65 ms, found 2 plugins.
Preloading 0 native plugins for Editor in 0.00 ms.
Mono: successfully reloaded assembly
- Completed reload, in  1.348 seconds
Platform modules already initialized, skipping
Shader 'Universal Render Pipeline/Particles/Lit': fallback shader 'Universal Render Pipeline/Particles/SimpleLit' not found
Refreshing native plugins compatible for Editor in 0.75 ms, found 2 plugins.
Preloading 0 native plugins for Editor in 0.00 ms.
Unloading 2639 Unused Serialized files (Serialized files now loaded: 0)
System memory in use before: 214.8 MB.
System memory in use after: 215.0 MB.

Unloading 25 unused Assets to reduce memory usage. Loaded Objects now: 3301.
Total: 23.662000 ms (FindLiveObjects: 0.281600 ms CreateObjectMapping: 0.070700 ms MarkObjects: 23.217900 ms  DeleteObjects: 0.090200 ms)

========================================================================
Received Import Request.
  Time since last request: 38.314111 seconds.
  path: Assets/Resources/Prefabs/Coin Machine
  artifactKey: Guid(72dfb00026b33704ca483a9418d05f17) Importer(815301076,1909f56bfc062723c751e8b465ee728b)
Start importing Assets/Resources/Prefabs/Coin Machine using Guid(72dfb00026b33704ca483a9418d05f17) Importer(815301076,1909f56bfc062723c751e8b465ee728b)  -> (artifact id: '58d5709ce05bf92dc89fbcfe7df23190') in 0.010665 seconds
  Import took 0.016150 seconds .

========================================================================
Received Import Request.
  Time since last request: 0.059914 seconds.
  path: Assets/Resources/Prefabs/Coin Machine/Coin Machine (Primitive Colliders).prefab
  artifactKey: Guid(6f873bb70b0d7434fadd4881d7bffedb) Importer(815301076,1909f56bfc062723c751e8b465ee728b)
Start importing Assets/Resources/Prefabs/Coin Machine/Coin Machine (Primitive Colliders).prefab using Guid(6f873bb70b0d7434fadd4881d7bffedb) Importer(815301076,1909f56bfc062723c751e8b465ee728b)  -> (artifact id: 'efd867f9c96d348563c06f9d4b8cb033') in 0.181552 seconds
  Import took 0.187029 seconds .

========================================================================
Received Import Request.
  Time since last request: 2.369148 seconds.
  path: Assets/Resources/Prefabs/Camera
  artifactKey: Guid(cfebe04344d1c99439a6304f1d95f089) Importer(815301076,1909f56bfc062723c751e8b465ee728b)
Start importing Assets/Resources/Prefabs/Camera using Guid(cfebe04344d1c99439a6304f1d95f089) Importer(815301076,1909f56bfc062723c751e8b465ee728b)  -> (artifact id: 'c6a8c43a4b411caa9ca88b4cc5797912') in 0.006084 seconds
  Import took 0.010472 seconds .

========================================================================
Received Prepare
Registering precompiled user dll's ...
Registered in 0.005533 seconds.
Begin MonoManager ReloadAssembly
Native extension for LinuxStandalone target not found
Native extension for WindowsStandalone target not found
Native extension for OSXStandalone target not found
Refreshing native plugins compatible for Editor in 0.67 ms, found 2 plugins.
Preloading 0 native plugins for Editor in 0.00 ms.
Mono: successfully reloaded assembly
- Completed reload, in  1.356 seconds
Platform modules already initialized, skipping
Shader 'Universal Render Pipeline/Particles/Lit': fallback shader 'Universal Render Pipeline/Particles/SimpleLit' not found
Refreshing native plugins compatible for Editor in 0.66 ms, found 2 plugins.
Preloading 0 native plugins for Editor in 0.00 ms.
Unloading 2639 Unused Serialized files (Serialized files now loaded: 0)
System memory in use before: 220.1 MB.
System memory in use after: 220.2 MB.

Unloading 28 unused Assets to reduce memory usage. Loaded Objects now: 3350.
Total: 23.622800 ms (FindLiveObjects: 0.302500 ms CreateObjectMapping: 0.069900 ms MarkObjects: 23.103700 ms  DeleteObjects: 0.144800 ms)

========================================================================
Received Prepare
Registering precompiled user dll's ...
Registered in 0.005850 seconds.
Begin MonoManager ReloadAssembly
Native extension for LinuxStandalone target not found
Native extension for WindowsStandalone target not found
Native extension for OSXStandalone target not found
Refreshing native plugins compatible for Editor in 1.02 ms, found 2 plugins.
Preloading 0 native plugins for Editor in 0.00 ms.
Mono: successfully reloaded assembly
- Completed reload, in  1.419 seconds
Platform modules already initialized, skipping
Shader 'Universal Render Pipeline/Particles/Lit': fallback shader 'Universal Render Pipeline/Particles/SimpleLit' not found
Refreshing native plugins compatible for Editor in 0.70 ms, found 2 plugins.
Preloading 0 native plugins for Editor in 0.00 ms.
Unloading 2639 Unused Serialized files (Serialized files now loaded: 0)
System memory in use before: 220.1 MB.
System memory in use after: 220.2 MB.

Unloading 25 unused Assets to reduce memory usage. Loaded Objects now: 3353.
Total: 23.954700 ms (FindLiveObjects: 0.446700 ms CreateObjectMapping: 0.072900 ms MarkObjects: 23.337100 ms  DeleteObjects: 0.095800 ms)

========================================================================
Received Prepare
Registering precompiled user dll's ...
Registered in 0.005217 seconds.
Begin MonoManager ReloadAssembly
Native extension for LinuxStandalone target not found
Native extension for WindowsStandalone target not found
Native extension for OSXStandalone target not found
Refreshing native plugins compatible for Editor in 0.93 ms, found 2 plugins.
Preloading 0 native plugins for Editor in 0.00 ms.
Mono: successfully reloaded assembly
- Completed reload, in  1.402 seconds
Platform modules already initialized, skipping
Shader 'Universal Render Pipeline/Particles/Lit': fallback shader 'Universal Render Pipeline/Particles/SimpleLit' not found
Refreshing native plugins compatible for Editor in 0.66 ms, found 2 plugins.
Preloading 0 native plugins for Editor in 0.00 ms.
Unloading 2639 Unused Serialized files (Serialized files now loaded: 0)
System memory in use before: 220.1 MB.
System memory in use after: 220.3 MB.

Unloading 25 unused Assets to reduce memory usage. Loaded Objects now: 3356.
Total: 25.540300 ms (FindLiveObjects: 0.307600 ms CreateObjectMapping: 0.073800 ms MarkObjects: 25.054700 ms  DeleteObjects: 0.101600 ms)

========================================================================
Received Import Request.
  Time since last request: 2884.500402 seconds.
  path: Assets/Scripts/Pegs/Peg.cs
  artifactKey: Guid(26e9a4ec0a6c4a546bfb6e8a677df8ee) Importer(815301076,1909f56bfc062723c751e8b465ee728b)
Start importing Assets/Scripts/Pegs/Peg.cs using Guid(26e9a4ec0a6c4a546bfb6e8a677df8ee) Importer(815301076,1909f56bfc062723c751e8b465ee728b)  -> (artifact id: '365271b5578912637e69b89bf0b2aaae') in 0.008997 seconds
  Import took 0.016385 seconds .

========================================================================
Received Prepare
Registering precompiled user dll's ...
Registered in 0.006346 seconds.
Begin MonoManager ReloadAssembly
Native extension for LinuxStandalone target not found
Native extension for WindowsStandalone target not found
Native extension for OSXStandalone target not found
Refreshing native plugins compatible for Editor in 0.65 ms, found 2 plugins.
Preloading 0 native plugins for Editor in 0.00 ms.
Mono: successfully reloaded assembly
- Completed reload, in  1.363 seconds
Platform modules already initialized, skipping
Shader 'Universal Render Pipeline/Particles/Lit': fallback shader 'Universal Render Pipeline/Particles/SimpleLit' not found
Refreshing native plugins compatible for Editor in 0.73 ms, found 2 plugins.
Preloading 0 native plugins for Editor in 0.00 ms.
Unloading 2639 Unused Serialized files (Serialized files now loaded: 0)
System memory in use before: 220.1 MB.
System memory in use after: 220.3 MB.

Unloading 25 unused Assets to reduce memory usage. Loaded Objects now: 3359.
Total: 25.588900 ms (FindLiveObjects: 0.312700 ms CreateObjectMapping: 0.069500 ms MarkObjects: 25.109000 ms  DeleteObjects: 0.096200 ms)

========================================================================
Received Import Request.
  Time since last request: 41.354780 seconds.
  path: Assets/Scripts/Pegs/Peg.cs
  artifactKey: Guid(26e9a4ec0a6c4a546bfb6e8a677df8ee) Importer(815301076,1909f56bfc062723c751e8b465ee728b)
Start importing Assets/Scripts/Pegs/Peg.cs using Guid(26e9a4ec0a6c4a546bfb6e8a677df8ee) Importer(815301076,1909f56bfc062723c751e8b465ee728b)  -> (artifact id: '6a60e6ace7b0703e44d219e784e14e8f') in 0.006592 seconds
  Import took 0.011712 seconds .

========================================================================
Received Prepare
Registering precompiled user dll's ...
Registered in 0.006062 seconds.
Begin MonoManager ReloadAssembly
Native extension for LinuxStandalone target not found
Native extension for WindowsStandalone target not found
Native extension for OSXStandalone target not found
Refreshing native plugins compatible for Editor in 0.73 ms, found 2 plugins.
Preloading 0 native plugins for Editor in 0.00 ms.
Mono: successfully reloaded assembly
- Completed reload, in  1.360 seconds
Platform modules already initialized, skipping
Shader 'Universal Render Pipeline/Particles/Lit': fallback shader 'Universal Render Pipeline/Particles/SimpleLit' not found
Refreshing native plugins compatible for Editor in 0.68 ms, found 2 plugins.
Preloading 0 native plugins for Editor in 0.00 ms.
Unloading 2639 Unused Serialized files (Serialized files now loaded: 0)
System memory in use before: 220.1 MB.
System memory in use after: 220.3 MB.

Unloading 25 unused Assets to reduce memory usage. Loaded Objects now: 3362.
Total: 23.869100 ms (FindLiveObjects: 0.340700 ms CreateObjectMapping: 0.072800 ms MarkObjects: 23.363800 ms  DeleteObjects: 0.090200 ms)

========================================================================
Received Prepare
Registering precompiled user dll's ...
Registered in 0.005162 seconds.
Begin MonoManager ReloadAssembly
Native extension for LinuxStandalone target not found
Native extension for WindowsStandalone target not found
Native extension for OSXStandalone target not found
Refreshing native plugins compatible for Editor in 0.67 ms, found 2 plugins.
Preloading 0 native plugins for Editor in 0.00 ms.
Mono: successfully reloaded assembly
- Completed reload, in  1.330 seconds
Platform modules already initialized, skipping
Shader 'Universal Render Pipeline/Particles/Lit': fallback shader 'Universal Render Pipeline/Particles/SimpleLit' not found
Refreshing native plugins compatible for Editor in 0.66 ms, found 2 plugins.
Preloading 0 native plugins for Editor in 0.00 ms.
Unloading 2639 Unused Serialized files (Serialized files now loaded: 0)
System memory in use before: 220.1 MB.
System memory in use after: 220.3 MB.

Unloading 25 unused Assets to reduce memory usage. Loaded Objects now: 3365.
Total: 24.241400 ms (FindLiveObjects: 0.297300 ms CreateObjectMapping: 0.069700 ms MarkObjects: 23.760500 ms  DeleteObjects: 0.111600 ms)

========================================================================
Received Prepare
Registering precompiled user dll's ...
Registered in 0.004747 seconds.
Begin MonoManager ReloadAssembly
Native extension for LinuxStandalone target not found
Native extension for WindowsStandalone target not found
Native extension for OSXStandalone target not found
Refreshing native plugins compatible for Editor in 0.69 ms, found 2 plugins.
Preloading 0 native plugins for Editor in 0.00 ms.
Mono: successfully reloaded assembly
- Completed reload, in  1.243 seconds
Platform modules already initialized, skipping
Shader 'Universal Render Pipeline/Particles/Lit': fallback shader 'Universal Render Pipeline/Particles/SimpleLit' not found
Refreshing native plugins compatible for Editor in 0.66 ms, found 2 plugins.
Preloading 0 native plugins for Editor in 0.00 ms.
Unloading 2639 Unused Serialized files (Serialized files now loaded: 0)
System memory in use before: 220.1 MB.
System memory in use after: 220.3 MB.

Unloading 25 unused Assets to reduce memory usage. Loaded Objects now: 3368.
Total: 22.886300 ms (FindLiveObjects: 0.295300 ms CreateObjectMapping: 0.069200 ms MarkObjects: 22.426600 ms  DeleteObjects: 0.093500 ms)

AssetImportWorkerClient::OnTransportError - code=2 error=End of file
