Using pre-set license
Built from '2020.3/staging' branch; Version is '2020.3.10f1 (297d780c91bc) revision 2719096'; Using compiler version '192528614'; Build Type 'Release'
OS: 'Windows 10 Pro; OS build 19041.1415; Version 2004; 64bit' Language: 'en' Physical Memory: 16315 MB
BatchMode: 1, IsHumanControllingUs: 0, StartBugReporterOnCrash: 0, Is64bit: 1, IsPro: 0

 COMMAND LINE ARGUMENTS:
S:\Unity Editor\2020.3.10f1\Editor\Unity.exe
-adb2
-batchMode
-noUpm
-name
AssetImportWorker1
-projectPath
I:/Github/Coin Game/Coin-Game-Ludificor/Coin Machine Game
-logFile
Logs/AssetImportWorker1.log
-srvPort
55760
Successfully changed project path to: I:/Github/Coin Game/Coin-Game-Ludificor/Coin Machine Game
I:/Github/Coin Game/Coin-Game-Ludificor/Coin Machine Game
Using Asset Import Pipeline V2.
Refreshing native plugins compatible for Editor in 29.72 ms, found 2 plugins.
Preloading 0 native plugins for Editor in 0.00 ms.
Initialize engine version: 2020.3.10f1 (297d780c91bc)
[Subsystems] Discovering subsystems at path S:/Unity Editor/2020.3.10f1/Editor/Data/Resources/UnitySubsystems
[Subsystems] Discovering subsystems at path I:/Github/Coin Game/Coin-Game-Ludificor/Coin Machine Game/Assets
GfxDevice: creating device client; threaded=0
Direct3D:
    Version:  Direct3D 11.0 [level 11.1]
    Renderer: Radeon RX 570 Series (ID=0x67df)
    Vendor:   
    VRAM:     8171 MB
    Driver:   30.0.13023.1012
Initialize mono
Mono path[0] = 'S:/Unity Editor/2020.3.10f1/Editor/Data/Managed'
Mono path[1] = 'S:/Unity Editor/2020.3.10f1/Editor/Data/MonoBleedingEdge/lib/mono/unityjit'
Mono config path = 'S:/Unity Editor/2020.3.10f1/Editor/Data/MonoBleedingEdge/etc'
Using monoOptions --debugger-agent=transport=dt_socket,embedding=1,server=y,suspend=n,address=127.0.0.1:56080
Begin MonoManager ReloadAssembly
Registering precompiled unity dll's ...
Register platform support module: S:/Unity Editor/2020.3.10f1/Editor/Data/PlaybackEngines/MacStandaloneSupport/UnityEditor.OSXStandalone.Extensions.dll
Register platform support module: S:/Unity Editor/2020.3.10f1/Editor/Data/PlaybackEngines/WindowsStandaloneSupport/UnityEditor.WindowsStandalone.Extensions.dll
Register platform support module: S:/Unity Editor/2020.3.10f1/Editor/Data/PlaybackEngines/LinuxStandaloneSupport/UnityEditor.LinuxStandalone.Extensions.dll
Registered in 0.001509 seconds.
Native extension for LinuxStandalone target not found
Native extension for WindowsStandalone target not found
Native extension for OSXStandalone target not found
Refreshing native plugins compatible for Editor in 26.67 ms, found 2 plugins.
Preloading 0 native plugins for Editor in 0.00 ms.
Mono: successfully reloaded assembly
- Completed reload, in  6.464 seconds
Platform modules already initialized, skipping
Registering precompiled user dll's ...
Registered in 0.016805 seconds.
Begin MonoManager ReloadAssembly
Native extension for LinuxStandalone target not found
Native extension for WindowsStandalone target not found
Native extension for OSXStandalone target not found
Refreshing native plugins compatible for Editor in 0.48 ms, found 2 plugins.
Preloading 0 native plugins for Editor in 0.00 ms.
Mono: successfully reloaded assembly
- Completed reload, in  1.268 seconds
Platform modules already initialized, skipping
========================================================================
Worker process is ready to serve import requests
Launched and connected shader compiler UnityShaderCompiler.exe after 0.15 seconds
Refreshing native plugins compatible for Editor in 0.42 ms, found 2 plugins.
Preloading 0 native plugins for Editor in 0.00 ms.
Unloading 1438 Unused Serialized files (Serialized files now loaded: 0)
System memory in use before: 76.8 MB.
System memory in use after: 76.8 MB.

Unloading 29 unused Assets to reduce memory usage. Loaded Objects now: 1920.
Total: 20.611900 ms (FindLiveObjects: 0.174400 ms CreateObjectMapping: 0.032700 ms MarkObjects: 20.315200 ms  DeleteObjects: 0.088200 ms)

========================================================================
Received Import Request.
  path: Assets/Resources/3D Models/Coin Machine Models/Coins/Prefabs/Proto Prefabs/NewCoin.prefab
  artifactKey: Guid(304edbeafae733f45b28e801a3200503) Importer(815301076,1909f56bfc062723c751e8b465ee728b)
Start importing Assets/Resources/3D Models/Coin Machine Models/Coins/Prefabs/Proto Prefabs/NewCoin.prefab using Guid(304edbeafae733f45b28e801a3200503) Importer(815301076,1909f56bfc062723c751e8b465ee728b)  -> (artifact id: '3a07ea19d106584a83dd17bb5ec10c1d') in 0.127073 seconds
  Import took 0.129739 seconds .

========================================================================
Received Import Request.
  Time since last request: 0.000198 seconds.
  path: Assets/Resources/3D Models/Coin Machine Models/Coins/Prefabs
  artifactKey: Guid(aa6ebdad47a887f4da006482077cc9e2) Importer(815301076,1909f56bfc062723c751e8b465ee728b)
Start importing Assets/Resources/3D Models/Coin Machine Models/Coins/Prefabs using Guid(aa6ebdad47a887f4da006482077cc9e2) Importer(815301076,1909f56bfc062723c751e8b465ee728b)  -> (artifact id: '1411629ea60cbf090024753d5a149d0f') in 0.008080 seconds
  Import took 0.010187 seconds .

========================================================================
Received Import Request.
  Time since last request: 0.000169 seconds.
  path: Assets/Resources/Prefabs
  artifactKey: Guid(8068b928872f80344bcec93aadb16fee) Importer(815301076,1909f56bfc062723c751e8b465ee728b)
Start importing Assets/Resources/Prefabs using Guid(8068b928872f80344bcec93aadb16fee) Importer(815301076,1909f56bfc062723c751e8b465ee728b)  -> (artifact id: '8c3e29c0220e287d5486638740a8c7fe') in 0.001828 seconds
  Import took 0.003619 seconds .

========================================================================
Received Import Request.
  Time since last request: 0.000195 seconds.
  path: Assets/Resources/3D Models/Coin Machine Models/Coins/Prefabs/Proto Prefabs
  artifactKey: Guid(74061dd84faf53e4bbc59ac9d4c95ece) Importer(815301076,1909f56bfc062723c751e8b465ee728b)
Start importing Assets/Resources/3D Models/Coin Machine Models/Coins/Prefabs/Proto Prefabs using Guid(74061dd84faf53e4bbc59ac9d4c95ece) Importer(815301076,1909f56bfc062723c751e8b465ee728b)  -> (artifact id: 'b3a0653d3a8da961afc6e8bb6fed545e') in 0.010349 seconds
  Import took 0.012707 seconds .

========================================================================
Received Import Request.
  Time since last request: 0.000202 seconds.
  path: Assets/Resources/3D Models/Coin Machine Models/Coins
  artifactKey: Guid(2419db36adc36464dae2e28551fe109a) Importer(815301076,1909f56bfc062723c751e8b465ee728b)
Start importing Assets/Resources/3D Models/Coin Machine Models/Coins using Guid(2419db36adc36464dae2e28551fe109a) Importer(815301076,1909f56bfc062723c751e8b465ee728b)  -> (artifact id: 'dae7f9de14c8ee53d2f72b5988766e9b') in 0.006464 seconds
  Import took 0.008896 seconds .

========================================================================
Received Import Request.
  Time since last request: 0.000224 seconds.
  path: Assets/Resources/Prefabs/Coin Machine
  artifactKey: Guid(72dfb00026b33704ca483a9418d05f17) Importer(815301076,1909f56bfc062723c751e8b465ee728b)
Start importing Assets/Resources/Prefabs/Coin Machine using Guid(72dfb00026b33704ca483a9418d05f17) Importer(815301076,1909f56bfc062723c751e8b465ee728b)  -> (artifact id: '0330f7e2b121267bd24d67da1a92c91c') in 0.005631 seconds
  Import took 0.008091 seconds .

========================================================================
Received Import Request.
  Time since last request: 0.000202 seconds.
  path: Assets/Resources/Prefabs/Coin Printer
  artifactKey: Guid(44b5b297b5e3fd24080c42ab3c4e40c3) Importer(815301076,1909f56bfc062723c751e8b465ee728b)
Start importing Assets/Resources/Prefabs/Coin Printer using Guid(44b5b297b5e3fd24080c42ab3c4e40c3) Importer(815301076,1909f56bfc062723c751e8b465ee728b)  -> (artifact id: '8fb09961be246ccf28bd13b538e27f94') in 0.005995 seconds
  Import took 0.008185 seconds .

========================================================================
Received Import Request.
  Time since last request: 13.551796 seconds.
  path: Assets/Scripts/Coin
  artifactKey: Guid(aab2ee63665535e4cb1523398eafbf9a) Importer(815301076,1909f56bfc062723c751e8b465ee728b)
Start importing Assets/Scripts/Coin using Guid(aab2ee63665535e4cb1523398eafbf9a) Importer(815301076,1909f56bfc062723c751e8b465ee728b)  -> (artifact id: '1ac6c7f4f0e214375bce7c967963e4b8') in 0.006189 seconds
  Import took 0.008744 seconds .

========================================================================
Received Import Request.
  Time since last request: 11.307056 seconds.
  path: Assets/Scripts/Coin/CoinLogic.cs
  artifactKey: Guid(0419a6021b6661948a3f99dbc0abddc4) Importer(815301076,1909f56bfc062723c751e8b465ee728b)
Start importing Assets/Scripts/Coin/CoinLogic.cs using Guid(0419a6021b6661948a3f99dbc0abddc4) Importer(815301076,1909f56bfc062723c751e8b465ee728b)  -> (artifact id: 'f41628809c71a8af1be59cfb0decab74') in 0.012078 seconds
  Import took 0.014576 seconds .

========================================================================
Received Import Request.
  Time since last request: 13.165290 seconds.
  path: Assets/Scripts/Coin/CoinLogic.cs
  artifactKey: Guid(0419a6021b6661948a3f99dbc0abddc4) Importer(815301076,1909f56bfc062723c751e8b465ee728b)
Start importing Assets/Scripts/Coin/CoinLogic.cs using Guid(0419a6021b6661948a3f99dbc0abddc4) Importer(815301076,1909f56bfc062723c751e8b465ee728b)  -> (artifact id: '257be229dff14796daf926b8422e44d7') in 0.001855 seconds
  Import took 0.004753 seconds .

========================================================================
Received Import Request.
  Time since last request: 26.172536 seconds.
  path: Assets/Scripts/Coin/CoinLogic.cs
  artifactKey: Guid(0419a6021b6661948a3f99dbc0abddc4) Importer(815301076,1909f56bfc062723c751e8b465ee728b)
Start importing Assets/Scripts/Coin/CoinLogic.cs using Guid(0419a6021b6661948a3f99dbc0abddc4) Importer(815301076,1909f56bfc062723c751e8b465ee728b)  -> (artifact id: 'ba059ffc8c366c6bd1d98ccf4d2813e0') in 0.001821 seconds
  Import took 0.004605 seconds .

========================================================================
Received Prepare
Registering precompiled user dll's ...
Registered in 0.004184 seconds.
Begin MonoManager ReloadAssembly
Native extension for LinuxStandalone target not found
Native extension for WindowsStandalone target not found
Native extension for OSXStandalone target not found
Refreshing native plugins compatible for Editor in 0.55 ms, found 2 plugins.
Preloading 0 native plugins for Editor in 0.00 ms.
Mono: successfully reloaded assembly
- Completed reload, in  1.161 seconds
Platform modules already initialized, skipping
Refreshing native plugins compatible for Editor in 0.48 ms, found 2 plugins.
Preloading 0 native plugins for Editor in 0.00 ms.
Unloading 1434 Unused Serialized files (Serialized files now loaded: 0)
System memory in use before: 94.1 MB.
System memory in use after: 94.1 MB.

Unloading 24 unused Assets to reduce memory usage. Loaded Objects now: 1931.
Total: 20.783700 ms (FindLiveObjects: 0.165800 ms CreateObjectMapping: 0.034600 ms MarkObjects: 20.510800 ms  DeleteObjects: 0.071200 ms)

========================================================================
Received Prepare
Registering precompiled user dll's ...
Registered in 0.004334 seconds.
Begin MonoManager ReloadAssembly
Native extension for LinuxStandalone target not found
Native extension for WindowsStandalone target not found
Native extension for OSXStandalone target not found
Refreshing native plugins compatible for Editor in 0.45 ms, found 2 plugins.
Preloading 0 native plugins for Editor in 0.00 ms.
Mono: successfully reloaded assembly
- Completed reload, in  1.202 seconds
Platform modules already initialized, skipping
Refreshing native plugins compatible for Editor in 0.46 ms, found 2 plugins.
Preloading 0 native plugins for Editor in 0.00 ms.
Unloading 1434 Unused Serialized files (Serialized files now loaded: 0)
System memory in use before: 94.1 MB.
System memory in use after: 94.2 MB.

Unloading 24 unused Assets to reduce memory usage. Loaded Objects now: 1934.
Total: 21.237900 ms (FindLiveObjects: 0.171900 ms CreateObjectMapping: 0.037100 ms MarkObjects: 20.954800 ms  DeleteObjects: 0.072500 ms)

========================================================================
Received Import Request.
  Time since last request: 129.599062 seconds.
  path: Assets/Resources/Prefabs/Camera
  artifactKey: Guid(cfebe04344d1c99439a6304f1d95f089) Importer(815301076,1909f56bfc062723c751e8b465ee728b)
Start importing Assets/Resources/Prefabs/Camera using Guid(cfebe04344d1c99439a6304f1d95f089) Importer(815301076,1909f56bfc062723c751e8b465ee728b)  -> (artifact id: '15b02a5f1190aa96b1c6bd3c4919268b') in 0.009566 seconds
  Import took 0.013106 seconds .

========================================================================
Received Import Request.
  Time since last request: 19.847807 seconds.
  path: Assets/Resources/3D Models/Coin Machine Models/Coins/Prefabs/Proto Prefabs/NewCoin.prefab
  artifactKey: Guid(304edbeafae733f45b28e801a3200503) Importer(815301076,1909f56bfc062723c751e8b465ee728b)
Start importing Assets/Resources/3D Models/Coin Machine Models/Coins/Prefabs/Proto Prefabs/NewCoin.prefab using Guid(304edbeafae733f45b28e801a3200503) Importer(815301076,1909f56bfc062723c751e8b465ee728b)  -> (artifact id: '6f7e8b142511a222d3b9a683ab85e2ba') in 0.052700 seconds
  Import took 0.055445 seconds .

========================================================================
Received Import Request.
  Time since last request: 0.001287 seconds.
  path: Assets/Resources/3D Models/Coin Machine Models/Coins/Prefabs/Proto Prefabs/NewCoin.prefab
  artifactKey: Guid(304edbeafae733f45b28e801a3200503) Importer(815301076,1909f56bfc062723c751e8b465ee728b)
Start importing Assets/Resources/3D Models/Coin Machine Models/Coins/Prefabs/Proto Prefabs/NewCoin.prefab using Guid(304edbeafae733f45b28e801a3200503) Importer(815301076,1909f56bfc062723c751e8b465ee728b)  -> (artifact id: '6f7e8b142511a222d3b9a683ab85e2ba') in 0.007176 seconds
  Import took 0.009627 seconds .

========================================================================
Received Prepare
Registering precompiled user dll's ...
Registered in 0.004469 seconds.
Begin MonoManager ReloadAssembly
Native extension for LinuxStandalone target not found
Native extension for WindowsStandalone target not found
Native extension for OSXStandalone target not found
Refreshing native plugins compatible for Editor in 0.44 ms, found 2 plugins.
Preloading 0 native plugins for Editor in 0.00 ms.
Mono: successfully reloaded assembly
- Completed reload, in  1.207 seconds
Platform modules already initialized, skipping
Refreshing native plugins compatible for Editor in 0.44 ms, found 2 plugins.
Preloading 0 native plugins for Editor in 0.00 ms.
Unloading 1434 Unused Serialized files (Serialized files now loaded: 0)
System memory in use before: 84.4 MB.
System memory in use after: 84.5 MB.

Unloading 24 unused Assets to reduce memory usage. Loaded Objects now: 1938.
Total: 20.663200 ms (FindLiveObjects: 0.172400 ms CreateObjectMapping: 0.033800 ms MarkObjects: 20.388000 ms  DeleteObjects: 0.067700 ms)

========================================================================
Received Import Request.
  Time since last request: 216.936330 seconds.
  path: Assets/Resources/3D Models/Coin Machine Models/Coins/Prefabs/Proto Prefabs/NewCoin.prefab
  artifactKey: Guid(304edbeafae733f45b28e801a3200503) Importer(815301076,1909f56bfc062723c751e8b465ee728b)
Start importing Assets/Resources/3D Models/Coin Machine Models/Coins/Prefabs/Proto Prefabs/NewCoin.prefab using Guid(304edbeafae733f45b28e801a3200503) Importer(815301076,1909f56bfc062723c751e8b465ee728b)  -> (artifact id: 'b031fd31d046548f83b7297a721274cc') in 0.056044 seconds
  Import took 0.059294 seconds .

========================================================================
Received Prepare
Registering precompiled user dll's ...
Registered in 0.004856 seconds.
Begin MonoManager ReloadAssembly
Native extension for LinuxStandalone target not found
Native extension for WindowsStandalone target not found
Native extension for OSXStandalone target not found
Refreshing native plugins compatible for Editor in 0.60 ms, found 2 plugins.
Preloading 0 native plugins for Editor in 0.00 ms.
Mono: successfully reloaded assembly
- Completed reload, in  1.350 seconds
Platform modules already initialized, skipping
Refreshing native plugins compatible for Editor in 0.44 ms, found 2 plugins.
Preloading 0 native plugins for Editor in 0.00 ms.
Unloading 1434 Unused Serialized files (Serialized files now loaded: 0)
System memory in use before: 84.4 MB.
System memory in use after: 84.5 MB.

Unloading 24 unused Assets to reduce memory usage. Loaded Objects now: 1942.
Total: 24.874500 ms (FindLiveObjects: 0.241900 ms CreateObjectMapping: 0.035900 ms MarkObjects: 24.531700 ms  DeleteObjects: 0.063800 ms)

========================================================================
Received Import Request.
  Time since last request: 18.885969 seconds.
  path: Assets/Resources/3D Models/Coin Machine Models/Coins/Prefabs/Proto Prefabs/NewCoin.prefab
  artifactKey: Guid(304edbeafae733f45b28e801a3200503) Importer(815301076,1909f56bfc062723c751e8b465ee728b)
Start importing Assets/Resources/3D Models/Coin Machine Models/Coins/Prefabs/Proto Prefabs/NewCoin.prefab using Guid(304edbeafae733f45b28e801a3200503) Importer(815301076,1909f56bfc062723c751e8b465ee728b)  -> (artifact id: 'cf112903bb1cd9b81e982ef2f0dda9b3') in 0.042730 seconds
  Import took 0.046370 seconds .

========================================================================
Received Prepare
Registering precompiled user dll's ...
Registered in 0.005600 seconds.
Begin MonoManager ReloadAssembly
Native extension for LinuxStandalone target not found
Native extension for WindowsStandalone target not found
Native extension for OSXStandalone target not found
Refreshing native plugins compatible for Editor in 1.47 ms, found 2 plugins.
Preloading 0 native plugins for Editor in 0.00 ms.
Mono: successfully reloaded assembly
- Completed reload, in  1.373 seconds
Platform modules already initialized, skipping
Refreshing native plugins compatible for Editor in 0.48 ms, found 2 plugins.
Preloading 0 native plugins for Editor in 0.00 ms.
Unloading 1434 Unused Serialized files (Serialized files now loaded: 0)
System memory in use before: 94.2 MB.
System memory in use after: 94.3 MB.

Unloading 24 unused Assets to reduce memory usage. Loaded Objects now: 1946.
Total: 25.275900 ms (FindLiveObjects: 0.190200 ms CreateObjectMapping: 0.032000 ms MarkObjects: 24.931800 ms  DeleteObjects: 0.120000 ms)

========================================================================
Received Prepare
Registering precompiled user dll's ...
Registered in 0.004575 seconds.
Begin MonoManager ReloadAssembly
Native extension for LinuxStandalone target not found
Native extension for WindowsStandalone target not found
Native extension for OSXStandalone target not found
Refreshing native plugins compatible for Editor in 0.43 ms, found 2 plugins.
Preloading 0 native plugins for Editor in 0.00 ms.
Mono: successfully reloaded assembly
- Completed reload, in  1.184 seconds
Platform modules already initialized, skipping
Refreshing native plugins compatible for Editor in 0.49 ms, found 2 plugins.
Preloading 0 native plugins for Editor in 0.00 ms.
Unloading 1434 Unused Serialized files (Serialized files now loaded: 0)
System memory in use before: 94.2 MB.
System memory in use after: 94.3 MB.

Unloading 24 unused Assets to reduce memory usage. Loaded Objects now: 1949.
Total: 26.957400 ms (FindLiveObjects: 0.348400 ms CreateObjectMapping: 0.130200 ms MarkObjects: 26.381900 ms  DeleteObjects: 0.080900 ms)

========================================================================
Received Import Request.
  Time since last request: 200.443998 seconds.
  path: Assets/Scripts/Coin Deletion/DeleteCoins.cs
  artifactKey: Guid(31401ca57c803324e9e42963535791db) Importer(815301076,1909f56bfc062723c751e8b465ee728b)
Start importing Assets/Scripts/Coin Deletion/DeleteCoins.cs using Guid(31401ca57c803324e9e42963535791db) Importer(815301076,1909f56bfc062723c751e8b465ee728b)  -> (artifact id: '5a62d65a624ccfcaec97fda57c4ab53d') in 0.008372 seconds
  Import took 0.011843 seconds .

========================================================================
Received Import Request.
  Time since last request: 0.047694 seconds.
  path: Assets/Scripts/Coin Deletion/DeleteCoins.cs
  artifactKey: Guid(31401ca57c803324e9e42963535791db) Importer(815301076,1909f56bfc062723c751e8b465ee728b)
Start importing Assets/Scripts/Coin Deletion/DeleteCoins.cs using Guid(31401ca57c803324e9e42963535791db) Importer(815301076,1909f56bfc062723c751e8b465ee728b)  -> (artifact id: '5a62d65a624ccfcaec97fda57c4ab53d') in 0.001929 seconds
  Import took 0.004397 seconds .

========================================================================
Received Import Request.
  Time since last request: 94.853426 seconds.
  path: Assets/Scripts/Coin Deletion/DeleteCoins.cs
  artifactKey: Guid(31401ca57c803324e9e42963535791db) Importer(815301076,1909f56bfc062723c751e8b465ee728b)
Start importing Assets/Scripts/Coin Deletion/DeleteCoins.cs using Guid(31401ca57c803324e9e42963535791db) Importer(815301076,1909f56bfc062723c751e8b465ee728b)  -> (artifact id: 'c929045fa8069698a13ac3df9b322c90') in 0.001898 seconds
  Import took 0.004728 seconds .

========================================================================
Received Import Request.
  Time since last request: 0.003718 seconds.
  path: Assets/Scripts/Coin Deletion/DeleteCoins.cs
  artifactKey: Guid(31401ca57c803324e9e42963535791db) Importer(815301076,1909f56bfc062723c751e8b465ee728b)
Start importing Assets/Scripts/Coin Deletion/DeleteCoins.cs using Guid(31401ca57c803324e9e42963535791db) Importer(815301076,1909f56bfc062723c751e8b465ee728b)  -> (artifact id: 'c929045fa8069698a13ac3df9b322c90') in 0.001698 seconds
  Import took 0.004265 seconds .

========================================================================
Received Prepare
Registering precompiled user dll's ...
Registered in 0.004419 seconds.
Begin MonoManager ReloadAssembly
Native extension for LinuxStandalone target not found
Native extension for WindowsStandalone target not found
Native extension for OSXStandalone target not found
Refreshing native plugins compatible for Editor in 0.44 ms, found 2 plugins.
Preloading 0 native plugins for Editor in 0.00 ms.
Mono: successfully reloaded assembly
- Completed reload, in  1.162 seconds
Platform modules already initialized, skipping
Refreshing native plugins compatible for Editor in 0.57 ms, found 2 plugins.
Preloading 0 native plugins for Editor in 0.00 ms.
Unloading 1434 Unused Serialized files (Serialized files now loaded: 0)
System memory in use before: 94.2 MB.
System memory in use after: 94.3 MB.

Unloading 24 unused Assets to reduce memory usage. Loaded Objects now: 1952.
Total: 21.073200 ms (FindLiveObjects: 0.173200 ms CreateObjectMapping: 0.032200 ms MarkObjects: 20.793600 ms  DeleteObjects: 0.072500 ms)

========================================================================
Received Prepare
Registering precompiled user dll's ...
Registered in 0.004100 seconds.
Begin MonoManager ReloadAssembly
Native extension for LinuxStandalone target not found
Native extension for WindowsStandalone target not found
Native extension for OSXStandalone target not found
Refreshing native plugins compatible for Editor in 0.44 ms, found 2 plugins.
Preloading 0 native plugins for Editor in 0.00 ms.
Mono: successfully reloaded assembly
- Completed reload, in  1.176 seconds
Platform modules already initialized, skipping
Refreshing native plugins compatible for Editor in 0.43 ms, found 2 plugins.
Preloading 0 native plugins for Editor in 0.00 ms.
Unloading 1434 Unused Serialized files (Serialized files now loaded: 0)
System memory in use before: 94.2 MB.
System memory in use after: 94.3 MB.

Unloading 24 unused Assets to reduce memory usage. Loaded Objects now: 1955.
Total: 21.313100 ms (FindLiveObjects: 0.175500 ms CreateObjectMapping: 0.033300 ms MarkObjects: 21.024000 ms  DeleteObjects: 0.078800 ms)

========================================================================
Received Prepare
Registering precompiled user dll's ...
Registered in 0.004355 seconds.
Begin MonoManager ReloadAssembly
Native extension for LinuxStandalone target not found
Native extension for WindowsStandalone target not found
Native extension for OSXStandalone target not found
Refreshing native plugins compatible for Editor in 0.88 ms, found 2 plugins.
Preloading 0 native plugins for Editor in 0.00 ms.
Mono: successfully reloaded assembly
- Completed reload, in  1.174 seconds
Platform modules already initialized, skipping
Refreshing native plugins compatible for Editor in 0.48 ms, found 2 plugins.
Preloading 0 native plugins for Editor in 0.00 ms.
Unloading 1434 Unused Serialized files (Serialized files now loaded: 0)
System memory in use before: 94.2 MB.
System memory in use after: 94.3 MB.

Unloading 24 unused Assets to reduce memory usage. Loaded Objects now: 1958.
Total: 21.760100 ms (FindLiveObjects: 0.156400 ms CreateObjectMapping: 0.032800 ms MarkObjects: 21.496800 ms  DeleteObjects: 0.072400 ms)

========================================================================
Received Prepare
Registering precompiled user dll's ...
Registered in 0.004951 seconds.
Begin MonoManager ReloadAssembly
Native extension for LinuxStandalone target not found
Native extension for WindowsStandalone target not found
Native extension for OSXStandalone target not found
Refreshing native plugins compatible for Editor in 0.43 ms, found 2 plugins.
Preloading 0 native plugins for Editor in 0.00 ms.
Mono: successfully reloaded assembly
- Completed reload, in  1.152 seconds
Platform modules already initialized, skipping
Refreshing native plugins compatible for Editor in 0.43 ms, found 2 plugins.
Preloading 0 native plugins for Editor in 0.00 ms.
Unloading 1434 Unused Serialized files (Serialized files now loaded: 0)
System memory in use before: 84.5 MB.
System memory in use after: 84.6 MB.

Unloading 24 unused Assets to reduce memory usage. Loaded Objects now: 1961.
Total: 21.226700 ms (FindLiveObjects: 0.173500 ms CreateObjectMapping: 0.033700 ms MarkObjects: 20.934600 ms  DeleteObjects: 0.083300 ms)

========================================================================
Received Prepare
Registering precompiled user dll's ...
Registered in 0.008326 seconds.
Begin MonoManager ReloadAssembly
Native extension for LinuxStandalone target not found
Native extension for WindowsStandalone target not found
Native extension for OSXStandalone target not found
Refreshing native plugins compatible for Editor in 0.61 ms, found 2 plugins.
Preloading 0 native plugins for Editor in 0.00 ms.
Mono: successfully reloaded assembly
- Completed reload, in  1.162 seconds
Platform modules already initialized, skipping
Refreshing native plugins compatible for Editor in 0.43 ms, found 2 plugins.
Preloading 0 native plugins for Editor in 0.00 ms.
Unloading 1434 Unused Serialized files (Serialized files now loaded: 0)
System memory in use before: 94.3 MB.
System memory in use after: 94.3 MB.

Unloading 24 unused Assets to reduce memory usage. Loaded Objects now: 1964.
Total: 21.053200 ms (FindLiveObjects: 0.161100 ms CreateObjectMapping: 0.033600 ms MarkObjects: 20.787200 ms  DeleteObjects: 0.069900 ms)

========================================================================
Received Prepare
Registering precompiled user dll's ...
Registered in 0.004586 seconds.
Begin MonoManager ReloadAssembly
Native extension for LinuxStandalone target not found
Native extension for WindowsStandalone target not found
Native extension for OSXStandalone target not found
Refreshing native plugins compatible for Editor in 0.52 ms, found 2 plugins.
Preloading 0 native plugins for Editor in 0.00 ms.
Mono: successfully reloaded assembly
- Completed reload, in  1.145 seconds
Platform modules already initialized, skipping
Refreshing native plugins compatible for Editor in 0.65 ms, found 2 plugins.
Preloading 0 native plugins for Editor in 0.00 ms.
Unloading 1434 Unused Serialized files (Serialized files now loaded: 0)
System memory in use before: 84.5 MB.
System memory in use after: 84.6 MB.

Unloading 24 unused Assets to reduce memory usage. Loaded Objects now: 1967.
Total: 21.502900 ms (FindLiveObjects: 0.183600 ms CreateObjectMapping: 0.034800 ms MarkObjects: 21.207400 ms  DeleteObjects: 0.075500 ms)

========================================================================
Received Import Request.
  Time since last request: 1048.119942 seconds.
  path: ProjectSettings/TagManager.asset
  artifactKey: Guid(00000000000000003000000000000000) Importer(815301076,1909f56bfc062723c751e8b465ee728b)
Start importing ProjectSettings/TagManager.asset using Guid(00000000000000003000000000000000) Importer(815301076,1909f56bfc062723c751e8b465ee728b)  -> (artifact id: '0a600f89ff13b87cd4a3e0902eaed616') in 0.013890 seconds
  Import took 0.017555 seconds .

========================================================================
Received Import Request.
  Time since last request: 0.007339 seconds.
  path: ProjectSettings/TagManager.asset
  artifactKey: Guid(00000000000000003000000000000000) Importer(815301076,1909f56bfc062723c751e8b465ee728b)
Start importing ProjectSettings/TagManager.asset using Guid(00000000000000003000000000000000) Importer(815301076,1909f56bfc062723c751e8b465ee728b)  -> (artifact id: '0a600f89ff13b87cd4a3e0902eaed616') in 0.002353 seconds
  Import took 0.005296 seconds .

========================================================================
Received Prepare
Registering precompiled user dll's ...
Registered in 0.004334 seconds.
Begin MonoManager ReloadAssembly
Native extension for LinuxStandalone target not found
Native extension for WindowsStandalone target not found
Native extension for OSXStandalone target not found
Refreshing native plugins compatible for Editor in 0.46 ms, found 2 plugins.
Preloading 0 native plugins for Editor in 0.00 ms.
Mono: successfully reloaded assembly
- Completed reload, in  1.192 seconds
Platform modules already initialized, skipping
Refreshing native plugins compatible for Editor in 0.43 ms, found 2 plugins.
Preloading 0 native plugins for Editor in 0.00 ms.
Unloading 1434 Unused Serialized files (Serialized files now loaded: 0)
System memory in use before: 84.5 MB.
System memory in use after: 84.6 MB.

Unloading 26 unused Assets to reduce memory usage. Loaded Objects now: 1970.
Total: 22.538300 ms (FindLiveObjects: 0.162600 ms CreateObjectMapping: 0.033600 ms MarkObjects: 22.218600 ms  DeleteObjects: 0.121500 ms)

========================================================================
Received Import Request.
  Time since last request: 235.457881 seconds.
  path: Assets/Scripts/Coin Print
  artifactKey: Guid(fc905d11b0b6d0741940df6cd08a2822) Importer(815301076,1909f56bfc062723c751e8b465ee728b)
Start importing Assets/Scripts/Coin Print using Guid(fc905d11b0b6d0741940df6cd08a2822) Importer(815301076,1909f56bfc062723c751e8b465ee728b)  -> (artifact id: '3b6e4bc484f6503bdbc024290fbdfbff') in 0.008499 seconds
  Import took 0.012020 seconds .

========================================================================
Received Prepare
Registering precompiled user dll's ...
Registered in 0.004231 seconds.
Begin MonoManager ReloadAssembly
Native extension for LinuxStandalone target not found
Native extension for WindowsStandalone target not found
Native extension for OSXStandalone target not found
Refreshing native plugins compatible for Editor in 0.44 ms, found 2 plugins.
Preloading 0 native plugins for Editor in 0.00 ms.
Mono: successfully reloaded assembly
- Completed reload, in  1.153 seconds
Platform modules already initialized, skipping
Refreshing native plugins compatible for Editor in 0.43 ms, found 2 plugins.
Preloading 0 native plugins for Editor in 0.00 ms.
Unloading 1434 Unused Serialized files (Serialized files now loaded: 0)
System memory in use before: 94.3 MB.
System memory in use after: 94.4 MB.

Unloading 24 unused Assets to reduce memory usage. Loaded Objects now: 1973.
Total: 21.643500 ms (FindLiveObjects: 0.162100 ms CreateObjectMapping: 0.034300 ms MarkObjects: 21.368600 ms  DeleteObjects: 0.077000 ms)

========================================================================
Received Import Request.
  Time since last request: 8.666905 seconds.
  path: Assets/Scripts/Coin Push
  artifactKey: Guid(8f39dbfb950337c4c98f8c37ff4a6c72) Importer(815301076,1909f56bfc062723c751e8b465ee728b)
Start importing Assets/Scripts/Coin Push using Guid(8f39dbfb950337c4c98f8c37ff4a6c72) Importer(815301076,1909f56bfc062723c751e8b465ee728b)  -> (artifact id: '1752c53084fe6db35c9b083411a850b8') in 0.008594 seconds
  Import took 0.011807 seconds .

========================================================================
Received Prepare
Registering precompiled user dll's ...
Registered in 0.004387 seconds.
Begin MonoManager ReloadAssembly
Native extension for LinuxStandalone target not found
Native extension for WindowsStandalone target not found
Native extension for OSXStandalone target not found
Refreshing native plugins compatible for Editor in 0.53 ms, found 2 plugins.
Preloading 0 native plugins for Editor in 0.00 ms.
Mono: successfully reloaded assembly
- Completed reload, in  1.169 seconds
Platform modules already initialized, skipping
Refreshing native plugins compatible for Editor in 0.44 ms, found 2 plugins.
Preloading 0 native plugins for Editor in 0.00 ms.
Unloading 1434 Unused Serialized files (Serialized files now loaded: 0)
System memory in use before: 94.3 MB.
System memory in use after: 94.4 MB.

Unloading 24 unused Assets to reduce memory usage. Loaded Objects now: 1976.
Total: 21.759200 ms (FindLiveObjects: 0.258800 ms CreateObjectMapping: 0.064700 ms MarkObjects: 21.363100 ms  DeleteObjects: 0.070600 ms)

========================================================================
Received Import Request.
  Time since last request: 12.976418 seconds.
  path: Assets/Scripts/Coin Delete
  artifactKey: Guid(32aab5a0b3a619c4a93b0ca7c1c8340f) Importer(815301076,1909f56bfc062723c751e8b465ee728b)
Start importing Assets/Scripts/Coin Delete using Guid(32aab5a0b3a619c4a93b0ca7c1c8340f) Importer(815301076,1909f56bfc062723c751e8b465ee728b)  -> (artifact id: '13aa487a02e09f9b6cad66a2b5d14126') in 0.009916 seconds
  Import took 0.013365 seconds .

========================================================================
Received Prepare
Registering precompiled user dll's ...
Registered in 0.005210 seconds.
Begin MonoManager ReloadAssembly
Native extension for LinuxStandalone target not found
Native extension for WindowsStandalone target not found
Native extension for OSXStandalone target not found
Refreshing native plugins compatible for Editor in 0.43 ms, found 2 plugins.
Preloading 0 native plugins for Editor in 0.00 ms.
Mono: successfully reloaded assembly
- Completed reload, in  1.156 seconds
Platform modules already initialized, skipping
Refreshing native plugins compatible for Editor in 0.47 ms, found 2 plugins.
Preloading 0 native plugins for Editor in 0.00 ms.
Unloading 1434 Unused Serialized files (Serialized files now loaded: 0)
System memory in use before: 94.4 MB.
System memory in use after: 94.4 MB.

Unloading 24 unused Assets to reduce memory usage. Loaded Objects now: 1979.
Total: 25.164100 ms (FindLiveObjects: 0.307000 ms CreateObjectMapping: 0.035500 ms MarkObjects: 24.741300 ms  DeleteObjects: 0.078200 ms)

========================================================================
Received Import Request.
  Time since last request: 13.547335 seconds.
  path: Assets/Scripts/Event
  artifactKey: Guid(c4d056c9eeeedae428c817e0b9d0842f) Importer(815301076,1909f56bfc062723c751e8b465ee728b)
Start importing Assets/Scripts/Event using Guid(c4d056c9eeeedae428c817e0b9d0842f) Importer(815301076,1909f56bfc062723c751e8b465ee728b)  -> (artifact id: '4f08468445eded3721dee40ac74b99d5') in 0.009083 seconds
  Import took 0.012398 seconds .

========================================================================
Received Prepare
Registering precompiled user dll's ...
Registered in 0.004855 seconds.
Begin MonoManager ReloadAssembly
Native extension for LinuxStandalone target not found
Native extension for WindowsStandalone target not found
Native extension for OSXStandalone target not found
Refreshing native plugins compatible for Editor in 0.44 ms, found 2 plugins.
Preloading 0 native plugins for Editor in 0.00 ms.
Mono: successfully reloaded assembly
- Completed reload, in  1.197 seconds
Platform modules already initialized, skipping
Refreshing native plugins compatible for Editor in 0.44 ms, found 2 plugins.
Preloading 0 native plugins for Editor in 0.00 ms.
Unloading 1434 Unused Serialized files (Serialized files now loaded: 0)
System memory in use before: 84.6 MB.
System memory in use after: 84.7 MB.

Unloading 24 unused Assets to reduce memory usage. Loaded Objects now: 1982.
Total: 23.651700 ms (FindLiveObjects: 0.190300 ms CreateObjectMapping: 0.034200 ms MarkObjects: 23.351700 ms  DeleteObjects: 0.073700 ms)

========================================================================
Received Import Request.
  Time since last request: 19.658271 seconds.
  path: Assets/Scripts/User Interaction
  artifactKey: Guid(d994dcd377b9c3e49987350bb2f540ed) Importer(815301076,1909f56bfc062723c751e8b465ee728b)
Start importing Assets/Scripts/User Interaction using Guid(d994dcd377b9c3e49987350bb2f540ed) Importer(815301076,1909f56bfc062723c751e8b465ee728b)  -> (artifact id: 'a2f62c86e0ace5d75b59d341e0f4d642') in 0.008068 seconds
  Import took 0.011721 seconds .

========================================================================
Received Prepare
Registering precompiled user dll's ...
Registered in 0.004288 seconds.
Begin MonoManager ReloadAssembly
Native extension for LinuxStandalone target not found
Native extension for WindowsStandalone target not found
Native extension for OSXStandalone target not found
Refreshing native plugins compatible for Editor in 0.48 ms, found 2 plugins.
Preloading 0 native plugins for Editor in 0.00 ms.
Mono: successfully reloaded assembly
- Completed reload, in  1.183 seconds
Platform modules already initialized, skipping
Refreshing native plugins compatible for Editor in 0.46 ms, found 2 plugins.
Preloading 0 native plugins for Editor in 0.00 ms.
Unloading 1434 Unused Serialized files (Serialized files now loaded: 0)
System memory in use before: 94.4 MB.
System memory in use after: 94.4 MB.

Unloading 24 unused Assets to reduce memory usage. Loaded Objects now: 1985.
Total: 22.554300 ms (FindLiveObjects: 0.173800 ms CreateObjectMapping: 0.034000 ms MarkObjects: 22.277600 ms  DeleteObjects: 0.067200 ms)

========================================================================
Received Import Request.
  Time since last request: 17.652805 seconds.
  path: Assets/Scripts/Items/ItemCapsule.cs
  artifactKey: Guid(6554523af18568f41b611440b57ccce6) Importer(815301076,1909f56bfc062723c751e8b465ee728b)
Start importing Assets/Scripts/Items/ItemCapsule.cs using Guid(6554523af18568f41b611440b57ccce6) Importer(815301076,1909f56bfc062723c751e8b465ee728b)  -> (artifact id: 'd79f3556dec3ad60fc215019251510ef') in 0.008538 seconds
  Import took 0.012150 seconds .

========================================================================
Received Prepare
Registering precompiled user dll's ...
Registered in 0.004614 seconds.
Begin MonoManager ReloadAssembly
Native extension for LinuxStandalone target not found
Native extension for WindowsStandalone target not found
Native extension for OSXStandalone target not found
Refreshing native plugins compatible for Editor in 0.45 ms, found 2 plugins.
Preloading 0 native plugins for Editor in 0.00 ms.
Mono: successfully reloaded assembly
- Completed reload, in  1.179 seconds
Platform modules already initialized, skipping
Refreshing native plugins compatible for Editor in 0.45 ms, found 2 plugins.
Preloading 0 native plugins for Editor in 0.00 ms.
Unloading 1435 Unused Serialized files (Serialized files now loaded: 0)
System memory in use before: 94.4 MB.
System memory in use after: 94.5 MB.

Unloading 24 unused Assets to reduce memory usage. Loaded Objects now: 1989.
Total: 22.393800 ms (FindLiveObjects: 0.176300 ms CreateObjectMapping: 0.034000 ms MarkObjects: 22.102400 ms  DeleteObjects: 0.079400 ms)

========================================================================
Received Import Request.
  Time since last request: 150.563139 seconds.
  path: Assets/Resources/3D Models/Coin Machine Models/Machine Body
  artifactKey: Guid(292631706e4e9f245a418641b064eb9e) Importer(815301076,1909f56bfc062723c751e8b465ee728b)
Start importing Assets/Resources/3D Models/Coin Machine Models/Machine Body using Guid(292631706e4e9f245a418641b064eb9e) Importer(815301076,1909f56bfc062723c751e8b465ee728b)  -> (artifact id: '6cb16c9cb377322032bbb9a012605108') in 0.008616 seconds
  Import took 0.012251 seconds .

========================================================================
Received Import Request.
  Time since last request: 97.020338 seconds.
  path: Assets/Resources/Materials/Proto Materials
  artifactKey: Guid(6103f060ff87e6241912233293a9a78d) Importer(815301076,1909f56bfc062723c751e8b465ee728b)
Start importing Assets/Resources/Materials/Proto Materials using Guid(6103f060ff87e6241912233293a9a78d) Importer(815301076,1909f56bfc062723c751e8b465ee728b)  -> (artifact id: '029553489123df7461ba589465569f56') in 0.006469 seconds
  Import took 0.009066 seconds .

========================================================================
Received Import Request.
  Time since last request: 1.590221 seconds.
  path: Assets/Resources/Materials/Proto Materials/Physic Materials
  artifactKey: Guid(121277cbff1030d488373b8db097854b) Importer(815301076,1909f56bfc062723c751e8b465ee728b)
Start importing Assets/Resources/Materials/Proto Materials/Physic Materials using Guid(121277cbff1030d488373b8db097854b) Importer(815301076,1909f56bfc062723c751e8b465ee728b)  -> (artifact id: '65e89ea7bf3e1a181978df25ef436635') in 0.005609 seconds
  Import took 0.008084 seconds .

========================================================================
Received Import Request.
  Time since last request: 0.071391 seconds.
  path: Assets/Resources/Materials/Proto Materials/Physic Materials/Pusher Physics.physicMaterial
  artifactKey: Guid(d361e3625b1822a469706cf2a899fb31) Importer(815301076,1909f56bfc062723c751e8b465ee728b)
Start importing Assets/Resources/Materials/Proto Materials/Physic Materials/Pusher Physics.physicMaterial using Guid(d361e3625b1822a469706cf2a899fb31) Importer(815301076,1909f56bfc062723c751e8b465ee728b)  -> (artifact id: 'ca9fc988de78d7dd9f4538c75fb244c0') in 0.012369 seconds
  Import took 0.014896 seconds .

========================================================================
Received Import Request.
  Time since last request: 36.203234 seconds.
  path: ProjectSettings/TagManager.asset
  artifactKey: Guid(00000000000000003000000000000000) Importer(815301076,1909f56bfc062723c751e8b465ee728b)
Start importing ProjectSettings/TagManager.asset using Guid(00000000000000003000000000000000) Importer(815301076,1909f56bfc062723c751e8b465ee728b)  -> (artifact id: '6c7dba9ecf6e46ccd94963bdf4f5991a') in 0.002776 seconds
  Import took 0.005284 seconds .

========================================================================
Received Import Request.
  Time since last request: 0.005787 seconds.
  path: ProjectSettings/TagManager.asset
  artifactKey: Guid(00000000000000003000000000000000) Importer(815301076,1909f56bfc062723c751e8b465ee728b)
Start importing ProjectSettings/TagManager.asset using Guid(00000000000000003000000000000000) Importer(815301076,1909f56bfc062723c751e8b465ee728b)  -> (artifact id: '6c7dba9ecf6e46ccd94963bdf4f5991a') in 0.001937 seconds
  Import took 0.004341 seconds .

========================================================================
Received Import Request.
  Time since last request: 55.722491 seconds.
  path: Assets/Resources/Prefabs/Event
  artifactKey: Guid(bede186b6587c2440b37fd1b33fecf91) Importer(815301076,1909f56bfc062723c751e8b465ee728b)
Start importing Assets/Resources/Prefabs/Event using Guid(bede186b6587c2440b37fd1b33fecf91) Importer(815301076,1909f56bfc062723c751e8b465ee728b)  -> (artifact id: 'f8b174c2e0c645c7455fc6dcc5f75b01') in 0.001821 seconds
  Import took 0.004313 seconds .

========================================================================
Received Import Request.
  Time since last request: 0.000521 seconds.
  path: Assets/Resources/Prefabs/Event
  artifactKey: Guid(bede186b6587c2440b37fd1b33fecf91) Importer(815301076,1909f56bfc062723c751e8b465ee728b)
Start importing Assets/Resources/Prefabs/Event using Guid(bede186b6587c2440b37fd1b33fecf91) Importer(815301076,1909f56bfc062723c751e8b465ee728b)  -> (artifact id: 'f8b174c2e0c645c7455fc6dcc5f75b01') in 0.001859 seconds
  Import took 0.004653 seconds .

========================================================================
Received Import Request.
  Time since last request: 0.069152 seconds.
  path: Assets/Resources/Prefabs/Event/Temporary Coin Destroyer.prefab
  artifactKey: Guid(6ed5f0ae06ea9534a80ea2cb04864215) Importer(815301076,1909f56bfc062723c751e8b465ee728b)
Start importing Assets/Resources/Prefabs/Event/Temporary Coin Destroyer.prefab using Guid(6ed5f0ae06ea9534a80ea2cb04864215) Importer(815301076,1909f56bfc062723c751e8b465ee728b)  -> (artifact id: 'decff1738f806a0e8868c2a4864583c6') in 0.042768 seconds
  Import took 0.045337 seconds .

========================================================================
Received Import Request.
  Time since last request: 0.000225 seconds.
  path: Assets/Resources/Prefabs/Event/The Focking Coin Overseer.prefab
  artifactKey: Guid(3d6ad7159a2c29f4eb05e151349a2482) Importer(815301076,1909f56bfc062723c751e8b465ee728b)
Start importing Assets/Resources/Prefabs/Event/The Focking Coin Overseer.prefab using Guid(3d6ad7159a2c29f4eb05e151349a2482) Importer(815301076,1909f56bfc062723c751e8b465ee728b)  -> (artifact id: 'fda69f6e06471c887fb19507bb0e1154') in 0.006791 seconds
  Import took 0.008911 seconds .

========================================================================
Received Import Request.
  Time since last request: 5.912096 seconds.
  path: Assets/Resources/Prefabs/Item
  artifactKey: Guid(0295bc5e22632a64db3782b26390fc70) Importer(815301076,1909f56bfc062723c751e8b465ee728b)
Start importing Assets/Resources/Prefabs/Item using Guid(0295bc5e22632a64db3782b26390fc70) Importer(815301076,1909f56bfc062723c751e8b465ee728b)  -> (artifact id: 'b66c6b7dc2ff54356cc262d8fa2c9754') in 0.006713 seconds
  Import took 0.009274 seconds .

========================================================================
Received Import Request.
  Time since last request: 5.251512 seconds.
  path: Assets/Resources/Prefabs/Item/AfricanAmericanBall.prefab
  artifactKey: Guid(b4a49a368425028458ced50b8b769d4b) Importer(815301076,1909f56bfc062723c751e8b465ee728b)
Start importing Assets/Resources/Prefabs/Item/AfricanAmericanBall.prefab using Guid(b4a49a368425028458ced50b8b769d4b) Importer(815301076,1909f56bfc062723c751e8b465ee728b)  -> (artifact id: 'abefd15dabe9d3da06bf0e362c5ada91') in 0.014807 seconds
  Import took 0.017841 seconds .

========================================================================
Received Import Request.
  Time since last request: 0.001872 seconds.
  path: Assets/Resources/Prefabs/Item/AfricanAmericanBall.prefab
  artifactKey: Guid(b4a49a368425028458ced50b8b769d4b) Importer(815301076,1909f56bfc062723c751e8b465ee728b)
Start importing Assets/Resources/Prefabs/Item/AfricanAmericanBall.prefab using Guid(b4a49a368425028458ced50b8b769d4b) Importer(815301076,1909f56bfc062723c751e8b465ee728b)  -> (artifact id: 'abefd15dabe9d3da06bf0e362c5ada91') in 0.006485 seconds
  Import took 0.008948 seconds .

========================================================================
Received Import Request.
  Time since last request: 18.421194 seconds.
  path: Assets/Resources/Prefabs/Item/Item Builder.prefab
  artifactKey: Guid(f798086d4b7640e4f96ea1748ecb619a) Importer(815301076,1909f56bfc062723c751e8b465ee728b)
Start importing Assets/Resources/Prefabs/Item/Item Builder.prefab using Guid(f798086d4b7640e4f96ea1748ecb619a) Importer(815301076,1909f56bfc062723c751e8b465ee728b)  -> (artifact id: 'c7727931f5ca9ecfb7f3753982fbd9f7') in 0.007048 seconds
  Import took 0.009717 seconds .

========================================================================
Received Import Request.
  Time since last request: 0.004578 seconds.
  path: Assets/Resources/Prefabs/Item/Item Builder.prefab
  artifactKey: Guid(f798086d4b7640e4f96ea1748ecb619a) Importer(815301076,1909f56bfc062723c751e8b465ee728b)
Start importing Assets/Resources/Prefabs/Item/Item Builder.prefab using Guid(f798086d4b7640e4f96ea1748ecb619a) Importer(815301076,1909f56bfc062723c751e8b465ee728b)  -> (artifact id: 'c7727931f5ca9ecfb7f3753982fbd9f7') in 0.003550 seconds
  Import took 0.006638 seconds .

========================================================================
Received Import Request.
  Time since last request: 6.488358 seconds.
  path: Assets/Resources/Prefabs/Item/Item Builder.prefab
  artifactKey: Guid(f798086d4b7640e4f96ea1748ecb619a) Importer(815301076,1909f56bfc062723c751e8b465ee728b)
Start importing Assets/Resources/Prefabs/Item/Item Builder.prefab using Guid(f798086d4b7640e4f96ea1748ecb619a) Importer(815301076,1909f56bfc062723c751e8b465ee728b)  -> (artifact id: '14c985494afc85e8b4501bf549136735') in 0.003767 seconds
  Import took 0.006300 seconds .

========================================================================
Received Import Request.
  Time since last request: 0.003704 seconds.
  path: Assets/Resources/Prefabs/Item/Item Builder.prefab
  artifactKey: Guid(f798086d4b7640e4f96ea1748ecb619a) Importer(815301076,1909f56bfc062723c751e8b465ee728b)
Start importing Assets/Resources/Prefabs/Item/Item Builder.prefab using Guid(f798086d4b7640e4f96ea1748ecb619a) Importer(815301076,1909f56bfc062723c751e8b465ee728b)  -> (artifact id: '14c985494afc85e8b4501bf549136735') in 0.003378 seconds
  Import took 0.006216 seconds .

========================================================================
Received Import Request.
  Time since last request: 2.812937 seconds.
  path: Assets/Resources/Prefabs/Item/Item Builder.prefab
  artifactKey: Guid(f798086d4b7640e4f96ea1748ecb619a) Importer(815301076,1909f56bfc062723c751e8b465ee728b)
Start importing Assets/Resources/Prefabs/Item/Item Builder.prefab using Guid(f798086d4b7640e4f96ea1748ecb619a) Importer(815301076,1909f56bfc062723c751e8b465ee728b)  -> (artifact id: '832629c446475a55d4aeb9d7edcebda8') in 0.003845 seconds
  Import took 0.006369 seconds .

========================================================================
Received Import Request.
  Time since last request: 0.002761 seconds.
  path: Assets/Resources/Prefabs/Item/Item Builder.prefab
  artifactKey: Guid(f798086d4b7640e4f96ea1748ecb619a) Importer(815301076,1909f56bfc062723c751e8b465ee728b)
Start importing Assets/Resources/Prefabs/Item/Item Builder.prefab using Guid(f798086d4b7640e4f96ea1748ecb619a) Importer(815301076,1909f56bfc062723c751e8b465ee728b)  -> (artifact id: '832629c446475a55d4aeb9d7edcebda8') in 0.003806 seconds
  Import took 0.006168 seconds .

========================================================================
Received Import Request.
  Time since last request: 0.787468 seconds.
  path: Assets/Resources/Prefabs/Item/Item Builder.prefab
  artifactKey: Guid(f798086d4b7640e4f96ea1748ecb619a) Importer(815301076,1909f56bfc062723c751e8b465ee728b)
Start importing Assets/Resources/Prefabs/Item/Item Builder.prefab using Guid(f798086d4b7640e4f96ea1748ecb619a) Importer(815301076,1909f56bfc062723c751e8b465ee728b)  -> (artifact id: '9d44fe607f53513adc5196a6f503d67a') in 0.003363 seconds
  Import took 0.005870 seconds .

========================================================================
Received Import Request.
  Time since last request: 0.002396 seconds.
  path: Assets/Resources/Prefabs/Item/Item Builder.prefab
  artifactKey: Guid(f798086d4b7640e4f96ea1748ecb619a) Importer(815301076,1909f56bfc062723c751e8b465ee728b)
Start importing Assets/Resources/Prefabs/Item/Item Builder.prefab using Guid(f798086d4b7640e4f96ea1748ecb619a) Importer(815301076,1909f56bfc062723c751e8b465ee728b)  -> (artifact id: '9d44fe607f53513adc5196a6f503d67a') in 0.004075 seconds
  Import took 0.006946 seconds .

========================================================================
Received Import Request.
  Time since last request: 0.203918 seconds.
  path: Assets/Resources/Prefabs/Item/Item Builder.prefab
  artifactKey: Guid(f798086d4b7640e4f96ea1748ecb619a) Importer(815301076,1909f56bfc062723c751e8b465ee728b)
Start importing Assets/Resources/Prefabs/Item/Item Builder.prefab using Guid(f798086d4b7640e4f96ea1748ecb619a) Importer(815301076,1909f56bfc062723c751e8b465ee728b)  -> (artifact id: 'c6ecb3299b18f42c871d67ed6472bf9d') in 0.003360 seconds
  Import took 0.005854 seconds .

========================================================================
Received Import Request.
  Time since last request: 0.001108 seconds.
  path: Assets/Resources/Prefabs/Item/Item Builder.prefab
  artifactKey: Guid(f798086d4b7640e4f96ea1748ecb619a) Importer(815301076,1909f56bfc062723c751e8b465ee728b)
Start importing Assets/Resources/Prefabs/Item/Item Builder.prefab using Guid(f798086d4b7640e4f96ea1748ecb619a) Importer(815301076,1909f56bfc062723c751e8b465ee728b)  -> (artifact id: 'c6ecb3299b18f42c871d67ed6472bf9d') in 0.003313 seconds
  Import took 0.005743 seconds .

========================================================================
Received Import Request.
  Time since last request: 0.377856 seconds.
  path: Assets/Resources/Prefabs/Item/Item Builder.prefab
  artifactKey: Guid(f798086d4b7640e4f96ea1748ecb619a) Importer(815301076,1909f56bfc062723c751e8b465ee728b)
Start importing Assets/Resources/Prefabs/Item/Item Builder.prefab using Guid(f798086d4b7640e4f96ea1748ecb619a) Importer(815301076,1909f56bfc062723c751e8b465ee728b)  -> (artifact id: '58dc1a5ed5a83b802b2234fc5a20899f') in 0.003879 seconds
  Import took 0.006668 seconds .

========================================================================
Received Import Request.
  Time since last request: 0.003127 seconds.
  path: Assets/Resources/Prefabs/Item/Item Builder.prefab
  artifactKey: Guid(f798086d4b7640e4f96ea1748ecb619a) Importer(815301076,1909f56bfc062723c751e8b465ee728b)
Start importing Assets/Resources/Prefabs/Item/Item Builder.prefab using Guid(f798086d4b7640e4f96ea1748ecb619a) Importer(815301076,1909f56bfc062723c751e8b465ee728b)  -> (artifact id: '58dc1a5ed5a83b802b2234fc5a20899f') in 0.003210 seconds
  Import took 0.005474 seconds .

========================================================================
Received Import Request.
  Time since last request: 1.205167 seconds.
  path: Assets/Resources/Prefabs/Item/Item Builder.prefab
  artifactKey: Guid(f798086d4b7640e4f96ea1748ecb619a) Importer(815301076,1909f56bfc062723c751e8b465ee728b)
Start importing Assets/Resources/Prefabs/Item/Item Builder.prefab using Guid(f798086d4b7640e4f96ea1748ecb619a) Importer(815301076,1909f56bfc062723c751e8b465ee728b)  -> (artifact id: 'bbf58444e5b7e5a676ad3fb63182270a') in 0.003575 seconds
  Import took 0.006027 seconds .

========================================================================
Received Import Request.
  Time since last request: 0.001623 seconds.
  path: Assets/Resources/Prefabs/Item/Item Builder.prefab
  artifactKey: Guid(f798086d4b7640e4f96ea1748ecb619a) Importer(815301076,1909f56bfc062723c751e8b465ee728b)
Start importing Assets/Resources/Prefabs/Item/Item Builder.prefab using Guid(f798086d4b7640e4f96ea1748ecb619a) Importer(815301076,1909f56bfc062723c751e8b465ee728b)  -> (artifact id: 'bbf58444e5b7e5a676ad3fb63182270a') in 0.003357 seconds
  Import took 0.006001 seconds .

========================================================================
Received Import Request.
  Time since last request: 0.586559 seconds.
  path: Assets/Resources/Prefabs/Item/Item Builder.prefab
  artifactKey: Guid(f798086d4b7640e4f96ea1748ecb619a) Importer(815301076,1909f56bfc062723c751e8b465ee728b)
Start importing Assets/Resources/Prefabs/Item/Item Builder.prefab using Guid(f798086d4b7640e4f96ea1748ecb619a) Importer(815301076,1909f56bfc062723c751e8b465ee728b)  -> (artifact id: '3548005375ee34f8d11c8df0bd226e6a') in 0.003529 seconds
  Import took 0.006138 seconds .

========================================================================
Received Import Request.
  Time since last request: 0.001504 seconds.
  path: Assets/Resources/Prefabs/Item/Item Builder.prefab
  artifactKey: Guid(f798086d4b7640e4f96ea1748ecb619a) Importer(815301076,1909f56bfc062723c751e8b465ee728b)
Start importing Assets/Resources/Prefabs/Item/Item Builder.prefab using Guid(f798086d4b7640e4f96ea1748ecb619a) Importer(815301076,1909f56bfc062723c751e8b465ee728b)  -> (artifact id: '3548005375ee34f8d11c8df0bd226e6a') in 0.003949 seconds
  Import took 0.006663 seconds .

========================================================================
Received Import Request.
  Time since last request: 0.394899 seconds.
  path: Assets/Resources/Prefabs/Item/Item Builder.prefab
  artifactKey: Guid(f798086d4b7640e4f96ea1748ecb619a) Importer(815301076,1909f56bfc062723c751e8b465ee728b)
Start importing Assets/Resources/Prefabs/Item/Item Builder.prefab using Guid(f798086d4b7640e4f96ea1748ecb619a) Importer(815301076,1909f56bfc062723c751e8b465ee728b)  -> (artifact id: 'ac9605888489cf46485ce032562254da') in 0.003520 seconds
  Import took 0.006059 seconds .

========================================================================
Received Import Request.
  Time since last request: 0.002652 seconds.
  path: Assets/Resources/Prefabs/Item/Item Builder.prefab
  artifactKey: Guid(f798086d4b7640e4f96ea1748ecb619a) Importer(815301076,1909f56bfc062723c751e8b465ee728b)
Start importing Assets/Resources/Prefabs/Item/Item Builder.prefab using Guid(f798086d4b7640e4f96ea1748ecb619a) Importer(815301076,1909f56bfc062723c751e8b465ee728b)  -> (artifact id: 'ac9605888489cf46485ce032562254da') in 0.003547 seconds
  Import took 0.005831 seconds .

========================================================================
Received Prepare
Registering precompiled user dll's ...
Registered in 0.004154 seconds.
Begin MonoManager ReloadAssembly
Native extension for LinuxStandalone target not found
Native extension for WindowsStandalone target not found
Native extension for OSXStandalone target not found
Refreshing native plugins compatible for Editor in 0.45 ms, found 2 plugins.
Preloading 0 native plugins for Editor in 0.00 ms.
Mono: successfully reloaded assembly
- Completed reload, in  1.175 seconds
Platform modules already initialized, skipping
Refreshing native plugins compatible for Editor in 0.45 ms, found 2 plugins.
Preloading 0 native plugins for Editor in 0.00 ms.
Unloading 1435 Unused Serialized files (Serialized files now loaded: 0)
System memory in use before: 84.7 MB.
System memory in use after: 84.8 MB.

Unloading 26 unused Assets to reduce memory usage. Loaded Objects now: 1994.
Total: 22.596900 ms (FindLiveObjects: 0.214000 ms CreateObjectMapping: 0.034200 ms MarkObjects: 22.274000 ms  DeleteObjects: 0.073200 ms)

========================================================================
Received Prepare
Registering precompiled user dll's ...
Registered in 0.004920 seconds.
Begin MonoManager ReloadAssembly
Native extension for LinuxStandalone target not found
Native extension for WindowsStandalone target not found
Native extension for OSXStandalone target not found
Refreshing native plugins compatible for Editor in 0.44 ms, found 2 plugins.
Preloading 0 native plugins for Editor in 0.00 ms.
Mono: successfully reloaded assembly
- Completed reload, in  1.207 seconds
Platform modules already initialized, skipping
Refreshing native plugins compatible for Editor in 0.47 ms, found 2 plugins.
Preloading 0 native plugins for Editor in 0.00 ms.
Unloading 1435 Unused Serialized files (Serialized files now loaded: 0)
System memory in use before: 94.5 MB.
System memory in use after: 94.5 MB.

Unloading 24 unused Assets to reduce memory usage. Loaded Objects now: 1997.
Total: 23.703200 ms (FindLiveObjects: 0.214500 ms CreateObjectMapping: 0.038900 ms MarkObjects: 23.365500 ms  DeleteObjects: 0.082400 ms)

========================================================================
Received Prepare
Registering precompiled user dll's ...
Registered in 0.004623 seconds.
Begin MonoManager ReloadAssembly
Native extension for LinuxStandalone target not found
Native extension for WindowsStandalone target not found
Native extension for OSXStandalone target not found
Refreshing native plugins compatible for Editor in 0.45 ms, found 2 plugins.
Preloading 0 native plugins for Editor in 0.00 ms.
Mono: successfully reloaded assembly
- Completed reload, in  1.142 seconds
Platform modules already initialized, skipping
Refreshing native plugins compatible for Editor in 0.46 ms, found 2 plugins.
Preloading 0 native plugins for Editor in 0.00 ms.
Unloading 1435 Unused Serialized files (Serialized files now loaded: 0)
System memory in use before: 84.7 MB.
System memory in use after: 84.8 MB.

Unloading 24 unused Assets to reduce memory usage. Loaded Objects now: 2000.
Total: 22.513400 ms (FindLiveObjects: 0.242800 ms CreateObjectMapping: 0.035600 ms MarkObjects: 22.160600 ms  DeleteObjects: 0.072100 ms)

========================================================================
Received Import Request.
  Time since last request: 481.558685 seconds.
  path: Assets/Resources/Prefabs/Item/AfricanAmericanBall.prefab
  artifactKey: Guid(b4a49a368425028458ced50b8b769d4b) Importer(815301076,1909f56bfc062723c751e8b465ee728b)
Start importing Assets/Resources/Prefabs/Item/AfricanAmericanBall.prefab using Guid(b4a49a368425028458ced50b8b769d4b) Importer(815301076,1909f56bfc062723c751e8b465ee728b)  -> (artifact id: 'c8a0af3cfe6279fba0ab5d3bab071ac2') in 0.046309 seconds
  Import took 0.050239 seconds .

========================================================================
Received Import Request.
  Time since last request: 2.990340 seconds.
  path: Assets/Resources/Prefabs/Item/AfricanAmericanBall.prefab
  artifactKey: Guid(b4a49a368425028458ced50b8b769d4b) Importer(815301076,1909f56bfc062723c751e8b465ee728b)
Start importing Assets/Resources/Prefabs/Item/AfricanAmericanBall.prefab using Guid(b4a49a368425028458ced50b8b769d4b) Importer(815301076,1909f56bfc062723c751e8b465ee728b)  -> (artifact id: '549bbcf84f0a887ae27d062a8f12e03c') in 0.007271 seconds
  Import took 0.010396 seconds .

========================================================================
Received Import Request.
  Time since last request: 8.058117 seconds.
  path: Assets/Resources/Prefabs/Item/AfricanAmericanBall.prefab
  artifactKey: Guid(b4a49a368425028458ced50b8b769d4b) Importer(815301076,1909f56bfc062723c751e8b465ee728b)
Start importing Assets/Resources/Prefabs/Item/AfricanAmericanBall.prefab using Guid(b4a49a368425028458ced50b8b769d4b) Importer(815301076,1909f56bfc062723c751e8b465ee728b)  -> (artifact id: '20dbe42db45d575101ec9d24cb550d2c') in 0.008251 seconds
  Import took 0.010839 seconds .

========================================================================
Received Import Request.
  Time since last request: 6.032438 seconds.
  path: Assets/Resources/Prefabs/Item/AfricanAmericanBall.prefab
  artifactKey: Guid(b4a49a368425028458ced50b8b769d4b) Importer(815301076,1909f56bfc062723c751e8b465ee728b)
Start importing Assets/Resources/Prefabs/Item/AfricanAmericanBall.prefab using Guid(b4a49a368425028458ced50b8b769d4b) Importer(815301076,1909f56bfc062723c751e8b465ee728b)  -> (artifact id: 'ff3c4aa5ed80818d6865ab2f0a5939ff') in 0.006748 seconds
  Import took 0.009337 seconds .

========================================================================
Received Import Request.
  Time since last request: 14.360086 seconds.
  path: Assets/Resources/Prefabs/Item/AfricanAmericanBall.prefab
  artifactKey: Guid(b4a49a368425028458ced50b8b769d4b) Importer(815301076,1909f56bfc062723c751e8b465ee728b)
Start importing Assets/Resources/Prefabs/Item/AfricanAmericanBall.prefab using Guid(b4a49a368425028458ced50b8b769d4b) Importer(815301076,1909f56bfc062723c751e8b465ee728b)  -> (artifact id: 'd1466aec7dde8ef8e00265018287ec86') in 0.007533 seconds
  Import took 0.010164 seconds .

========================================================================
Received Import Request.
  Time since last request: 149.215965 seconds.
  path: Assets/Resources/Prefabs/Coin Printer/Print Extruder 1.prefab
  artifactKey: Guid(1cb5ccf49e231184182e9710959ccb72) Importer(815301076,1909f56bfc062723c751e8b465ee728b)
Start importing Assets/Resources/Prefabs/Coin Printer/Print Extruder 1.prefab using Guid(1cb5ccf49e231184182e9710959ccb72) Importer(815301076,1909f56bfc062723c751e8b465ee728b)  -> (artifact id: '46f97ef7baa8ea8609b92b98abc9a17e') in 0.010493 seconds
  Import took 0.013531 seconds .

========================================================================
Received Import Request.
  Time since last request: 37.047645 seconds.
  path: Assets/Resources/Prefabs/Coins
  artifactKey: Guid(74061dd84faf53e4bbc59ac9d4c95ece) Importer(815301076,1909f56bfc062723c751e8b465ee728b)
Start importing Assets/Resources/Prefabs/Coins using Guid(74061dd84faf53e4bbc59ac9d4c95ece) Importer(815301076,1909f56bfc062723c751e8b465ee728b)  -> (artifact id: '20bd0eb287d3c5c1f62f0bf4c426fe15') in 0.001770 seconds
  Import took 0.004487 seconds .

========================================================================
Received Import Request.
  Time since last request: 16.917851 seconds.
  path: Assets/Resources/3D Models/Coin Machine Models/Coins/Primitive Models
  artifactKey: Guid(71dd344077f272c4c8fb72f0311b976f) Importer(815301076,1909f56bfc062723c751e8b465ee728b)
Start importing Assets/Resources/3D Models/Coin Machine Models/Coins/Primitive Models using Guid(71dd344077f272c4c8fb72f0311b976f) Importer(815301076,1909f56bfc062723c751e8b465ee728b)  -> (artifact id: '594e5e3cb64bdbc420ddf592a7f19a4b') in 0.006048 seconds
  Import took 0.008634 seconds .

========================================================================
Received Import Request.
  Time since last request: 15.194517 seconds.
  path: Assets/Resources/3D Models/Coin Machine
  artifactKey: Guid(c8cd294739e4d894f977d88cd894a192) Importer(815301076,1909f56bfc062723c751e8b465ee728b)
Start importing Assets/Resources/3D Models/Coin Machine using Guid(c8cd294739e4d894f977d88cd894a192) Importer(815301076,1909f56bfc062723c751e8b465ee728b)  -> (artifact id: '9abf3d08a9de6ddf45a453f2a4cc1b30') in 0.002385 seconds
  Import took 0.004896 seconds .

========================================================================
Received Import Request.
  Time since last request: 30.738656 seconds.
  path: Assets/Resources/Prefabs/Item/AfricanAmericanBall.prefab
  artifactKey: Guid(b4a49a368425028458ced50b8b769d4b) Importer(815301076,1909f56bfc062723c751e8b465ee728b)
Start importing Assets/Resources/Prefabs/Item/AfricanAmericanBall.prefab using Guid(b4a49a368425028458ced50b8b769d4b) Importer(815301076,1909f56bfc062723c751e8b465ee728b)  -> (artifact id: 'a273598aeb7f08290f2de62153aa5f6d') in 0.007766 seconds
  Import took 0.010474 seconds .

AssetImportWorkerClient::OnTransportError - code=2 error=End of file
