Using pre-set license
Built from '2020.3/staging' branch; Version is '2020.3.10f1 (297d780c91bc) revision 2719096'; Using compiler version '192528614'; Build Type 'Release'
OS: 'Windows 10 Home; OS build 22000.493; Version 2009; 64bit' Language: 'en' Physical Memory: 8042 MB
BatchMode: 1, IsHumanControllingUs: 0, StartBugReporterOnCrash: 0, Is64bit: 1, IsPro: 0

 COMMAND LINE ARGUMENTS:
C:\Program Files\Unity\Hub\Editor\2020.3.10f1\Editor\Unity.exe
-adb2
-batchMode
-noUpm
-name
AssetImportWorker2
-projectPath
C:/Users/Harris/Desktop/Unity Project's/Coin-Game-Ludificor/Coin Machine Game
-logFile
Logs/AssetImportWorker2.log
-srvPort
60488
Successfully changed project path to: C:/Users/Harris/Desktop/Unity Project's/Coin-Game-Ludificor/Coin Machine Game
C:/Users/Harris/Desktop/Unity Project's/Coin-Game-Ludificor/Coin Machine Game
Using Asset Import Pipeline V2.
Refreshing native plugins compatible for Editor in 381.85 ms, found 2 plugins.
Preloading 0 native plugins for Editor in 0.00 ms.
Initialize engine version: 2020.3.10f1 (297d780c91bc)
[Subsystems] Discovering subsystems at path C:/Program Files/Unity/Hub/Editor/2020.3.10f1/Editor/Data/Resources/UnitySubsystems
[Subsystems] Discovering subsystems at path C:/Users/Harris/Desktop/Unity Project's/Coin-Game-Ludificor/Coin Machine Game/Assets
GfxDevice: creating device client; threaded=0
Direct3D:
    Version:  Direct3D 11.0 [level 11.1]
    Renderer: Intel(R) UHD Graphics 620 (ID=0x5917)
    Vendor:   
    VRAM:     4021 MB
    Driver:   23.20.16.4849
Shader 'Universal Render Pipeline/Particles/Lit': fallback shader 'Universal Render Pipeline/Particles/SimpleLit' not found
Initialize mono
Mono path[0] = 'C:/Program Files/Unity/Hub/Editor/2020.3.10f1/Editor/Data/Managed'
Mono path[1] = 'C:/Program Files/Unity/Hub/Editor/2020.3.10f1/Editor/Data/MonoBleedingEdge/lib/mono/unityjit'
Mono config path = 'C:/Program Files/Unity/Hub/Editor/2020.3.10f1/Editor/Data/MonoBleedingEdge/etc'
Using monoOptions --debugger-agent=transport=dt_socket,embedding=1,server=y,suspend=n,address=127.0.0.1:56696
Begin MonoManager ReloadAssembly
Registering precompiled unity dll's ...
Register platform support module: C:/Program Files/Unity/Hub/Editor/2020.3.10f1/Editor/Data/PlaybackEngines/WindowsStandaloneSupport/UnityEditor.WindowsStandalone.Extensions.dll
Registered in 0.008254 seconds.
Native extension for WindowsStandalone target not found
Refreshing native plugins compatible for Editor in 208.54 ms, found 2 plugins.
Preloading 0 native plugins for Editor in 0.00 ms.
Mono: successfully reloaded assembly
- Completed reload, in 14.376 seconds
Platform modules already initialized, skipping
Registering precompiled user dll's ...
Registered in 0.079407 seconds.
Begin MonoManager ReloadAssembly
Symbol file data-000002A01DD82050 doesn't match image C:\Users\Harris\Desktop\Unity Project's\Coin-Game-Ludificor\Coin Machine Game\Library\ScriptAssemblies\Unity.VSCode.Editor.dll
Symbol file LoadedFromMemory is not a mono symbol file
Symbol file data-000002A01D98E440 doesn't match image C:\Users\Harris\Desktop\Unity Project's\Coin-Game-Ludificor\Coin Machine Game\Library\ScriptAssemblies\Unity.RenderPipelines.Universal.Shaders.dll
Symbol file LoadedFromMemory is not a mono symbol file
Symbol file data-000002A01D84B0B0 doesn't match image C:\Users\Harris\Desktop\Unity Project's\Coin-Game-Ludificor\Coin Machine Game\Library\ScriptAssemblies\Unity.RenderPipelines.Universal.Runtime.dll
Symbol file LoadedFromMemory is not a mono symbol file
Symbol file data-000002A01D587020 doesn't match image C:\Users\Harris\Desktop\Unity Project's\Coin-Game-Ludificor\Coin Machine Game\Library\ScriptAssemblies\Unity.TextMeshPro.Editor.dll
Symbol file LoadedFromMemory is not a mono symbol file
Symbol file data-000002A01BE81040 doesn't match image C:\Users\Harris\Desktop\Unity Project's\Coin-Game-Ludificor\Coin Machine Game\Library\ScriptAssemblies\Unity.VisualStudio.Editor.dll
Symbol file LoadedFromMemory is not a mono symbol file
Symbol file data-000002A01BA9F780 doesn't match image C:\Users\Harris\Desktop\Unity Project's\Coin-Game-Ludificor\Coin Machine Game\Library\ScriptAssemblies\Unity.Sysroot.Linux_x86_64.dll
Symbol file LoadedFromMemory is not a mono symbol file
Symbol file data-000002A01D646240 doesn't match image C:\Users\Harris\Desktop\Unity Project's\Coin-Game-Ludificor\Coin Machine Game\Library\ScriptAssemblies\UnityEngine.TestRunner.dll
Symbol file LoadedFromMemory is not a mono symbol file
Symbol file data-000002A01D4ADC40 doesn't match image C:\Users\Harris\Desktop\Unity Project's\Coin-Game-Ludificor\Coin Machine Game\Library\ScriptAssemblies\Unity.Timeline.dll
Symbol file LoadedFromMemory is not a mono symbol file
Symbol file data-000002A01DD50010 doesn't match image C:\Users\Harris\Desktop\Unity Project's\Coin-Game-Ludificor\Coin Machine Game\Library\ScriptAssemblies\Unity.TextMeshPro.dll
Symbol file LoadedFromMemory is not a mono symbol file
Symbol file data-000002A01B7773C0 doesn't match image C:\Users\Harris\Desktop\Unity Project's\Coin-Game-Ludificor\Coin Machine Game\Library\ScriptAssemblies\UnityEditor.TestRunner.dll
Symbol file LoadedFromMemory is not a mono symbol file
Symbol file data-000002A01B83A670 doesn't match image C:\Users\Harris\Desktop\Unity Project's\Coin-Game-Ludificor\Coin Machine Game\Library\ScriptAssemblies\Unity.Searcher.Editor.dll
Symbol file LoadedFromMemory is not a mono symbol file
Symbol file data-000002A01BE7F4E0 doesn't match image C:\Users\Harris\Desktop\Unity Project's\Coin-Game-Ludificor\Coin Machine Game\Library\ScriptAssemblies\Unity.ShaderGraph.Utilities.dll
Symbol file LoadedFromMemory is not a mono symbol file
Symbol file data-000002A01B7773C0 doesn't match image C:\Users\Harris\Desktop\Unity Project's\Coin-Game-Ludificor\Coin Machine Game\Library\ScriptAssemblies\Unity.RenderPipelines.Core.Runtime.dll
Symbol file LoadedFromMemory is not a mono symbol file
Symbol file data-000002A01B81D840 doesn't match image C:\Users\Harris\Desktop\Unity Project's\Coin-Game-Ludificor\Coin Machine Game\Library\ScriptAssemblies\Sirenix.OdinInspector.CompatibilityLayer.Editor.dll
Symbol file LoadedFromMemory is not a mono symbol file
Symbol file data-000002A01B6E5010 doesn't match image C:\Users\Harris\Desktop\Unity Project's\Coin-Game-Ludificor\Coin Machine Game\Library\ScriptAssemblies\UnityEditor.UI.dll
Symbol file LoadedFromMemory is not a mono symbol file
Symbol file data-000002A01C0C9020 doesn't match image C:\Users\Harris\Desktop\Unity Project's\Coin-Game-Ludificor\Coin Machine Game\Library\ScriptAssemblies\Unity.PlasticSCM.Editor.dll
Symbol file LoadedFromMemory is not a mono symbol file
Symbol file data-000002A01BF4DA20 doesn't match image C:\Users\Harris\Desktop\Unity Project's\Coin-Game-Ludificor\Coin Machine Game\Library\ScriptAssemblies\Unity.Rider.Editor.dll
Symbol file LoadedFromMemory is not a mono symbol file
Symbol file data-000002A01D988AE0 doesn't match image C:\Users\Harris\Desktop\Unity Project's\Coin-Game-Ludificor\Coin Machine Game\Library\ScriptAssemblies\Unity.RenderPipelines.Core.ShaderLibrary.dll
Symbol file LoadedFromMemory is not a mono symbol file
Symbol file data-0000029FF7C03300 doesn't match image C:\Users\Harris\Desktop\Unity Project's\Coin-Game-Ludificor\Coin Machine Game\Library\ScriptAssemblies\Sirenix.OdinInspector.Modules.UnityMathematics.dll
Symbol file LoadedFromMemory is not a mono symbol file
Symbol file data-000002A01C181010 doesn't match image C:\Users\Harris\Desktop\Unity Project's\Coin-Game-Ludificor\Coin Machine Game\Library\ScriptAssemblies\UnityEngine.UI.dll
Symbol file LoadedFromMemory is not a mono symbol file
Symbol file data-000002A01D42F020 doesn't match image C:\Users\Harris\Desktop\Unity Project's\Coin-Game-Ludificor\Coin Machine Game\Library\ScriptAssemblies\Unity.Mathematics.dll
Symbol file LoadedFromMemory is not a mono symbol file
Symbol file data-000002A01B845CD0 doesn't match image C:\Users\Harris\Desktop\Unity Project's\Coin-Game-Ludificor\Coin Machine Game\Library\ScriptAssemblies\Unity.ShaderGraph.Editor.dll
Symbol file LoadedFromMemory is not a mono symbol file
Symbol file data-000002A01C181010 doesn't match image C:\Users\Harris\Desktop\Unity Project's\Coin-Game-Ludificor\Coin Machine Game\Library\ScriptAssemblies\Unity.RenderPipelines.Universal.Editor.dll
Symbol file LoadedFromMemory is not a mono symbol file
Symbol file data-0000029FF7BD4DB0 doesn't match image C:\Users\Harris\Desktop\Unity Project's\Coin-Game-Ludificor\Coin Machine Game\Library\ScriptAssemblies\Unity.Toolchain.Win-x86_64-Linux-x86_64.dll
Symbol file LoadedFromMemory is not a mono symbol file
Symbol file data-0000029FF7E5DBB0 doesn't match image C:\Users\Harris\Desktop\Unity Project's\Coin-Game-Ludificor\Coin Machine Game\Library\ScriptAssemblies\Unity.RenderPipeline.Universal.ShaderLibrary.dll
Symbol file LoadedFromMemory is not a mono symbol file
Symbol file data-000002A01C181010 doesn't match image C:\Users\Harris\Desktop\Unity Project's\Coin-Game-Ludificor\Coin Machine Game\Library\ScriptAssemblies\Unity.Timeline.Editor.dll
Symbol file LoadedFromMemory is not a mono symbol file
Symbol file data-000002A01D1C0090 doesn't match image C:\Users\Harris\Desktop\Unity Project's\Coin-Game-Ludificor\Coin Machine Game\Library\ScriptAssemblies\Sirenix.OdinInspector.CompatibilityLayer.dll
Symbol file LoadedFromMemory is not a mono symbol file
Symbol file data-0000029FF7C14830 doesn't match image C:\Users\Harris\Desktop\Unity Project's\Coin-Game-Ludificor\Coin Machine Game\Library\ScriptAssemblies\Unity.RenderPipelines.ShaderGraph.ShaderGraphLibrary.dll
Symbol file LoadedFromMemory is not a mono symbol file
Symbol file data-000002A01B78BDD0 doesn't match image C:\Users\Harris\Desktop\Unity Project's\Coin-Game-Ludificor\Coin Machine Game\Library\ScriptAssemblies\Unity.CollabProxy.Editor.dll
Symbol file LoadedFromMemory is not a mono symbol file
Symbol file data-000002A01BE86650 doesn't match image C:\Users\Harris\Desktop\Unity Project's\Coin-Game-Ludificor\Coin Machine Game\Library\ScriptAssemblies\Unity.Mathematics.Editor.dll
Symbol file LoadedFromMemory is not a mono symbol file
Symbol file data-000002A01C1A7220 doesn't match image C:\Users\Harris\Desktop\Unity Project's\Coin-Game-Ludificor\Coin Machine Game\Library\ScriptAssemblies\Unity.RenderPipelines.Core.Editor.dll
Symbol file LoadedFromMemory is not a mono symbol file
Symbol file data-0000029FF7E03F60 doesn't match image C:\Users\Harris\Desktop\Unity Project's\Coin-Game-Ludificor\Coin Machine Game\Library\ScriptAssemblies\Unity.SysrootPackage.Editor.dll
Symbol file LoadedFromMemory is not a mono symbol file
Native extension for WindowsStandalone target not found
Refreshing native plugins compatible for Editor in 258.29 ms, found 2 plugins.
Preloading 0 native plugins for Editor in 0.00 ms.
