Using pre-set license
Built from '2020.3/staging' branch; Version is '2020.3.10f1 (297d780c91bc) revision 2719096'; Using compiler version '192528614'; Build Type 'Release'
OS: 'Windows 10 Home; OS build 22000.493; Version 2009; 64bit' Language: 'en' Physical Memory: 8042 MB
BatchMode: 1, IsHumanControllingUs: 0, StartBugReporterOnCrash: 0, Is64bit: 1, IsPro: 0

 COMMAND LINE ARGUMENTS:
C:\Program Files\Unity\Hub\Editor\2020.3.10f1\Editor\Unity.exe
-adb2
-batchMode
-noUpm
-name
AssetImportWorker4
-projectPath
C:/Users/Harris/Desktop/Unity Project's/Coin-Game-Ludificor/Coin Machine Game
-logFile
Logs/AssetImportWorker4.log
-srvPort
60488
Successfully changed project path to: C:/Users/Harris/Desktop/Unity Project's/Coin-Game-Ludificor/Coin Machine Game
C:/Users/Harris/Desktop/Unity Project's/Coin-Game-Ludificor/Coin Machine Game
Using Asset Import Pipeline V2.
Refreshing native plugins compatible for Editor in 244.06 ms, found 2 plugins.
Preloading 0 native plugins for Editor in 0.00 ms.
Initialize engine version: 2020.3.10f1 (297d780c91bc)
[Subsystems] Discovering subsystems at path C:/Program Files/Unity/Hub/Editor/2020.3.10f1/Editor/Data/Resources/UnitySubsystems
[Subsystems] Discovering subsystems at path C:/Users/Harris/Desktop/Unity Project's/Coin-Game-Ludificor/Coin Machine Game/Assets
GfxDevice: creating device client; threaded=0
Direct3D:
    Version:  Direct3D 11.0 [level 11.1]
    Renderer: Intel(R) UHD Graphics 620 (ID=0x5917)
    Vendor:   
    VRAM:     4021 MB
    Driver:   23.20.16.4849
Shader 'Universal Render Pipeline/Particles/Lit': fallback shader 'Universal Render Pipeline/Particles/SimpleLit' not found
Initialize mono
Mono path[0] = 'C:/Program Files/Unity/Hub/Editor/2020.3.10f1/Editor/Data/Managed'
Mono path[1] = 'C:/Program Files/Unity/Hub/Editor/2020.3.10f1/Editor/Data/MonoBleedingEdge/lib/mono/unityjit'
Mono config path = 'C:/Program Files/Unity/Hub/Editor/2020.3.10f1/Editor/Data/MonoBleedingEdge/etc'
Using monoOptions --debugger-agent=transport=dt_socket,embedding=1,server=y,suspend=n,address=127.0.0.1:56800
Begin MonoManager ReloadAssembly
Registering precompiled unity dll's ...
Register platform support module: C:/Program Files/Unity/Hub/Editor/2020.3.10f1/Editor/Data/PlaybackEngines/WindowsStandaloneSupport/UnityEditor.WindowsStandalone.Extensions.dll
Registered in 0.009086 seconds.
Native extension for WindowsStandalone target not found
Refreshing native plugins compatible for Editor in 131.98 ms, found 2 plugins.
Preloading 0 native plugins for Editor in 0.00 ms.
Mono: successfully reloaded assembly
- Completed reload, in  6.805 seconds
Platform modules already initialized, skipping
Registering precompiled user dll's ...
Registered in 0.053670 seconds.
Begin MonoManager ReloadAssembly
Symbol file data-000002A98B2E9300 doesn't match image C:\Users\Harris\Desktop\Unity Project's\Coin-Game-Ludificor\Coin Machine Game\Library\ScriptAssemblies\Unity.VSCode.Editor.dll
Symbol file LoadedFromMemory is not a mono symbol file
Symbol file data-000002A9AEDF7BD0 doesn't match image C:\Users\Harris\Desktop\Unity Project's\Coin-Game-Ludificor\Coin Machine Game\Library\ScriptAssemblies\Unity.RenderPipelines.Universal.Shaders.dll
Symbol file LoadedFromMemory is not a mono symbol file
Symbol file data-000002A9B103F010 doesn't match image C:\Users\Harris\Desktop\Unity Project's\Coin-Game-Ludificor\Coin Machine Game\Library\ScriptAssemblies\Unity.RenderPipelines.Universal.Runtime.dll
Symbol file LoadedFromMemory is not a mono symbol file
Symbol file data-000002A9B1411060 doesn't match image C:\Users\Harris\Desktop\Unity Project's\Coin-Game-Ludificor\Coin Machine Game\Library\ScriptAssemblies\Unity.TextMeshPro.Editor.dll
Symbol file LoadedFromMemory is not a mono symbol file
Symbol file data-000002A98B289FD0 doesn't match image C:\Users\Harris\Desktop\Unity Project's\Coin-Game-Ludificor\Coin Machine Game\Library\ScriptAssemblies\Unity.VisualStudio.Editor.dll
Symbol file LoadedFromMemory is not a mono symbol file
Symbol file data-000002A98B255030 doesn't match image C:\Users\Harris\Desktop\Unity Project's\Coin-Game-Ludificor\Coin Machine Game\Library\ScriptAssemblies\Unity.Sysroot.Linux_x86_64.dll
Symbol file LoadedFromMemory is not a mono symbol file
Symbol file data-000002A9AF8AA240 doesn't match image C:\Users\Harris\Desktop\Unity Project's\Coin-Game-Ludificor\Coin Machine Game\Library\ScriptAssemblies\UnityEngine.TestRunner.dll
Symbol file LoadedFromMemory is not a mono symbol file
Symbol file data-000002A9AF43CC40 doesn't match image C:\Users\Harris\Desktop\Unity Project's\Coin-Game-Ludificor\Coin Machine Game\Library\ScriptAssemblies\Unity.Timeline.dll
Symbol file LoadedFromMemory is not a mono symbol file
Symbol file data-000002A9AF43CC40 doesn't match image C:\Users\Harris\Desktop\Unity Project's\Coin-Game-Ludificor\Coin Machine Game\Library\ScriptAssemblies\Unity.TextMeshPro.dll
Symbol file LoadedFromMemory is not a mono symbol file
Symbol file data-000002A9AFB6F020 doesn't match image C:\Users\Harris\Desktop\Unity Project's\Coin-Game-Ludificor\Coin Machine Game\Library\ScriptAssemblies\UnityEditor.TestRunner.dll
Symbol file LoadedFromMemory is not a mono symbol file
Symbol file data-000002A9AED785E0 doesn't match image C:\Users\Harris\Desktop\Unity Project's\Coin-Game-Ludificor\Coin Machine Game\Library\ScriptAssemblies\Unity.Searcher.Editor.dll
Symbol file LoadedFromMemory is not a mono symbol file
Symbol file data-000002A9B142D080 doesn't match image C:\Users\Harris\Desktop\Unity Project's\Coin-Game-Ludificor\Coin Machine Game\Library\ScriptAssemblies\Unity.ShaderGraph.Utilities.dll
Symbol file LoadedFromMemory is not a mono symbol file
Symbol file data-000002A9AFBC3020 doesn't match image C:\Users\Harris\Desktop\Unity Project's\Coin-Game-Ludificor\Coin Machine Game\Library\ScriptAssemblies\Unity.RenderPipelines.Core.Runtime.dll
Symbol file LoadedFromMemory is not a mono symbol file
Symbol file data-000002A9B161FA40 doesn't match image C:\Users\Harris\Desktop\Unity Project's\Coin-Game-Ludificor\Coin Machine Game\Library\ScriptAssemblies\Sirenix.OdinInspector.CompatibilityLayer.Editor.dll
Symbol file LoadedFromMemory is not a mono symbol file
Symbol file data-000002A9AF50EA20 doesn't match image C:\Users\Harris\Desktop\Unity Project's\Coin-Game-Ludificor\Coin Machine Game\Library\ScriptAssemblies\UnityEditor.UI.dll
Symbol file LoadedFromMemory is not a mono symbol file
Symbol file data-000002A9AFBD7A30 doesn't match image C:\Users\Harris\Desktop\Unity Project's\Coin-Game-Ludificor\Coin Machine Game\Library\ScriptAssemblies\Unity.PlasticSCM.Editor.dll
Symbol file LoadedFromMemory is not a mono symbol file
Symbol file data-000002A9AF50EA20 doesn't match image C:\Users\Harris\Desktop\Unity Project's\Coin-Game-Ludificor\Coin Machine Game\Library\ScriptAssemblies\Unity.Rider.Editor.dll
Symbol file LoadedFromMemory is not a mono symbol file
Symbol file data-000002A9B0FD0D10 doesn't match image C:\Users\Harris\Desktop\Unity Project's\Coin-Game-Ludificor\Coin Machine Game\Library\ScriptAssemblies\Unity.RenderPipelines.Core.ShaderLibrary.dll
Symbol file LoadedFromMemory is not a mono symbol file
Symbol file data-000002A9AF5F4CB0 doesn't match image C:\Users\Harris\Desktop\Unity Project's\Coin-Game-Ludificor\Coin Machine Game\Library\ScriptAssemblies\Sirenix.OdinInspector.Modules.UnityMathematics.dll
Symbol file LoadedFromMemory is not a mono symbol file
Symbol file data-000002A9AFBE9640 doesn't match image C:\Users\Harris\Desktop\Unity Project's\Coin-Game-Ludificor\Coin Machine Game\Library\ScriptAssemblies\UnityEngine.UI.dll
Symbol file LoadedFromMemory is not a mono symbol file
Symbol file data-000002A9AF6E3010 doesn't match image C:\Users\Harris\Desktop\Unity Project's\Coin-Game-Ludificor\Coin Machine Game\Library\ScriptAssemblies\Unity.Mathematics.dll
Symbol file LoadedFromMemory is not a mono symbol file
Symbol file data-000002A98B4D8020 doesn't match image C:\Users\Harris\Desktop\Unity Project's\Coin-Game-Ludificor\Coin Machine Game\Library\ScriptAssemblies\Unity.ShaderGraph.Editor.dll
Symbol file LoadedFromMemory is not a mono symbol file
Symbol file data-000002A9AFBE9640 doesn't match image C:\Users\Harris\Desktop\Unity Project's\Coin-Game-Ludificor\Coin Machine Game\Library\ScriptAssemblies\Unity.RenderPipelines.Universal.Editor.dll
Symbol file LoadedFromMemory is not a mono symbol file
Symbol file data-000002A98B44FD50 doesn't match image C:\Users\Harris\Desktop\Unity Project's\Coin-Game-Ludificor\Coin Machine Game\Library\ScriptAssemblies\Unity.Toolchain.Win-x86_64-Linux-x86_64.dll
Symbol file LoadedFromMemory is not a mono symbol file
Symbol file data-000002A9AEDF73D0 doesn't match image C:\Users\Harris\Desktop\Unity Project's\Coin-Game-Ludificor\Coin Machine Game\Library\ScriptAssemblies\Unity.RenderPipeline.Universal.ShaderLibrary.dll
Symbol file LoadedFromMemory is not a mono symbol file
Symbol file data-000002A9B0CAC010 doesn't match image C:\Users\Harris\Desktop\Unity Project's\Coin-Game-Ludificor\Coin Machine Game\Library\ScriptAssemblies\Unity.Timeline.Editor.dll
Symbol file LoadedFromMemory is not a mono symbol file
Symbol file data-000002A9B0FD7E00 doesn't match image C:\Users\Harris\Desktop\Unity Project's\Coin-Game-Ludificor\Coin Machine Game\Library\ScriptAssemblies\Sirenix.OdinInspector.CompatibilityLayer.dll
Symbol file LoadedFromMemory is not a mono symbol file
Symbol file data-000002A9AF4BBDD0 doesn't match image C:\Users\Harris\Desktop\Unity Project's\Coin-Game-Ludificor\Coin Machine Game\Library\ScriptAssemblies\Unity.RenderPipelines.ShaderGraph.ShaderGraphLibrary.dll
Symbol file LoadedFromMemory is not a mono symbol file
Symbol file data-000002A9AF8AA240 doesn't match image C:\Users\Harris\Desktop\Unity Project's\Coin-Game-Ludificor\Coin Machine Game\Library\ScriptAssemblies\Unity.CollabProxy.Editor.dll
Symbol file LoadedFromMemory is not a mono symbol file
Symbol file data-000002A98B548F90 doesn't match image C:\Users\Harris\Desktop\Unity Project's\Coin-Game-Ludificor\Coin Machine Game\Library\ScriptAssemblies\Unity.Mathematics.Editor.dll
Symbol file LoadedFromMemory is not a mono symbol file
Symbol file data-000002A9B0CAC010 doesn't match image C:\Users\Harris\Desktop\Unity Project's\Coin-Game-Ludificor\Coin Machine Game\Library\ScriptAssemblies\Unity.RenderPipelines.Core.Editor.dll
Symbol file LoadedFromMemory is not a mono symbol file
Symbol file data-000002A9AF53ED00 doesn't match image C:\Users\Harris\Desktop\Unity Project's\Coin-Game-Ludificor\Coin Machine Game\Library\ScriptAssemblies\Unity.SysrootPackage.Editor.dll
Symbol file LoadedFromMemory is not a mono symbol file
Native extension for WindowsStandalone target not found
Refreshing native plugins compatible for Editor in 120.30 ms, found 2 plugins.
Preloading 0 native plugins for Editor in 0.00 ms.
Mono: successfully reloaded assembly
- Completed reload, in  4.448 seconds
Platform modules already initialized, skipping
========================================================================
Worker process is ready to serve import requests
Shader 'Universal Render Pipeline/Particles/Lit': fallback shader 'Universal Render Pipeline/Particles/SimpleLit' not found
Launched and connected shader compiler UnityShaderCompiler.exe after 0.14 seconds
Refreshing native plugins compatible for Editor in 2.65 ms, found 2 plugins.
Preloading 0 native plugins for Editor in 0.00 ms.
Unloading 2772 Unused Serialized files (Serialized files now loaded: 0)
System memory in use before: 213.0 MB.
System memory in use after: 213.2 MB.

Unloading 28 unused Assets to reduce memory usage. Loaded Objects now: 3263.
Total: 128.291600 ms (FindLiveObjects: 1.944100 ms CreateObjectMapping: 0.579300 ms MarkObjects: 125.204300 ms  DeleteObjects: 0.558900 ms)

========================================================================
Received Import Request.
  path: Assets/Scripts/Coin/Coin
  artifactKey: Guid(aab2ee63665535e4cb1523398eafbf9a) Importer(815301076,1909f56bfc062723c751e8b465ee728b)
Start importing Assets/Scripts/Coin/Coin using Guid(aab2ee63665535e4cb1523398eafbf9a) Importer(815301076,1909f56bfc062723c751e8b465ee728b)  -> (artifact id: '1ac6c7f4f0e214375bce7c967963e4b8') in 0.029922 seconds
  Import took 0.044143 seconds .

========================================================================
Received Import Request.
  Time since last request: 0.002808 seconds.
  path: Assets/Scripts/Coin/Coin/CoinGeneration.cs
  artifactKey: Guid(d0dc79cb5fb1afe429ec0ee231ca535a) Importer(815301076,1909f56bfc062723c751e8b465ee728b)
Start importing Assets/Scripts/Coin/Coin/CoinGeneration.cs using Guid(d0dc79cb5fb1afe429ec0ee231ca535a) Importer(815301076,1909f56bfc062723c751e8b465ee728b)  -> (artifact id: 'ff937928c0a842a6cfd99bb2eee31011') in 0.102123 seconds
  Import took 0.119515 seconds .

========================================================================
Received Import Request.
  Time since last request: 0.003099 seconds.
  path: Assets/Scripts/User Interaction/CoinPlacement.cs
  artifactKey: Guid(be481a9ae8a353d43a2d1a63952df9cf) Importer(815301076,1909f56bfc062723c751e8b465ee728b)
Start importing Assets/Scripts/User Interaction/CoinPlacement.cs using Guid(be481a9ae8a353d43a2d1a63952df9cf) Importer(815301076,1909f56bfc062723c751e8b465ee728b)  -> (artifact id: 'd219e5b9bd9fab0456402a48be50bf8c') in 0.027286 seconds
  Import took 0.047056 seconds .

========================================================================
Received Prepare
Registering precompiled user dll's ...
Registered in 0.039768 seconds.
Begin MonoManager ReloadAssembly
Symbol file data-000002A9AF1D85C0 doesn't match image C:\Users\Harris\Desktop\Unity Project's\Coin-Game-Ludificor\Coin Machine Game\Library\ScriptAssemblies\Unity.VSCode.Editor.dll
Symbol file LoadedFromMemory is not a mono symbol file
Symbol file data-000002A9B7D78920 doesn't match image C:\Users\Harris\Desktop\Unity Project's\Coin-Game-Ludificor\Coin Machine Game\Library\ScriptAssemblies\Unity.RenderPipelines.Universal.Shaders.dll
Symbol file LoadedFromMemory is not a mono symbol file
Symbol file data-000002A9B103F010 doesn't match image C:\Users\Harris\Desktop\Unity Project's\Coin-Game-Ludificor\Coin Machine Game\Library\ScriptAssemblies\Unity.RenderPipelines.Universal.Runtime.dll
Symbol file LoadedFromMemory is not a mono symbol file
Symbol file data-000002A9AF504010 doesn't match image C:\Users\Harris\Desktop\Unity Project's\Coin-Game-Ludificor\Coin Machine Game\Library\ScriptAssemblies\Unity.TextMeshPro.Editor.dll
Symbol file LoadedFromMemory is not a mono symbol file
Symbol file data-000002A9B9102010 doesn't match image C:\Users\Harris\Desktop\Unity Project's\Coin-Game-Ludificor\Coin Machine Game\Library\ScriptAssemblies\Unity.VisualStudio.Editor.dll
Symbol file LoadedFromMemory is not a mono symbol file
Symbol file data-000002A9B7710D30 doesn't match image C:\Users\Harris\Desktop\Unity Project's\Coin-Game-Ludificor\Coin Machine Game\Library\ScriptAssemblies\Unity.Sysroot.Linux_x86_64.dll
Symbol file LoadedFromMemory is not a mono symbol file
Symbol file data-000002A9B8CB5B20 doesn't match image C:\Users\Harris\Desktop\Unity Project's\Coin-Game-Ludificor\Coin Machine Game\Library\ScriptAssemblies\UnityEngine.TestRunner.dll
Symbol file LoadedFromMemory is not a mono symbol file
Symbol file data-000002A9B8CB5B20 doesn't match image C:\Users\Harris\Desktop\Unity Project's\Coin-Game-Ludificor\Coin Machine Game\Library\ScriptAssemblies\Unity.Timeline.dll
Symbol file LoadedFromMemory is not a mono symbol file
Symbol file data-000002A9AFBC3020 doesn't match image C:\Users\Harris\Desktop\Unity Project's\Coin-Game-Ludificor\Coin Machine Game\Library\ScriptAssemblies\Unity.TextMeshPro.dll
Symbol file LoadedFromMemory is not a mono symbol file
Symbol file data-000002A9B1E64050 doesn't match image C:\Users\Harris\Desktop\Unity Project's\Coin-Game-Ludificor\Coin Machine Game\Library\ScriptAssemblies\UnityEditor.TestRunner.dll
Symbol file LoadedFromMemory is not a mono symbol file
Symbol file data-000002A98B36B220 doesn't match image C:\Users\Harris\Desktop\Unity Project's\Coin-Game-Ludificor\Coin Machine Game\Library\ScriptAssemblies\Unity.Searcher.Editor.dll
Symbol file LoadedFromMemory is not a mono symbol file
Symbol file data-000002A9B11B2E00 doesn't match image C:\Users\Harris\Desktop\Unity Project's\Coin-Game-Ludificor\Coin Machine Game\Library\ScriptAssemblies\Unity.ShaderGraph.Utilities.dll
Symbol file LoadedFromMemory is not a mono symbol file
Symbol file data-000002A9B8D6CAE0 doesn't match image C:\Users\Harris\Desktop\Unity Project's\Coin-Game-Ludificor\Coin Machine Game\Library\ScriptAssemblies\Unity.RenderPipelines.Core.Runtime.dll
Symbol file LoadedFromMemory is not a mono symbol file
Symbol file data-000002A9AF4C1030 doesn't match image C:\Users\Harris\Desktop\Unity Project's\Coin-Game-Ludificor\Coin Machine Game\Library\ScriptAssemblies\Sirenix.OdinInspector.CompatibilityLayer.Editor.dll
Symbol file LoadedFromMemory is not a mono symbol file
Symbol file data-000002A9B45BE030 doesn't match image C:\Users\Harris\Desktop\Unity Project's\Coin-Game-Ludificor\Coin Machine Game\Library\ScriptAssemblies\UnityEditor.UI.dll
Symbol file LoadedFromMemory is not a mono symbol file
Symbol file data-000002A9B8DAC6D0 doesn't match image C:\Users\Harris\Desktop\Unity Project's\Coin-Game-Ludificor\Coin Machine Game\Library\ScriptAssemblies\Unity.PlasticSCM.Editor.dll
Symbol file LoadedFromMemory is not a mono symbol file
Symbol file data-000002A9B45BE030 doesn't match image C:\Users\Harris\Desktop\Unity Project's\Coin-Game-Ludificor\Coin Machine Game\Library\ScriptAssemblies\Unity.Rider.Editor.dll
Symbol file LoadedFromMemory is not a mono symbol file
Symbol file data-000002A9B91032F0 doesn't match image C:\Users\Harris\Desktop\Unity Project's\Coin-Game-Ludificor\Coin Machine Game\Library\ScriptAssemblies\Unity.RenderPipelines.Core.ShaderLibrary.dll
Symbol file LoadedFromMemory is not a mono symbol file
Symbol file data-000002A9B9344470 doesn't match image C:\Users\Harris\Desktop\Unity Project's\Coin-Game-Ludificor\Coin Machine Game\Library\ScriptAssemblies\Sirenix.OdinInspector.Modules.UnityMathematics.dll
Symbol file LoadedFromMemory is not a mono symbol file
Symbol file data-000002A9B4614010 doesn't match image C:\Users\Harris\Desktop\Unity Project's\Coin-Game-Ludificor\Coin Machine Game\Library\ScriptAssemblies\UnityEngine.UI.dll
Symbol file LoadedFromMemory is not a mono symbol file
Symbol file data-000002A9AFCA8010 doesn't match image C:\Users\Harris\Desktop\Unity Project's\Coin-Game-Ludificor\Coin Machine Game\Library\ScriptAssemblies\Unity.Mathematics.dll
Symbol file LoadedFromMemory is not a mono symbol file
Symbol file data-000002A98B3C4AB0 doesn't match image C:\Users\Harris\Desktop\Unity Project's\Coin-Game-Ludificor\Coin Machine Game\Library\ScriptAssemblies\Unity.ShaderGraph.Editor.dll
Symbol file LoadedFromMemory is not a mono symbol file
Symbol file data-000002A9B4614010 doesn't match image C:\Users\Harris\Desktop\Unity Project's\Coin-Game-Ludificor\Coin Machine Game\Library\ScriptAssemblies\Unity.RenderPipelines.Universal.Editor.dll
Symbol file LoadedFromMemory is not a mono symbol file
Symbol file data-000002A9B76EB5C0 doesn't match image C:\Users\Harris\Desktop\Unity Project's\Coin-Game-Ludificor\Coin Machine Game\Library\ScriptAssemblies\Unity.Toolchain.Win-x86_64-Linux-x86_64.dll
Symbol file LoadedFromMemory is not a mono symbol file
Symbol file data-000002A9B7D7A120 doesn't match image C:\Users\Harris\Desktop\Unity Project's\Coin-Game-Ludificor\Coin Machine Game\Library\ScriptAssemblies\Unity.RenderPipeline.Universal.ShaderLibrary.dll
Symbol file LoadedFromMemory is not a mono symbol file
Symbol file data-000002A9AFB6F020 doesn't match image C:\Users\Harris\Desktop\Unity Project's\Coin-Game-Ludificor\Coin Machine Game\Library\ScriptAssemblies\Unity.Timeline.Editor.dll
Symbol file LoadedFromMemory is not a mono symbol file
Symbol file data-000002A9B7BCB9B0 doesn't match image C:\Users\Harris\Desktop\Unity Project's\Coin-Game-Ludificor\Coin Machine Game\Library\ScriptAssemblies\Sirenix.OdinInspector.CompatibilityLayer.dll
Symbol file LoadedFromMemory is not a mono symbol file
Symbol file data-000002A9B7F4D100 doesn't match image C:\Users\Harris\Desktop\Unity Project's\Coin-Game-Ludificor\Coin Machine Game\Library\ScriptAssemblies\Unity.RenderPipelines.ShaderGraph.ShaderGraphLibrary.dll
Symbol file LoadedFromMemory is not a mono symbol file
Symbol file data-000002A9B8CB5B20 doesn't match image C:\Users\Harris\Desktop\Unity Project's\Coin-Game-Ludificor\Coin Machine Game\Library\ScriptAssemblies\Unity.CollabProxy.Editor.dll
Symbol file LoadedFromMemory is not a mono symbol file
Symbol file data-000002A9B1EB8F00 doesn't match image C:\Users\Harris\Desktop\Unity Project's\Coin-Game-Ludificor\Coin Machine Game\Library\ScriptAssemblies\Unity.Mathematics.Editor.dll
Symbol file LoadedFromMemory is not a mono symbol file
Symbol file data-000002A9B4614010 doesn't match image C:\Users\Harris\Desktop\Unity Project's\Coin-Game-Ludificor\Coin Machine Game\Library\ScriptAssemblies\Unity.RenderPipelines.Core.Editor.dll
Symbol file LoadedFromMemory is not a mono symbol file
Symbol file data-000002A9B91230D0 doesn't match image C:\Users\Harris\Desktop\Unity Project's\Coin-Game-Ludificor\Coin Machine Game\Library\ScriptAssemblies\Unity.SysrootPackage.Editor.dll
Symbol file LoadedFromMemory is not a mono symbol file
Native extension for WindowsStandalone target not found
Refreshing native plugins compatible for Editor in 3.21 ms, found 2 plugins.
Preloading 0 native plugins for Editor in 0.00 ms.
Mono: successfully reloaded assembly
- Completed reload, in  9.611 seconds
Platform modules already initialized, skipping
Shader 'Universal Render Pipeline/Particles/Lit': fallback shader 'Universal Render Pipeline/Particles/SimpleLit' not found
Refreshing native plugins compatible for Editor in 3.28 ms, found 2 plugins.
Preloading 0 native plugins for Editor in 0.00 ms.
Unloading 2647 Unused Serialized files (Serialized files now loaded: 0)
System memory in use before: 209.0 MB.
System memory in use after: 209.2 MB.

Unloading 24 unused Assets to reduce memory usage. Loaded Objects now: 3266.
Total: 135.534200 ms (FindLiveObjects: 1.574300 ms CreateObjectMapping: 0.531300 ms MarkObjects: 133.340100 ms  DeleteObjects: 0.085000 ms)

========================================================================
Received Import Request.
  Time since last request: 355.372051 seconds.
  path: Assets/Datas/PlaceholderCollection.asset
  artifactKey: Guid(8bb5f0fec875f42499c7d7fcc6a9bc5c) Importer(815301076,1909f56bfc062723c751e8b465ee728b)
Start importing Assets/Datas/PlaceholderCollection.asset using Guid(8bb5f0fec875f42499c7d7fcc6a9bc5c) Importer(815301076,1909f56bfc062723c751e8b465ee728b)  -> (artifact id: 'a4d6afd58f42d198cae89c77311071ce') in 0.047598 seconds
  Import took 0.057865 seconds .

========================================================================
Received Import Request.
  Time since last request: 1.027141 seconds.
  path: Assets/Datas/Coins/BITCOIN.asset
  artifactKey: Guid(24683f92e9cd00447ae4ce987c25529d) Importer(815301076,1909f56bfc062723c751e8b465ee728b)
Start importing Assets/Datas/Coins/BITCOIN.asset using Guid(24683f92e9cd00447ae4ce987c25529d) Importer(815301076,1909f56bfc062723c751e8b465ee728b)  -> (artifact id: 'ed521d4ef372fdf32b8143fc30ec5700') in 0.014639 seconds
  Import took 0.021965 seconds .

========================================================================
Received Import Request.
  Time since last request: 0.000478 seconds.
  path: Assets/Datas/Coins/Silver.asset
  artifactKey: Guid(846725d0655117c4e97108ba1d372a99) Importer(815301076,1909f56bfc062723c751e8b465ee728b)
Start importing Assets/Datas/Coins/Silver.asset using Guid(846725d0655117c4e97108ba1d372a99) Importer(815301076,1909f56bfc062723c751e8b465ee728b)  -> (artifact id: '36b40100fdb1e037001c10d8fc3ba9df') in 0.012414 seconds
  Import took 0.032120 seconds .

========================================================================
Received Import Request.
  Time since last request: 0.000692 seconds.
  path: Assets/Datas/Coins/Ruby.asset
  artifactKey: Guid(6fcf0f11343bbde49a3868e112ffc79f) Importer(815301076,1909f56bfc062723c751e8b465ee728b)
Start importing Assets/Datas/Coins/Ruby.asset using Guid(6fcf0f11343bbde49a3868e112ffc79f) Importer(815301076,1909f56bfc062723c751e8b465ee728b)  -> (artifact id: 'b680aa0613d7ef8b9d7bf30e5ceed31a') in 0.032754 seconds
  Import took 0.066373 seconds .

========================================================================
Received Import Request.
  Time since last request: 0.000671 seconds.
  path: Assets/Datas/Coins/Uranium.asset
  artifactKey: Guid(1c29b06c36a445841822d60098594398) Importer(815301076,1909f56bfc062723c751e8b465ee728b)
Start importing Assets/Datas/Coins/Uranium.asset using Guid(1c29b06c36a445841822d60098594398) Importer(815301076,1909f56bfc062723c751e8b465ee728b)  -> (artifact id: '453b3e51cb7656fa39b80181cf5b2265') in 0.038839 seconds
  Import took 0.071055 seconds .

========================================================================
Received Import Request.
  Time since last request: 0.001334 seconds.
  path: Assets/Datas/Coins/Gold.asset
  artifactKey: Guid(bff77f7296d74064db035329ce0edb2f) Importer(815301076,1909f56bfc062723c751e8b465ee728b)
Start importing Assets/Datas/Coins/Gold.asset using Guid(bff77f7296d74064db035329ce0edb2f) Importer(815301076,1909f56bfc062723c751e8b465ee728b)  -> (artifact id: '931847e0fa8206e4804f095352cf083a') in 0.029909 seconds
  Import took 0.064717 seconds .

========================================================================
Received Import Request.
  Time since last request: 0.000717 seconds.
  path: Assets/Datas/Coins/Diamond.asset
  artifactKey: Guid(80848947f3b7dc6409311507ed910e41) Importer(815301076,1909f56bfc062723c751e8b465ee728b)
Start importing Assets/Datas/Coins/Diamond.asset using Guid(80848947f3b7dc6409311507ed910e41) Importer(815301076,1909f56bfc062723c751e8b465ee728b)  -> (artifact id: '254fd292b279bba09ae6419fd0dbd385') in 0.023771 seconds
  Import took 0.038991 seconds .

========================================================================
Received Import Request.
  Time since last request: 0.000705 seconds.
  path: Assets/Datas/Coins/Iridium.asset
  artifactKey: Guid(6333cb6cdc1f1bd40a1e56a6e4698231) Importer(815301076,1909f56bfc062723c751e8b465ee728b)
Start importing Assets/Datas/Coins/Iridium.asset using Guid(6333cb6cdc1f1bd40a1e56a6e4698231) Importer(815301076,1909f56bfc062723c751e8b465ee728b)  -> (artifact id: '871afe75123e9b32a0cb07544debd740') in 0.036519 seconds
  Import took 0.077269 seconds .

========================================================================
Received Import Request.
  Time since last request: 0.000856 seconds.
  path: Assets/Datas/Coins/Copper.asset
  artifactKey: Guid(ac8519e06fdc1bc4a99885508ff5687b) Importer(815301076,1909f56bfc062723c751e8b465ee728b)
Start importing Assets/Datas/Coins/Copper.asset using Guid(ac8519e06fdc1bc4a99885508ff5687b) Importer(815301076,1909f56bfc062723c751e8b465ee728b)  -> (artifact id: 'cb1c67376f54664911974568b68bfced') in 0.016979 seconds
  Import took 0.040240 seconds .

========================================================================
Received Import Request.
  Time since last request: 0.001041 seconds.
  path: Assets/Datas/Coins/Sappihre.asset
  artifactKey: Guid(9ad83f246c015ec44b5a2f8718aa8e78) Importer(815301076,1909f56bfc062723c751e8b465ee728b)
Start importing Assets/Datas/Coins/Sappihre.asset using Guid(9ad83f246c015ec44b5a2f8718aa8e78) Importer(815301076,1909f56bfc062723c751e8b465ee728b)  -> (artifact id: '1f9005d544ac539850bb4d4b5cda06af') in 0.034906 seconds
  Import took 0.057198 seconds .

========================================================================
Received Import Request.
  Time since last request: 0.005060 seconds.
  path: Assets/Datas/Coins/Emerald.asset
  artifactKey: Guid(75b04885ad0dea04dbb395595d9c88be) Importer(815301076,1909f56bfc062723c751e8b465ee728b)
Start importing Assets/Datas/Coins/Emerald.asset using Guid(75b04885ad0dea04dbb395595d9c88be) Importer(815301076,1909f56bfc062723c751e8b465ee728b)  -> (artifact id: 'b940981fca65bcc427dd9431f1f4faf2') in 0.067438 seconds
  Import took 0.101018 seconds .

========================================================================
Received Import Request.
  Time since last request: 0.001274 seconds.
  path: Assets/Datas/Coins/Obsidian.asset
  artifactKey: Guid(a590d6de130e8c348a5b853e917a7446) Importer(815301076,1909f56bfc062723c751e8b465ee728b)
Start importing Assets/Datas/Coins/Obsidian.asset using Guid(a590d6de130e8c348a5b853e917a7446) Importer(815301076,1909f56bfc062723c751e8b465ee728b)  -> (artifact id: '7244faa86f042ad42df72288ea9359da') in 0.036346 seconds
  Import took 0.067331 seconds .

========================================================================
Received Import Request.
  Time since last request: 0.005449 seconds.
  path: Assets/Datas/Coins/Rose Gold.asset
  artifactKey: Guid(ff1ae0110dd180d4592ac1e75c773b95) Importer(815301076,1909f56bfc062723c751e8b465ee728b)
Start importing Assets/Datas/Coins/Rose Gold.asset using Guid(ff1ae0110dd180d4592ac1e75c773b95) Importer(815301076,1909f56bfc062723c751e8b465ee728b)  -> (artifact id: '4743c603a35d38444cac08db3061ac26') in 0.040292 seconds
  Import took 0.075447 seconds .

========================================================================
Received Prepare
Registering precompiled user dll's ...
Registered in 0.062140 seconds.
Begin MonoManager ReloadAssembly
Symbol file data-000002A9AF1D85C0 doesn't match image C:\Users\Harris\Desktop\Unity Project's\Coin-Game-Ludificor\Coin Machine Game\Library\ScriptAssemblies\Unity.VSCode.Editor.dll
Symbol file LoadedFromMemory is not a mono symbol file
Symbol file data-000002A9B7D77720 doesn't match image C:\Users\Harris\Desktop\Unity Project's\Coin-Game-Ludificor\Coin Machine Game\Library\ScriptAssemblies\Unity.RenderPipelines.Universal.Shaders.dll
Symbol file LoadedFromMemory is not a mono symbol file
Symbol file data-000002A9B103F010 doesn't match image C:\Users\Harris\Desktop\Unity Project's\Coin-Game-Ludificor\Coin Machine Game\Library\ScriptAssemblies\Unity.RenderPipelines.Universal.Runtime.dll
Symbol file LoadedFromMemory is not a mono symbol file
Symbol file data-000002A9B923E080 doesn't match image C:\Users\Harris\Desktop\Unity Project's\Coin-Game-Ludificor\Coin Machine Game\Library\ScriptAssemblies\Unity.TextMeshPro.Editor.dll
Symbol file LoadedFromMemory is not a mono symbol file
Symbol file data-000002A9B45BE030 doesn't match image C:\Users\Harris\Desktop\Unity Project's\Coin-Game-Ludificor\Coin Machine Game\Library\ScriptAssemblies\Unity.VisualStudio.Editor.dll
Symbol file LoadedFromMemory is not a mono symbol file
Symbol file data-000002A9B7B5C680 doesn't match image C:\Users\Harris\Desktop\Unity Project's\Coin-Game-Ludificor\Coin Machine Game\Library\ScriptAssemblies\Unity.Sysroot.Linux_x86_64.dll
Symbol file LoadedFromMemory is not a mono symbol file
Symbol file data-000002A9AF5ECCA0 doesn't match image C:\Users\Harris\Desktop\Unity Project's\Coin-Game-Ludificor\Coin Machine Game\Library\ScriptAssemblies\UnityEngine.TestRunner.dll
Symbol file LoadedFromMemory is not a mono symbol file
Symbol file data-000002A9B10F2420 doesn't match image C:\Users\Harris\Desktop\Unity Project's\Coin-Game-Ludificor\Coin Machine Game\Library\ScriptAssemblies\Unity.Timeline.dll
Symbol file LoadedFromMemory is not a mono symbol file
Symbol file data-000002A9B95749E0 doesn't match image C:\Users\Harris\Desktop\Unity Project's\Coin-Game-Ludificor\Coin Machine Game\Library\ScriptAssemblies\Unity.TextMeshPro.dll
Symbol file LoadedFromMemory is not a mono symbol file
Symbol file data-000002A9B894A2F0 doesn't match image C:\Users\Harris\Desktop\Unity Project's\Coin-Game-Ludificor\Coin Machine Game\Library\ScriptAssemblies\UnityEditor.TestRunner.dll
Symbol file LoadedFromMemory is not a mono symbol file
Symbol file data-000002A98B558BA0 doesn't match image C:\Users\Harris\Desktop\Unity Project's\Coin-Game-Ludificor\Coin Machine Game\Library\ScriptAssemblies\Unity.Searcher.Editor.dll
Symbol file LoadedFromMemory is not a mono symbol file
Symbol file data-000002A9B242C520 doesn't match image C:\Users\Harris\Desktop\Unity Project's\Coin-Game-Ludificor\Coin Machine Game\Library\ScriptAssemblies\Unity.ShaderGraph.Utilities.dll
Symbol file LoadedFromMemory is not a mono symbol file
Symbol file data-000002A9B116F020 doesn't match image C:\Users\Harris\Desktop\Unity Project's\Coin-Game-Ludificor\Coin Machine Game\Library\ScriptAssemblies\Unity.RenderPipelines.Core.Runtime.dll
Symbol file LoadedFromMemory is not a mono symbol file
Symbol file data-000002A9AF4C1030 doesn't match image C:\Users\Harris\Desktop\Unity Project's\Coin-Game-Ludificor\Coin Machine Game\Library\ScriptAssemblies\Sirenix.OdinInspector.CompatibilityLayer.Editor.dll
Symbol file LoadedFromMemory is not a mono symbol file
Symbol file data-000002A9B45BE030 doesn't match image C:\Users\Harris\Desktop\Unity Project's\Coin-Game-Ludificor\Coin Machine Game\Library\ScriptAssemblies\UnityEditor.UI.dll
Symbol file LoadedFromMemory is not a mono symbol file
Symbol file data-000002A9B8DAC6D0 doesn't match image C:\Users\Harris\Desktop\Unity Project's\Coin-Game-Ludificor\Coin Machine Game\Library\ScriptAssemblies\Unity.PlasticSCM.Editor.dll
Symbol file LoadedFromMemory is not a mono symbol file
Symbol file data-000002A9AF64E020 doesn't match image C:\Users\Harris\Desktop\Unity Project's\Coin-Game-Ludificor\Coin Machine Game\Library\ScriptAssemblies\Unity.Rider.Editor.dll
Symbol file LoadedFromMemory is not a mono symbol file
Symbol file data-000002A9AF495790 doesn't match image C:\Users\Harris\Desktop\Unity Project's\Coin-Game-Ludificor\Coin Machine Game\Library\ScriptAssemblies\Unity.RenderPipelines.Core.ShaderLibrary.dll
Symbol file LoadedFromMemory is not a mono symbol file
Symbol file data-000002A7BE693440 doesn't match image C:\Users\Harris\Desktop\Unity Project's\Coin-Game-Ludificor\Coin Machine Game\Library\ScriptAssemblies\Sirenix.OdinInspector.Modules.UnityMathematics.dll
Symbol file LoadedFromMemory is not a mono symbol file
Symbol file data-000002A9B116F020 doesn't match image C:\Users\Harris\Desktop\Unity Project's\Coin-Game-Ludificor\Coin Machine Game\Library\ScriptAssemblies\UnityEngine.UI.dll
Symbol file LoadedFromMemory is not a mono symbol file
Symbol file data-000002A9AF6E3010 doesn't match image C:\Users\Harris\Desktop\Unity Project's\Coin-Game-Ludificor\Coin Machine Game\Library\ScriptAssemblies\Unity.Mathematics.dll
Symbol file LoadedFromMemory is not a mono symbol file
Symbol file data-000002A9B1DF9820 doesn't match image C:\Users\Harris\Desktop\Unity Project's\Coin-Game-Ludificor\Coin Machine Game\Library\ScriptAssemblies\Unity.ShaderGraph.Editor.dll
Symbol file LoadedFromMemory is not a mono symbol file
Symbol file data-000002A9B116F020 doesn't match image C:\Users\Harris\Desktop\Unity Project's\Coin-Game-Ludificor\Coin Machine Game\Library\ScriptAssemblies\Unity.RenderPipelines.Universal.Editor.dll
Symbol file LoadedFromMemory is not a mono symbol file
Symbol file data-000002A9B78766E0 doesn't match image C:\Users\Harris\Desktop\Unity Project's\Coin-Game-Ludificor\Coin Machine Game\Library\ScriptAssemblies\Unity.Toolchain.Win-x86_64-Linux-x86_64.dll
Symbol file LoadedFromMemory is not a mono symbol file
Symbol file data-000002A9B7D77520 doesn't match image C:\Users\Harris\Desktop\Unity Project's\Coin-Game-Ludificor\Coin Machine Game\Library\ScriptAssemblies\Unity.RenderPipeline.Universal.ShaderLibrary.dll
Symbol file LoadedFromMemory is not a mono symbol file
Symbol file data-000002A9AF5FAA90 doesn't match image C:\Users\Harris\Desktop\Unity Project's\Coin-Game-Ludificor\Coin Machine Game\Library\ScriptAssemblies\Unity.Timeline.Editor.dll
Symbol file LoadedFromMemory is not a mono symbol file
Symbol file data-000002A9B76F1660 doesn't match image C:\Users\Harris\Desktop\Unity Project's\Coin-Game-Ludificor\Coin Machine Game\Library\ScriptAssemblies\Sirenix.OdinInspector.CompatibilityLayer.dll
Symbol file LoadedFromMemory is not a mono symbol file
Symbol file data-000002A9AF4959A0 doesn't match image C:\Users\Harris\Desktop\Unity Project's\Coin-Game-Ludificor\Coin Machine Game\Library\ScriptAssemblies\Unity.RenderPipelines.ShaderGraph.ShaderGraphLibrary.dll
Symbol file LoadedFromMemory is not a mono symbol file
Symbol file data-000002A9AF5ECCA0 doesn't match image C:\Users\Harris\Desktop\Unity Project's\Coin-Game-Ludificor\Coin Machine Game\Library\ScriptAssemblies\Unity.CollabProxy.Editor.dll
Symbol file LoadedFromMemory is not a mono symbol file
Symbol file data-000002A9B3B29AA0 doesn't match image C:\Users\Harris\Desktop\Unity Project's\Coin-Game-Ludificor\Coin Machine Game\Library\ScriptAssemblies\Unity.Mathematics.Editor.dll
Symbol file LoadedFromMemory is not a mono symbol file
Symbol file data-000002A9B116F020 doesn't match image C:\Users\Harris\Desktop\Unity Project's\Coin-Game-Ludificor\Coin Machine Game\Library\ScriptAssemblies\Unity.RenderPipelines.Core.Editor.dll
Symbol file LoadedFromMemory is not a mono symbol file
Symbol file data-000002A9B71919C0 doesn't match image C:\Users\Harris\Desktop\Unity Project's\Coin-Game-Ludificor\Coin Machine Game\Library\ScriptAssemblies\Unity.SysrootPackage.Editor.dll
Symbol file LoadedFromMemory is not a mono symbol file
Native extension for WindowsStandalone target not found
Refreshing native plugins compatible for Editor in 4.42 ms, found 2 plugins.
Preloading 0 native plugins for Editor in 0.00 ms.
Mono: successfully reloaded assembly
- Completed reload, in  6.536 seconds
Platform modules already initialized, skipping
Shader 'Universal Render Pipeline/Particles/Lit': fallback shader 'Universal Render Pipeline/Particles/SimpleLit' not found
Refreshing native plugins compatible for Editor in 2.55 ms, found 2 plugins.
Preloading 0 native plugins for Editor in 0.00 ms.
Unloading 2647 Unused Serialized files (Serialized files now loaded: 0)
System memory in use before: 209.1 MB.
System memory in use after: 209.3 MB.

Unloading 24 unused Assets to reduce memory usage. Loaded Objects now: 3269.
Total: 293.543400 ms (FindLiveObjects: 1.420700 ms CreateObjectMapping: 0.838500 ms MarkObjects: 291.195100 ms  DeleteObjects: 0.084900 ms)

========================================================================
Received Prepare
Registering precompiled user dll's ...
Registered in 0.069801 seconds.
Begin MonoManager ReloadAssembly
Symbol file data-000002A9AF1D85C0 doesn't match image C:\Users\Harris\Desktop\Unity Project's\Coin-Game-Ludificor\Coin Machine Game\Library\ScriptAssemblies\Unity.VSCode.Editor.dll
Symbol file LoadedFromMemory is not a mono symbol file
Symbol file data-000002A9B7D79720 doesn't match image C:\Users\Harris\Desktop\Unity Project's\Coin-Game-Ludificor\Coin Machine Game\Library\ScriptAssemblies\Unity.RenderPipelines.Universal.Shaders.dll
Symbol file LoadedFromMemory is not a mono symbol file
Symbol file data-000002A9B4D56AE0 doesn't match image C:\Users\Harris\Desktop\Unity Project's\Coin-Game-Ludificor\Coin Machine Game\Library\ScriptAssemblies\Unity.RenderPipelines.Universal.Runtime.dll
Symbol file LoadedFromMemory is not a mono symbol file
Symbol file data-000002A9B94B8310 doesn't match image C:\Users\Harris\Desktop\Unity Project's\Coin-Game-Ludificor\Coin Machine Game\Library\ScriptAssemblies\Unity.TextMeshPro.Editor.dll
Symbol file LoadedFromMemory is not a mono symbol file
Symbol file data-000002A9DB446040 doesn't match image C:\Users\Harris\Desktop\Unity Project's\Coin-Game-Ludificor\Coin Machine Game\Library\ScriptAssemblies\Unity.VisualStudio.Editor.dll
Symbol file LoadedFromMemory is not a mono symbol file
Symbol file data-000002A9B793CD70 doesn't match image C:\Users\Harris\Desktop\Unity Project's\Coin-Game-Ludificor\Coin Machine Game\Library\ScriptAssemblies\Unity.Sysroot.Linux_x86_64.dll
Symbol file LoadedFromMemory is not a mono symbol file
Symbol file data-000002A9DC054C90 doesn't match image C:\Users\Harris\Desktop\Unity Project's\Coin-Game-Ludificor\Coin Machine Game\Library\ScriptAssemblies\UnityEngine.TestRunner.dll
Symbol file LoadedFromMemory is not a mono symbol file
Symbol file data-000002A9B1578200 doesn't match image C:\Users\Harris\Desktop\Unity Project's\Coin-Game-Ludificor\Coin Machine Game\Library\ScriptAssemblies\Unity.Timeline.dll
Symbol file LoadedFromMemory is not a mono symbol file
Symbol file data-000002A9B8F3E5F0 doesn't match image C:\Users\Harris\Desktop\Unity Project's\Coin-Game-Ludificor\Coin Machine Game\Library\ScriptAssemblies\Unity.TextMeshPro.dll
Symbol file LoadedFromMemory is not a mono symbol file
Symbol file data-000002A9B389C020 doesn't match image C:\Users\Harris\Desktop\Unity Project's\Coin-Game-Ludificor\Coin Machine Game\Library\ScriptAssemblies\UnityEditor.TestRunner.dll
Symbol file LoadedFromMemory is not a mono symbol file
Symbol file data-000002A98B558BA0 doesn't match image C:\Users\Harris\Desktop\Unity Project's\Coin-Game-Ludificor\Coin Machine Game\Library\ScriptAssemblies\Unity.Searcher.Editor.dll
Symbol file LoadedFromMemory is not a mono symbol file
Symbol file data-000002A9B78134A0 doesn't match image C:\Users\Harris\Desktop\Unity Project's\Coin-Game-Ludificor\Coin Machine Game\Library\ScriptAssemblies\Unity.ShaderGraph.Utilities.dll
Symbol file LoadedFromMemory is not a mono symbol file
Symbol file data-000002A9B8DBE010 doesn't match image C:\Users\Harris\Desktop\Unity Project's\Coin-Game-Ludificor\Coin Machine Game\Library\ScriptAssemblies\Unity.RenderPipelines.Core.Runtime.dll
Symbol file LoadedFromMemory is not a mono symbol file
Symbol file data-000002A9B7773BD0 doesn't match image C:\Users\Harris\Desktop\Unity Project's\Coin-Game-Ludificor\Coin Machine Game\Library\ScriptAssemblies\Sirenix.OdinInspector.CompatibilityLayer.Editor.dll
Symbol file LoadedFromMemory is not a mono symbol file
Symbol file data-000002A9B1E4D020 doesn't match image C:\Users\Harris\Desktop\Unity Project's\Coin-Game-Ludificor\Coin Machine Game\Library\ScriptAssemblies\UnityEditor.UI.dll
Symbol file LoadedFromMemory is not a mono symbol file
Symbol file data-000002A9DB759030 doesn't match image C:\Users\Harris\Desktop\Unity Project's\Coin-Game-Ludificor\Coin Machine Game\Library\ScriptAssemblies\Unity.PlasticSCM.Editor.dll
Symbol file LoadedFromMemory is not a mono symbol file
Symbol file data-000002A9AF64E020 doesn't match image C:\Users\Harris\Desktop\Unity Project's\Coin-Game-Ludificor\Coin Machine Game\Library\ScriptAssemblies\Unity.Rider.Editor.dll
Symbol file LoadedFromMemory is not a mono symbol file
Symbol file data-000002A9B23967A0 doesn't match image C:\Users\Harris\Desktop\Unity Project's\Coin-Game-Ludificor\Coin Machine Game\Library\ScriptAssemblies\Unity.RenderPipelines.Core.ShaderLibrary.dll
Symbol file LoadedFromMemory is not a mono symbol file
Symbol file data-000002A9B50DE050 doesn't match image C:\Users\Harris\Desktop\Unity Project's\Coin-Game-Ludificor\Coin Machine Game\Library\ScriptAssemblies\Sirenix.OdinInspector.Modules.UnityMathematics.dll
Symbol file LoadedFromMemory is not a mono symbol file
Symbol file data-000002A9B116F020 doesn't match image C:\Users\Harris\Desktop\Unity Project's\Coin-Game-Ludificor\Coin Machine Game\Library\ScriptAssemblies\UnityEngine.UI.dll
Symbol file LoadedFromMemory is not a mono symbol file
Symbol file data-000002A9AF6E3010 doesn't match image C:\Users\Harris\Desktop\Unity Project's\Coin-Game-Ludificor\Coin Machine Game\Library\ScriptAssemblies\Unity.Mathematics.dll
Symbol file LoadedFromMemory is not a mono symbol file
Symbol file data-000002A98B3C4AB0 doesn't match image C:\Users\Harris\Desktop\Unity Project's\Coin-Game-Ludificor\Coin Machine Game\Library\ScriptAssemblies\Unity.ShaderGraph.Editor.dll
Symbol file LoadedFromMemory is not a mono symbol file
Symbol file data-000002A9B116F020 doesn't match image C:\Users\Harris\Desktop\Unity Project's\Coin-Game-Ludificor\Coin Machine Game\Library\ScriptAssemblies\Unity.RenderPipelines.Universal.Editor.dll
Symbol file LoadedFromMemory is not a mono symbol file
Symbol file data-000002A9B78A4A10 doesn't match image C:\Users\Harris\Desktop\Unity Project's\Coin-Game-Ludificor\Coin Machine Game\Library\ScriptAssemblies\Unity.Toolchain.Win-x86_64-Linux-x86_64.dll
Symbol file LoadedFromMemory is not a mono symbol file
Symbol file data-000002A9B7D7AB20 doesn't match image C:\Users\Harris\Desktop\Unity Project's\Coin-Game-Ludificor\Coin Machine Game\Library\ScriptAssemblies\Unity.RenderPipeline.Universal.ShaderLibrary.dll
Symbol file LoadedFromMemory is not a mono symbol file
Symbol file data-000002A9B41C1000 doesn't match image C:\Users\Harris\Desktop\Unity Project's\Coin-Game-Ludificor\Coin Machine Game\Library\ScriptAssemblies\Unity.Timeline.Editor.dll
Symbol file LoadedFromMemory is not a mono symbol file
Symbol file data-000002A9B76B6D20 doesn't match image C:\Users\Harris\Desktop\Unity Project's\Coin-Game-Ludificor\Coin Machine Game\Library\ScriptAssemblies\Sirenix.OdinInspector.CompatibilityLayer.dll
Symbol file LoadedFromMemory is not a mono symbol file
Symbol file data-000002A9B19FB990 doesn't match image C:\Users\Harris\Desktop\Unity Project's\Coin-Game-Ludificor\Coin Machine Game\Library\ScriptAssemblies\Unity.RenderPipelines.ShaderGraph.ShaderGraphLibrary.dll
Symbol file LoadedFromMemory is not a mono symbol file
Symbol file data-000002A9FCF90020 doesn't match image C:\Users\Harris\Desktop\Unity Project's\Coin-Game-Ludificor\Coin Machine Game\Library\ScriptAssemblies\Unity.CollabProxy.Editor.dll
Symbol file LoadedFromMemory is not a mono symbol file
Symbol file data-000002A9AF667C10 doesn't match image C:\Users\Harris\Desktop\Unity Project's\Coin-Game-Ludificor\Coin Machine Game\Library\ScriptAssemblies\Unity.Mathematics.Editor.dll
Symbol file LoadedFromMemory is not a mono symbol file
Symbol file data-000002A9B116F020 doesn't match image C:\Users\Harris\Desktop\Unity Project's\Coin-Game-Ludificor\Coin Machine Game\Library\ScriptAssemblies\Unity.RenderPipelines.Core.Editor.dll
Symbol file LoadedFromMemory is not a mono symbol file
Symbol file data-000002A9B7D6A6E0 doesn't match image C:\Users\Harris\Desktop\Unity Project's\Coin-Game-Ludificor\Coin Machine Game\Library\ScriptAssemblies\Unity.SysrootPackage.Editor.dll
Symbol file LoadedFromMemory is not a mono symbol file
Native extension for WindowsStandalone target not found
Refreshing native plugins compatible for Editor in 1.07 ms, found 2 plugins.
Preloading 0 native plugins for Editor in 0.00 ms.
Mono: successfully reloaded assembly
- Completed reload, in  5.701 seconds
Platform modules already initialized, skipping
Shader 'Universal Render Pipeline/Particles/Lit': fallback shader 'Universal Render Pipeline/Particles/SimpleLit' not found
Refreshing native plugins compatible for Editor in 2.45 ms, found 2 plugins.
Preloading 0 native plugins for Editor in 0.00 ms.
Unloading 2647 Unused Serialized files (Serialized files now loaded: 0)
System memory in use before: 209.1 MB.
System memory in use after: 209.3 MB.

Unloading 24 unused Assets to reduce memory usage. Loaded Objects now: 3272.
Total: 111.167400 ms (FindLiveObjects: 1.823600 ms CreateObjectMapping: 0.985900 ms MarkObjects: 108.243300 ms  DeleteObjects: 0.110400 ms)

========================================================================
Received Prepare
Registering precompiled user dll's ...
Registered in 0.098811 seconds.
Begin MonoManager ReloadAssembly
Symbol file data-000002A9B71919C0 doesn't match image C:\Users\Harris\Desktop\Unity Project's\Coin-Game-Ludificor\Coin Machine Game\Library\ScriptAssemblies\Unity.VSCode.Editor.dll
Symbol file LoadedFromMemory is not a mono symbol file
Symbol file data-000002A9B7D78D20 doesn't match image C:\Users\Harris\Desktop\Unity Project's\Coin-Game-Ludificor\Coin Machine Game\Library\ScriptAssemblies\Unity.RenderPipelines.Universal.Shaders.dll
Symbol file LoadedFromMemory is not a mono symbol file
Symbol file data-000002A9B13E5010 doesn't match image C:\Users\Harris\Desktop\Unity Project's\Coin-Game-Ludificor\Coin Machine Game\Library\ScriptAssemblies\Unity.RenderPipelines.Universal.Runtime.dll
Symbol file LoadedFromMemory is not a mono symbol file
Symbol file data-000002A9DB769060 doesn't match image C:\Users\Harris\Desktop\Unity Project's\Coin-Game-Ludificor\Coin Machine Game\Library\ScriptAssemblies\Unity.TextMeshPro.Editor.dll
Symbol file LoadedFromMemory is not a mono symbol file
Symbol file data-000002A9B77D0500 doesn't match image C:\Users\Harris\Desktop\Unity Project's\Coin-Game-Ludificor\Coin Machine Game\Library\ScriptAssemblies\Unity.VisualStudio.Editor.dll
Symbol file LoadedFromMemory is not a mono symbol file
Symbol file data-000002A9B980AE50 doesn't match image C:\Users\Harris\Desktop\Unity Project's\Coin-Game-Ludificor\Coin Machine Game\Library\ScriptAssemblies\Unity.Sysroot.Linux_x86_64.dll
Symbol file LoadedFromMemory is not a mono symbol file
Symbol file data-000002A9B8CC6FE0 doesn't match image C:\Users\Harris\Desktop\Unity Project's\Coin-Game-Ludificor\Coin Machine Game\Library\ScriptAssemblies\UnityEngine.TestRunner.dll
Symbol file LoadedFromMemory is not a mono symbol file
Symbol file data-000002A9B10F2420 doesn't match image C:\Users\Harris\Desktop\Unity Project's\Coin-Game-Ludificor\Coin Machine Game\Library\ScriptAssemblies\Unity.Timeline.dll
Symbol file LoadedFromMemory is not a mono symbol file
Symbol file data-000002A9AF43CC40 doesn't match image C:\Users\Harris\Desktop\Unity Project's\Coin-Game-Ludificor\Coin Machine Game\Library\ScriptAssemblies\Unity.TextMeshPro.dll
Symbol file LoadedFromMemory is not a mono symbol file
Symbol file data-000002A9B389C020 doesn't match image C:\Users\Harris\Desktop\Unity Project's\Coin-Game-Ludificor\Coin Machine Game\Library\ScriptAssemblies\UnityEditor.TestRunner.dll
Symbol file LoadedFromMemory is not a mono symbol file
Symbol file data-000002A9AF5B3030 doesn't match image C:\Users\Harris\Desktop\Unity Project's\Coin-Game-Ludificor\Coin Machine Game\Library\ScriptAssemblies\Unity.Searcher.Editor.dll
Symbol file LoadedFromMemory is not a mono symbol file
Symbol file data-000002A9B4476980 doesn't match image C:\Users\Harris\Desktop\Unity Project's\Coin-Game-Ludificor\Coin Machine Game\Library\ScriptAssemblies\Unity.ShaderGraph.Utilities.dll
Symbol file LoadedFromMemory is not a mono symbol file
Symbol file data-000002A9B1411040 doesn't match image C:\Users\Harris\Desktop\Unity Project's\Coin-Game-Ludificor\Coin Machine Game\Library\ScriptAssemblies\Unity.RenderPipelines.Core.Runtime.dll
Symbol file LoadedFromMemory is not a mono symbol file
Symbol file data-000002A9B7773BD0 doesn't match image C:\Users\Harris\Desktop\Unity Project's\Coin-Game-Ludificor\Coin Machine Game\Library\ScriptAssemblies\Sirenix.OdinInspector.CompatibilityLayer.Editor.dll
Symbol file LoadedFromMemory is not a mono symbol file
Symbol file data-000002A98B43CC00 doesn't match image C:\Users\Harris\Desktop\Unity Project's\Coin-Game-Ludificor\Coin Machine Game\Library\ScriptAssemblies\UnityEditor.UI.dll
Symbol file LoadedFromMemory is not a mono symbol file
Symbol file data-000002A9B9307050 doesn't match image C:\Users\Harris\Desktop\Unity Project's\Coin-Game-Ludificor\Coin Machine Game\Library\ScriptAssemblies\Unity.PlasticSCM.Editor.dll
Symbol file LoadedFromMemory is not a mono symbol file
Symbol file data-000002A9AF64E020 doesn't match image C:\Users\Harris\Desktop\Unity Project's\Coin-Game-Ludificor\Coin Machine Game\Library\ScriptAssemblies\Unity.Rider.Editor.dll
Symbol file LoadedFromMemory is not a mono symbol file
Symbol file data-000002A9B9676990 doesn't match image C:\Users\Harris\Desktop\Unity Project's\Coin-Game-Ludificor\Coin Machine Game\Library\ScriptAssemblies\Unity.RenderPipelines.Core.ShaderLibrary.dll
Symbol file LoadedFromMemory is not a mono symbol file
Symbol file data-000002A9AF5F6AD0 doesn't match image C:\Users\Harris\Desktop\Unity Project's\Coin-Game-Ludificor\Coin Machine Game\Library\ScriptAssemblies\Sirenix.OdinInspector.Modules.UnityMathematics.dll
Symbol file LoadedFromMemory is not a mono symbol file
Symbol file data-000002A9B116F020 doesn't match image C:\Users\Harris\Desktop\Unity Project's\Coin-Game-Ludificor\Coin Machine Game\Library\ScriptAssemblies\UnityEngine.UI.dll
Symbol file LoadedFromMemory is not a mono symbol file
Symbol file data-000002A9B5305710 doesn't match image C:\Users\Harris\Desktop\Unity Project's\Coin-Game-Ludificor\Coin Machine Game\Library\ScriptAssemblies\Unity.Mathematics.dll
Symbol file LoadedFromMemory is not a mono symbol file
Symbol file data-000002A98B3C4AB0 doesn't match image C:\Users\Harris\Desktop\Unity Project's\Coin-Game-Ludificor\Coin Machine Game\Library\ScriptAssemblies\Unity.ShaderGraph.Editor.dll
Symbol file LoadedFromMemory is not a mono symbol file
Symbol file data-000002A9B116F020 doesn't match image C:\Users\Harris\Desktop\Unity Project's\Coin-Game-Ludificor\Coin Machine Game\Library\ScriptAssemblies\Unity.RenderPipelines.Universal.Editor.dll
Symbol file LoadedFromMemory is not a mono symbol file
Symbol file data-000002A9DB429A40 doesn't match image C:\Users\Harris\Desktop\Unity Project's\Coin-Game-Ludificor\Coin Machine Game\Library\ScriptAssemblies\Unity.Toolchain.Win-x86_64-Linux-x86_64.dll
Symbol file LoadedFromMemory is not a mono symbol file
Symbol file data-000002A9B7D77D20 doesn't match image C:\Users\Harris\Desktop\Unity Project's\Coin-Game-Ludificor\Coin Machine Game\Library\ScriptAssemblies\Unity.RenderPipeline.Universal.ShaderLibrary.dll
Symbol file LoadedFromMemory is not a mono symbol file
Symbol file data-000002A9DB7A9110 doesn't match image C:\Users\Harris\Desktop\Unity Project's\Coin-Game-Ludificor\Coin Machine Game\Library\ScriptAssemblies\Unity.Timeline.Editor.dll
Symbol file LoadedFromMemory is not a mono symbol file
Symbol file data-000002A9B7871D30 doesn't match image C:\Users\Harris\Desktop\Unity Project's\Coin-Game-Ludificor\Coin Machine Game\Library\ScriptAssemblies\Sirenix.OdinInspector.CompatibilityLayer.dll
Symbol file LoadedFromMemory is not a mono symbol file
Symbol file data-000002A9AF493270 doesn't match image C:\Users\Harris\Desktop\Unity Project's\Coin-Game-Ludificor\Coin Machine Game\Library\ScriptAssemblies\Unity.RenderPipelines.ShaderGraph.ShaderGraphLibrary.dll
Symbol file LoadedFromMemory is not a mono symbol file
Symbol file data-000002A9B8CC6FE0 doesn't match image C:\Users\Harris\Desktop\Unity Project's\Coin-Game-Ludificor\Coin Machine Game\Library\ScriptAssemblies\Unity.CollabProxy.Editor.dll
Symbol file LoadedFromMemory is not a mono symbol file
Symbol file data-000002A9B970DC50 doesn't match image C:\Users\Harris\Desktop\Unity Project's\Coin-Game-Ludificor\Coin Machine Game\Library\ScriptAssemblies\Unity.Mathematics.Editor.dll
Symbol file LoadedFromMemory is not a mono symbol file
Symbol file data-000002A9B1411040 doesn't match image C:\Users\Harris\Desktop\Unity Project's\Coin-Game-Ludificor\Coin Machine Game\Library\ScriptAssemblies\Unity.RenderPipelines.Core.Editor.dll
Symbol file LoadedFromMemory is not a mono symbol file
Symbol file data-000002A9B7D6A6E0 doesn't match image C:\Users\Harris\Desktop\Unity Project's\Coin-Game-Ludificor\Coin Machine Game\Library\ScriptAssemblies\Unity.SysrootPackage.Editor.dll
Symbol file LoadedFromMemory is not a mono symbol file
Native extension for WindowsStandalone target not found
Refreshing native plugins compatible for Editor in 20.11 ms, found 2 plugins.
Preloading 0 native plugins for Editor in 0.00 ms.
Mono: successfully reloaded assembly
- Completed reload, in 60.652 seconds
Platform modules already initialized, skipping
Shader 'Universal Render Pipeline/Particles/Lit': fallback shader 'Universal Render Pipeline/Particles/SimpleLit' not found
Refreshing native plugins compatible for Editor in 14.63 ms, found 2 plugins.
Preloading 0 native plugins for Editor in 0.00 ms.
Unloading 2647 Unused Serialized files (Serialized files now loaded: 0)
System memory in use before: 209.1 MB.
System memory in use after: 209.3 MB.

Unloading 24 unused Assets to reduce memory usage. Loaded Objects now: 3275.
Total: 1954.096800 ms (FindLiveObjects: 14.781800 ms CreateObjectMapping: 9.368900 ms MarkObjects: 1929.798100 ms  DeleteObjects: 0.143200 ms)

========================================================================
Received Prepare
Registering precompiled user dll's ...
Registered in 0.069810 seconds.
Begin MonoManager ReloadAssembly
Symbol file data-000002A9B1BCB030 doesn't match image C:\Users\Harris\Desktop\Unity Project's\Coin-Game-Ludificor\Coin Machine Game\Library\ScriptAssemblies\Unity.VSCode.Editor.dll
Symbol file LoadedFromMemory is not a mono symbol file
Symbol file data-000002A9B7D77B20 doesn't match image C:\Users\Harris\Desktop\Unity Project's\Coin-Game-Ludificor\Coin Machine Game\Library\ScriptAssemblies\Unity.RenderPipelines.Universal.Shaders.dll
Symbol file LoadedFromMemory is not a mono symbol file
Symbol file data-000002A9DBA5C010 doesn't match image C:\Users\Harris\Desktop\Unity Project's\Coin-Game-Ludificor\Coin Machine Game\Library\ScriptAssemblies\Unity.RenderPipelines.Universal.Runtime.dll
Symbol file LoadedFromMemory is not a mono symbol file
Symbol file data-000002A9DB769060 doesn't match image C:\Users\Harris\Desktop\Unity Project's\Coin-Game-Ludificor\Coin Machine Game\Library\ScriptAssemblies\Unity.TextMeshPro.Editor.dll
Symbol file LoadedFromMemory is not a mono symbol file
Symbol file data-000002A9B730A180 doesn't match image C:\Users\Harris\Desktop\Unity Project's\Coin-Game-Ludificor\Coin Machine Game\Library\ScriptAssemblies\Unity.VisualStudio.Editor.dll
Symbol file LoadedFromMemory is not a mono symbol file
Symbol file data-000002A9B94F8310 doesn't match image C:\Users\Harris\Desktop\Unity Project's\Coin-Game-Ludificor\Coin Machine Game\Library\ScriptAssemblies\Unity.Sysroot.Linux_x86_64.dll
Symbol file LoadedFromMemory is not a mono symbol file
Symbol file data-000002A9B3B4E040 doesn't match image C:\Users\Harris\Desktop\Unity Project's\Coin-Game-Ludificor\Coin Machine Game\Library\ScriptAssemblies\UnityEngine.TestRunner.dll
Symbol file LoadedFromMemory is not a mono symbol file
Symbol file data-000002A9B10F2420 doesn't match image C:\Users\Harris\Desktop\Unity Project's\Coin-Game-Ludificor\Coin Machine Game\Library\ScriptAssemblies\Unity.Timeline.dll
Symbol file LoadedFromMemory is not a mono symbol file
Symbol file data-000002A9AF43CC40 doesn't match image C:\Users\Harris\Desktop\Unity Project's\Coin-Game-Ludificor\Coin Machine Game\Library\ScriptAssemblies\Unity.TextMeshPro.dll
Symbol file LoadedFromMemory is not a mono symbol file
Symbol file data-000002A9B389C020 doesn't match image C:\Users\Harris\Desktop\Unity Project's\Coin-Game-Ludificor\Coin Machine Game\Library\ScriptAssemblies\UnityEditor.TestRunner.dll
Symbol file LoadedFromMemory is not a mono symbol file
Symbol file data-000002A9AF5B3030 doesn't match image C:\Users\Harris\Desktop\Unity Project's\Coin-Game-Ludificor\Coin Machine Game\Library\ScriptAssemblies\Unity.Searcher.Editor.dll
Symbol file LoadedFromMemory is not a mono symbol file
Symbol file data-000002A9DB956F00 doesn't match image C:\Users\Harris\Desktop\Unity Project's\Coin-Game-Ludificor\Coin Machine Game\Library\ScriptAssemblies\Unity.ShaderGraph.Utilities.dll
Symbol file LoadedFromMemory is not a mono symbol file
Symbol file data-000002A9B1411040 doesn't match image C:\Users\Harris\Desktop\Unity Project's\Coin-Game-Ludificor\Coin Machine Game\Library\ScriptAssemblies\Unity.RenderPipelines.Core.Runtime.dll
Symbol file LoadedFromMemory is not a mono symbol file
Symbol file data-000002A9AF63AAC0 doesn't match image C:\Users\Harris\Desktop\Unity Project's\Coin-Game-Ludificor\Coin Machine Game\Library\ScriptAssemblies\Sirenix.OdinInspector.CompatibilityLayer.Editor.dll
Symbol file LoadedFromMemory is not a mono symbol file
Symbol file data-000002A9DB307020 doesn't match image C:\Users\Harris\Desktop\Unity Project's\Coin-Game-Ludificor\Coin Machine Game\Library\ScriptAssemblies\UnityEditor.UI.dll
Symbol file LoadedFromMemory is not a mono symbol file
Symbol file data-000002A9B3982020 doesn't match image C:\Users\Harris\Desktop\Unity Project's\Coin-Game-Ludificor\Coin Machine Game\Library\ScriptAssemblies\Unity.PlasticSCM.Editor.dll
Symbol file LoadedFromMemory is not a mono symbol file
Symbol file data-000002A9AF64E020 doesn't match image C:\Users\Harris\Desktop\Unity Project's\Coin-Game-Ludificor\Coin Machine Game\Library\ScriptAssemblies\Unity.Rider.Editor.dll
Symbol file LoadedFromMemory is not a mono symbol file
Symbol file data-000002A9B4DACEC0 doesn't match image C:\Users\Harris\Desktop\Unity Project's\Coin-Game-Ludificor\Coin Machine Game\Library\ScriptAssemblies\Unity.RenderPipelines.Core.ShaderLibrary.dll
Symbol file LoadedFromMemory is not a mono symbol file
Symbol file data-000002A9B8CD0E10 doesn't match image C:\Users\Harris\Desktop\Unity Project's\Coin-Game-Ludificor\Coin Machine Game\Library\ScriptAssemblies\Sirenix.OdinInspector.Modules.UnityMathematics.dll
Symbol file LoadedFromMemory is not a mono symbol file
Symbol file data-000002A9B116F020 doesn't match image C:\Users\Harris\Desktop\Unity Project's\Coin-Game-Ludificor\Coin Machine Game\Library\ScriptAssemblies\UnityEngine.UI.dll
Symbol file LoadedFromMemory is not a mono symbol file
Symbol file data-000002A9B39CA080 doesn't match image C:\Users\Harris\Desktop\Unity Project's\Coin-Game-Ludificor\Coin Machine Game\Library\ScriptAssemblies\Unity.Mathematics.dll
Symbol file LoadedFromMemory is not a mono symbol file
Symbol file data-000002A98B3C4AB0 doesn't match image C:\Users\Harris\Desktop\Unity Project's\Coin-Game-Ludificor\Coin Machine Game\Library\ScriptAssemblies\Unity.ShaderGraph.Editor.dll
Symbol file LoadedFromMemory is not a mono symbol file
Symbol file data-000002A9B116F020 doesn't match image C:\Users\Harris\Desktop\Unity Project's\Coin-Game-Ludificor\Coin Machine Game\Library\ScriptAssemblies\Unity.RenderPipelines.Universal.Editor.dll
Symbol file LoadedFromMemory is not a mono symbol file
Symbol file data-000002A9AF00D890 doesn't match image C:\Users\Harris\Desktop\Unity Project's\Coin-Game-Ludificor\Coin Machine Game\Library\ScriptAssemblies\Unity.Toolchain.Win-x86_64-Linux-x86_64.dll
Symbol file LoadedFromMemory is not a mono symbol file
Symbol file data-000002A9B7D79520 doesn't match image C:\Users\Harris\Desktop\Unity Project's\Coin-Game-Ludificor\Coin Machine Game\Library\ScriptAssemblies\Unity.RenderPipeline.Universal.ShaderLibrary.dll
Symbol file LoadedFromMemory is not a mono symbol file
Symbol file data-000002A9FD283020 doesn't match image C:\Users\Harris\Desktop\Unity Project's\Coin-Game-Ludificor\Coin Machine Game\Library\ScriptAssemblies\Unity.Timeline.Editor.dll
Symbol file LoadedFromMemory is not a mono symbol file
Symbol file data-000002A9DB4396C0 doesn't match image C:\Users\Harris\Desktop\Unity Project's\Coin-Game-Ludificor\Coin Machine Game\Library\ScriptAssemblies\Sirenix.OdinInspector.CompatibilityLayer.dll
Symbol file LoadedFromMemory is not a mono symbol file
Symbol file data-000002A9B7158900 doesn't match image C:\Users\Harris\Desktop\Unity Project's\Coin-Game-Ludificor\Coin Machine Game\Library\ScriptAssemblies\Unity.RenderPipelines.ShaderGraph.ShaderGraphLibrary.dll
Symbol file LoadedFromMemory is not a mono symbol file
Symbol file data-000002A9B3B4E040 doesn't match image C:\Users\Harris\Desktop\Unity Project's\Coin-Game-Ludificor\Coin Machine Game\Library\ScriptAssemblies\Unity.CollabProxy.Editor.dll
Symbol file LoadedFromMemory is not a mono symbol file
Symbol file data-000002A9B19DD070 doesn't match image C:\Users\Harris\Desktop\Unity Project's\Coin-Game-Ludificor\Coin Machine Game\Library\ScriptAssemblies\Unity.Mathematics.Editor.dll
Symbol file LoadedFromMemory is not a mono symbol file
Symbol file data-000002A9B1411040 doesn't match image C:\Users\Harris\Desktop\Unity Project's\Coin-Game-Ludificor\Coin Machine Game\Library\ScriptAssemblies\Unity.RenderPipelines.Core.Editor.dll
Symbol file LoadedFromMemory is not a mono symbol file
Symbol file data-000002A9B7D6A6E0 doesn't match image C:\Users\Harris\Desktop\Unity Project's\Coin-Game-Ludificor\Coin Machine Game\Library\ScriptAssemblies\Unity.SysrootPackage.Editor.dll
Symbol file LoadedFromMemory is not a mono symbol file
Native extension for WindowsStandalone target not found
Refreshing native plugins compatible for Editor in 1.04 ms, found 2 plugins.
Preloading 0 native plugins for Editor in 0.00 ms.
Mono: successfully reloaded assembly
- Completed reload, in  4.127 seconds
Platform modules already initialized, skipping
Shader 'Universal Render Pipeline/Particles/Lit': fallback shader 'Universal Render Pipeline/Particles/SimpleLit' not found
Refreshing native plugins compatible for Editor in 2.39 ms, found 2 plugins.
Preloading 0 native plugins for Editor in 0.00 ms.
Unloading 2647 Unused Serialized files (Serialized files now loaded: 0)
System memory in use before: 209.1 MB.
System memory in use after: 209.3 MB.

Unloading 24 unused Assets to reduce memory usage. Loaded Objects now: 3278.
Total: 109.318200 ms (FindLiveObjects: 1.661400 ms CreateObjectMapping: 1.290200 ms MarkObjects: 106.286600 ms  DeleteObjects: 0.075000 ms)

========================================================================
Received Prepare
Registering precompiled user dll's ...
Registered in 0.032148 seconds.
Begin MonoManager ReloadAssembly
Symbol file data-000002A9B7D6A6E0 doesn't match image C:\Users\Harris\Desktop\Unity Project's\Coin-Game-Ludificor\Coin Machine Game\Library\ScriptAssemblies\Unity.VSCode.Editor.dll
Symbol file LoadedFromMemory is not a mono symbol file
Symbol file data-000002A9B7D77720 doesn't match image C:\Users\Harris\Desktop\Unity Project's\Coin-Game-Ludificor\Coin Machine Game\Library\ScriptAssemblies\Unity.RenderPipelines.Universal.Shaders.dll
Symbol file LoadedFromMemory is not a mono symbol file
Symbol file data-000002A9B38CC020 doesn't match image C:\Users\Harris\Desktop\Unity Project's\Coin-Game-Ludificor\Coin Machine Game\Library\ScriptAssemblies\Unity.RenderPipelines.Universal.Runtime.dll
Symbol file LoadedFromMemory is not a mono symbol file
Symbol file data-000002A9B1E29090 doesn't match image C:\Users\Harris\Desktop\Unity Project's\Coin-Game-Ludificor\Coin Machine Game\Library\ScriptAssemblies\Unity.TextMeshPro.Editor.dll
Symbol file LoadedFromMemory is not a mono symbol file
Symbol file data-000002A9B730A180 doesn't match image C:\Users\Harris\Desktop\Unity Project's\Coin-Game-Ludificor\Coin Machine Game\Library\ScriptAssemblies\Unity.VisualStudio.Editor.dll
Symbol file LoadedFromMemory is not a mono symbol file
Symbol file data-000002A9B4458440 doesn't match image C:\Users\Harris\Desktop\Unity Project's\Coin-Game-Ludificor\Coin Machine Game\Library\ScriptAssemblies\Unity.Sysroot.Linux_x86_64.dll
Symbol file LoadedFromMemory is not a mono symbol file
Symbol file data-000002A9FE1BB0E0 doesn't match image C:\Users\Harris\Desktop\Unity Project's\Coin-Game-Ludificor\Coin Machine Game\Library\ScriptAssemblies\UnityEngine.TestRunner.dll
Symbol file LoadedFromMemory is not a mono symbol file
Symbol file data-000002A9B897C030 doesn't match image C:\Users\Harris\Desktop\Unity Project's\Coin-Game-Ludificor\Coin Machine Game\Library\ScriptAssemblies\Unity.Timeline.dll
Symbol file LoadedFromMemory is not a mono symbol file
Symbol file data-000002A9AF43CC40 doesn't match image C:\Users\Harris\Desktop\Unity Project's\Coin-Game-Ludificor\Coin Machine Game\Library\ScriptAssemblies\Unity.TextMeshPro.dll
Symbol file LoadedFromMemory is not a mono symbol file
Symbol file data-000002A9B389C020 doesn't match image C:\Users\Harris\Desktop\Unity Project's\Coin-Game-Ludificor\Coin Machine Game\Library\ScriptAssemblies\UnityEditor.TestRunner.dll
Symbol file LoadedFromMemory is not a mono symbol file
Symbol file data-000002A9AF5B3030 doesn't match image C:\Users\Harris\Desktop\Unity Project's\Coin-Game-Ludificor\Coin Machine Game\Library\ScriptAssemblies\Unity.Searcher.Editor.dll
Symbol file LoadedFromMemory is not a mono symbol file
Symbol file data-000002A9895BCCF0 doesn't match image C:\Users\Harris\Desktop\Unity Project's\Coin-Game-Ludificor\Coin Machine Game\Library\ScriptAssemblies\Unity.ShaderGraph.Utilities.dll
Symbol file LoadedFromMemory is not a mono symbol file
Symbol file data-000002A9B1411040 doesn't match image C:\Users\Harris\Desktop\Unity Project's\Coin-Game-Ludificor\Coin Machine Game\Library\ScriptAssemblies\Unity.RenderPipelines.Core.Runtime.dll
Symbol file LoadedFromMemory is not a mono symbol file
Symbol file data-000002A9B78549E0 doesn't match image C:\Users\Harris\Desktop\Unity Project's\Coin-Game-Ludificor\Coin Machine Game\Library\ScriptAssemblies\Sirenix.OdinInspector.CompatibilityLayer.Editor.dll
Symbol file LoadedFromMemory is not a mono symbol file
Symbol file data-000002A9DB4457F0 doesn't match image C:\Users\Harris\Desktop\Unity Project's\Coin-Game-Ludificor\Coin Machine Game\Library\ScriptAssemblies\UnityEditor.UI.dll
Symbol file LoadedFromMemory is not a mono symbol file
Symbol file data-000002A9B3982020 doesn't match image C:\Users\Harris\Desktop\Unity Project's\Coin-Game-Ludificor\Coin Machine Game\Library\ScriptAssemblies\Unity.PlasticSCM.Editor.dll
Symbol file LoadedFromMemory is not a mono symbol file
Symbol file data-000002A9AF64E020 doesn't match image C:\Users\Harris\Desktop\Unity Project's\Coin-Game-Ludificor\Coin Machine Game\Library\ScriptAssemblies\Unity.Rider.Editor.dll
Symbol file LoadedFromMemory is not a mono symbol file
Symbol file data-000002A9B8BDE060 doesn't match image C:\Users\Harris\Desktop\Unity Project's\Coin-Game-Ludificor\Coin Machine Game\Library\ScriptAssemblies\Unity.RenderPipelines.Core.ShaderLibrary.dll
Symbol file LoadedFromMemory is not a mono symbol file
Symbol file data-000002A9B78B0AE0 doesn't match image C:\Users\Harris\Desktop\Unity Project's\Coin-Game-Ludificor\Coin Machine Game\Library\ScriptAssemblies\Sirenix.OdinInspector.Modules.UnityMathematics.dll
Symbol file LoadedFromMemory is not a mono symbol file
Symbol file data-000002A9B1411040 doesn't match image C:\Users\Harris\Desktop\Unity Project's\Coin-Game-Ludificor\Coin Machine Game\Library\ScriptAssemblies\UnityEngine.UI.dll
Symbol file LoadedFromMemory is not a mono symbol file
Symbol file data-000002A9B39CA080 doesn't match image C:\Users\Harris\Desktop\Unity Project's\Coin-Game-Ludificor\Coin Machine Game\Library\ScriptAssemblies\Unity.Mathematics.dll
Symbol file LoadedFromMemory is not a mono symbol file
Symbol file data-000002A98B3C4AB0 doesn't match image C:\Users\Harris\Desktop\Unity Project's\Coin-Game-Ludificor\Coin Machine Game\Library\ScriptAssemblies\Unity.ShaderGraph.Editor.dll
Symbol file LoadedFromMemory is not a mono symbol file
Symbol file data-000002A9B1411040 doesn't match image C:\Users\Harris\Desktop\Unity Project's\Coin-Game-Ludificor\Coin Machine Game\Library\ScriptAssemblies\Unity.RenderPipelines.Universal.Editor.dll
Symbol file LoadedFromMemory is not a mono symbol file
Symbol file data-000002A9B7FC99B0 doesn't match image C:\Users\Harris\Desktop\Unity Project's\Coin-Game-Ludificor\Coin Machine Game\Library\ScriptAssemblies\Unity.Toolchain.Win-x86_64-Linux-x86_64.dll
Symbol file LoadedFromMemory is not a mono symbol file
Symbol file data-000002A9B7D77720 doesn't match image C:\Users\Harris\Desktop\Unity Project's\Coin-Game-Ludificor\Coin Machine Game\Library\ScriptAssemblies\Unity.RenderPipeline.Universal.ShaderLibrary.dll
Symbol file LoadedFromMemory is not a mono symbol file
Symbol file data-000002A9B390C050 doesn't match image C:\Users\Harris\Desktop\Unity Project's\Coin-Game-Ludificor\Coin Machine Game\Library\ScriptAssemblies\Unity.Timeline.Editor.dll
Symbol file LoadedFromMemory is not a mono symbol file
Symbol file data-000002A9B955DAC0 doesn't match image C:\Users\Harris\Desktop\Unity Project's\Coin-Game-Ludificor\Coin Machine Game\Library\ScriptAssemblies\Sirenix.OdinInspector.CompatibilityLayer.dll
Symbol file LoadedFromMemory is not a mono symbol file
Symbol file data-000002A9B95AD450 doesn't match image C:\Users\Harris\Desktop\Unity Project's\Coin-Game-Ludificor\Coin Machine Game\Library\ScriptAssemblies\Unity.RenderPipelines.ShaderGraph.ShaderGraphLibrary.dll
Symbol file LoadedFromMemory is not a mono symbol file
Symbol file data-000002A9FE1BB0E0 doesn't match image C:\Users\Harris\Desktop\Unity Project's\Coin-Game-Ludificor\Coin Machine Game\Library\ScriptAssemblies\Unity.CollabProxy.Editor.dll
Symbol file LoadedFromMemory is not a mono symbol file
Symbol file data-000002A9B3B2A930 doesn't match image C:\Users\Harris\Desktop\Unity Project's\Coin-Game-Ludificor\Coin Machine Game\Library\ScriptAssemblies\Unity.Mathematics.Editor.dll
Symbol file LoadedFromMemory is not a mono symbol file
Symbol file data-000002A9B1411040 doesn't match image C:\Users\Harris\Desktop\Unity Project's\Coin-Game-Ludificor\Coin Machine Game\Library\ScriptAssemblies\Unity.RenderPipelines.Core.Editor.dll
Symbol file LoadedFromMemory is not a mono symbol file
Symbol file data-000002A9B7D6A6E0 doesn't match image C:\Users\Harris\Desktop\Unity Project's\Coin-Game-Ludificor\Coin Machine Game\Library\ScriptAssemblies\Unity.SysrootPackage.Editor.dll
Symbol file LoadedFromMemory is not a mono symbol file
Native extension for WindowsStandalone target not found
Refreshing native plugins compatible for Editor in 1.94 ms, found 2 plugins.
Preloading 0 native plugins for Editor in 0.00 ms.
Mono: successfully reloaded assembly
- Completed reload, in 10.426 seconds
Platform modules already initialized, skipping
Shader 'Universal Render Pipeline/Particles/Lit': fallback shader 'Universal Render Pipeline/Particles/SimpleLit' not found
Refreshing native plugins compatible for Editor in 5.03 ms, found 2 plugins.
Preloading 0 native plugins for Editor in 0.00 ms.
Unloading 2647 Unused Serialized files (Serialized files now loaded: 0)
System memory in use before: 209.1 MB.
System memory in use after: 209.4 MB.

Unloading 24 unused Assets to reduce memory usage. Loaded Objects now: 3281.
Total: 509.190900 ms (FindLiveObjects: 2.183200 ms CreateObjectMapping: 3.102400 ms MarkObjects: 503.613300 ms  DeleteObjects: 0.286400 ms)

AssetImportWorkerClient::OnTransportError - code=2 error=End of file
